Copyright 1986-2019 Xilinx, Inc. All Rights Reserved.
-----------------------------------------------------------------------------------------------------------
| Tool Version : Vivado v.2019.1 (win64) Build 2552052 Fri May 24 14:49:42 MDT 2019
| Date         : Fri Sep 13 21:57:25 2024
| Host         : DESKTOP-BA26H3B running 64-bit major release  (build 9200)
| Command      : report_utilization -file TOP_file_utilization_synth.rpt -pb TOP_file_utilization_synth.pb
| Design       : TOP_file
| Device       : xcku060ffva1517-2
| Design State : Synthesized
-----------------------------------------------------------------------------------------------------------

Utilization Design Information

Table of Contents
-----------------
1. CLB Logic
1.1 Summary of Registers by Type
2. BLOCKRAM
3. ARITHMETIC
4. I/O
5. CLOCK
6. ADVANCED
7. CONFIGURATION
8. Primitives
9. Black Boxes
10. Instantiated Netlists

1. CLB Logic
------------

+----------------------------+------+-------+-----------+-------+
|          Site Type         | Used | Fixed | Available | Util% |
+----------------------------+------+-------+-----------+-------+
| CLB LUTs*                  | 3046 |     0 |    331680 |  0.92 |
|   LUT as Logic             | 2986 |     0 |    331680 |  0.90 |
|   LUT as Memory            |   60 |     0 |    146880 |  0.04 |
|     LUT as Distributed RAM |   28 |     0 |           |       |
|     LUT as Shift Register  |   32 |     0 |           |       |
| CLB Registers              | 4491 |     0 |    663360 |  0.68 |
|   Register as Flip Flop    | 4491 |     0 |    663360 |  0.68 |
|   Register as Latch        |    0 |     0 |    663360 |  0.00 |
| CARRY8                     |  109 |     0 |     41460 |  0.26 |
| F7 Muxes                   |   75 |     0 |    165840 |  0.05 |
| F8 Muxes                   |   32 |     0 |     82920 |  0.04 |
| F9 Muxes                   |    0 |     0 |     41460 |  0.00 |
+----------------------------+------+-------+-----------+-------+
* Warning! The Final LUT count, after physical optimizations and full implementation, is typically lower. Run opt_design after synthesis, if not already completed, for a more realistic count.


1.1 Summary of Registers by Type
--------------------------------

+-------+--------------+-------------+--------------+
| Total | Clock Enable | Synchronous | Asynchronous |
+-------+--------------+-------------+--------------+
| 0     |            _ |           - |            - |
| 0     |            _ |           - |          Set |
| 0     |            _ |           - |        Reset |
| 0     |            _ |         Set |            - |
| 0     |            _ |       Reset |            - |
| 0     |          Yes |           - |            - |
| 135   |          Yes |           - |          Set |
| 895   |          Yes |           - |        Reset |
| 118   |          Yes |         Set |            - |
| 3343  |          Yes |       Reset |            - |
+-------+--------------+-------------+--------------+


2. BLOCKRAM
-----------

+-------------------+------+-------+-----------+-------+
|     Site Type     | Used | Fixed | Available | Util% |
+-------------------+------+-------+-----------+-------+
| Block RAM Tile    | 11.5 |     0 |      1080 |  1.06 |
|   RAMB36/FIFO*    |    9 |     0 |      1080 |  0.83 |
|     RAMB36E2 only |    9 |       |           |       |
|   RAMB18          |    5 |     0 |      2160 |  0.23 |
|     RAMB18E2 only |    5 |       |           |       |
+-------------------+------+-------+-----------+-------+
* Note: Each Block RAM Tile only has one FIFO logic available and therefore can accommodate only one FIFO36E2 or one FIFO18E2. However, if a FIFO18E2 occupies a Block RAM Tile, that tile can still accommodate a RAMB18E2


3. ARITHMETIC
-------------

+-----------+------+-------+-----------+-------+
| Site Type | Used | Fixed | Available | Util% |
+-----------+------+-------+-----------+-------+
| DSPs      |    0 |     0 |      2760 |  0.00 |
+-----------+------+-------+-----------+-------+


4. I/O
------

+------------+------+-------+-----------+-------+
|  Site Type | Used | Fixed | Available | Util% |
+------------+------+-------+-----------+-------+
| Bonded IOB |    4 |     0 |       624 |  0.64 |
+------------+------+-------+-----------+-------+


5. CLOCK
--------

+----------------------+------+-------+-----------+-------+
|       Site Type      | Used | Fixed | Available | Util% |
+----------------------+------+-------+-----------+-------+
| GLOBAL CLOCK BUFFERs |   10 |     0 |       624 |  1.60 |
|   BUFGCE             |    7 |     0 |       288 |  2.43 |
|   BUFGCE_DIV         |    0 |     0 |        48 |  0.00 |
|   BUFG_GT            |    3 |     0 |       192 |  1.56 |
|   BUFGCTRL*          |    0 |     0 |        96 |  0.00 |
| PLLE3_ADV            |    0 |     0 |        24 |  0.00 |
| MMCME3_ADV           |    0 |     0 |        12 |  0.00 |
+----------------------+------+-------+-----------+-------+
* Note: Each used BUFGCTRL counts as two GLOBAL CLOCK BUFFERs. This table does not include global clocking resources, only buffer cell usage. See the Clock Utilization Report (report_clock_utilization) for detailed accounting of global clocking resource availability.


6. ADVANCED
-----------

+-----------------+------+-------+-----------+-------+
|    Site Type    | Used | Fixed | Available | Util% |
+-----------------+------+-------+-----------+-------+
| GTHE3_CHANNEL   |    0 |     0 |        32 |  0.00 |
| GTHE3_COMMON    |    0 |     0 |         8 |  0.00 |
| IBUFDS_GTE3     |    1 |     0 |        16 |  6.25 |
| OBUFDS_GTE3     |    0 |     0 |        16 |  0.00 |
| OBUFDS_GTE3_ADV |    0 |     0 |        16 |  0.00 |
| PCIE_3_1        |    0 |     0 |         3 |  0.00 |
| SYSMONE1        |    0 |     0 |         1 |  0.00 |
+-----------------+------+-------+-----------+-------+


7. CONFIGURATION
----------------

+-------------+------+-------+-----------+-------+
|  Site Type  | Used | Fixed | Available | Util% |
+-------------+------+-------+-----------+-------+
| BSCANE2     |    0 |     0 |         4 |  0.00 |
| DNA_PORTE2  |    0 |     0 |         1 |  0.00 |
| EFUSE_USR   |    0 |     0 |         1 |  0.00 |
| FRAME_ECCE3 |    0 |     0 |         1 |  0.00 |
| ICAPE3      |    0 |     0 |         2 |  0.00 |
| MASTER_JTAG |    0 |     0 |         1 |  0.00 |
| STARTUPE3   |    0 |     0 |         1 |  0.00 |
+-------------+------+-------+-----------+-------+


8. Primitives
-------------

+--------------+------+---------------------+
|   Ref Name   | Used | Functional Category |
+--------------+------+---------------------+
| FDRE         | 3343 |            Register |
| LUT3         |  945 |                 CLB |
| FDCE         |  895 |            Register |
| LUT6         |  806 |                 CLB |
| LUT2         |  724 |                 CLB |
| LUT4         |  555 |                 CLB |
| LUT5         |  397 |                 CLB |
| LUT1         |  322 |                 CLB |
| FDPE         |  135 |            Register |
| FDSE         |  118 |            Register |
| CARRY8       |  109 |                 CLB |
| MUXF7        |   75 |                 CLB |
| SRL16E       |   32 |                 CLB |
| MUXF8        |   32 |                 CLB |
| RAMD32       |   20 |                 CLB |
| IDELAYE3     |   10 |                 I/O |
| RAMB36E2     |    9 |           Block Ram |
| RAMS32       |    8 |                 CLB |
| BUFGCE       |    7 |               Clock |
| RAMB18E2     |    5 |           Block Ram |
| BUFG_GT      |    3 |               Clock |
| OBUF         |    2 |                 I/O |
| IDELAYCTRL   |    1 |                 I/O |
| IBUFDS_GTE3  |    1 |            Advanced |
| IBUFCTRL     |    1 |              Others |
| DIFFINBUF    |    1 |                 I/O |
| BUFG_GT_SYNC |    1 |               Clock |
+--------------+------+---------------------+


9. Black Boxes
--------------

+------------------------+------+
|        Ref Name        | Used |
+------------------------+------+
| gig_ethernet_pcs_pma_0 |    1 |
| fifo_generator_0       |    1 |
| clk_wiz_0              |    1 |
+------------------------+------+


10. Instantiated Netlists
-------------------------

+-------------------------+------+
|         Ref Name        | Used |
+-------------------------+------+
| SiTCP_XCKU_32K_BBT_V110 |    1 |
+-------------------------+------+


