INFO: [VRFC 10-2263] Analyzing Verilog file "C:/Users/DELL/Desktop/mft_k7_project/8.7/project_1/project_1.sim/sim_1/impl/func/xsim/TOP_file_tb_func_impl.v" into library xil_defaultlib
INFO: [VRFC 10-311] analyzing module AT93C46IF
INFO: [VRFC 10-311] analyzing module BBT_SiTCP_RST
INFO: [VRFC 10-311] analyzing module BMEM_DP_OR
INFO: [VRFC 10-311] analyzing module BMEM_DP_OR_1
INFO: [VRFC 10-311] analyzing module BMEM_DP_OR_2
INFO: [VRFC 10-311] analyzing module BMEM_DP_OR__parameterized0
INFO: [VRFC 10-311] analyzing module BMEM_DP_OR__parameterized1
INFO: [VRFC 10-311] analyzing module BMEM_DP_OR__parameterized1_0
INFO: [VRFC 10-311] analyzing module BMEM_DP_OR__parameterized2
INFO: [VRFC 10-311] analyzing module DMEM_SP
INFO: [VRFC 10-311] analyzing module ECIF_RX
INFO: [VRFC 10-311] analyzing module ECIF_TX
INFO: [VRFC 10-311] analyzing module GMII
INFO: [VRFC 10-311] analyzing module GMII_RXBUF
INFO: [VRFC 10-311] analyzing module GMII_RXCNT
INFO: [VRFC 10-311] analyzing module GMII_TXBUF
INFO: [VRFC 10-311] analyzing module GMII_TXCNT
INFO: [VRFC 10-311] analyzing module MII_MIF
INFO: [VRFC 10-311] analyzing module SiTCP
INFO: [VRFC 10-311] analyzing module SiTCP_INT
INFO: [VRFC 10-311] analyzing module SiTCP_INT_CNTRL
INFO: [VRFC 10-311] analyzing module SiTCP_INT_DMAC
INFO: [VRFC 10-311] analyzing module SiTCP_INT_REG
INFO: [VRFC 10-311] analyzing module SiTCP_XCKU_32K_BBT_V110
INFO: [VRFC 10-311] analyzing module TCP
INFO: [VRFC 10-311] analyzing module TCP_MNGR
INFO: [VRFC 10-311] analyzing module TCP_PRE
INFO: [VRFC 10-311] analyzing module TCP_TXCNT
INFO: [VRFC 10-311] analyzing module TIMER
INFO: [VRFC 10-311] analyzing module TOP_file
INFO: [VRFC 10-311] analyzing module UDP
INFO: [VRFC 10-311] analyzing module UDP_LOC
INFO: [VRFC 10-311] analyzing module UDP_PRE
INFO: [VRFC 10-311] analyzing module WRAP_SiTCP_GMII_XCKU_32K
INFO: [VRFC 10-311] analyzing module blk_mem_gen_v8_4_3
INFO: [VRFC 10-311] analyzing module blk_mem_gen_v8_4_3_blk_mem_gen_generic_cstr
INFO: [VRFC 10-311] analyzing module blk_mem_gen_v8_4_3_blk_mem_gen_prim_width
INFO: [VRFC 10-311] analyzing module blk_mem_gen_v8_4_3_blk_mem_gen_prim_width__parameterized0
INFO: [VRFC 10-311] analyzing module blk_mem_gen_v8_4_3_blk_mem_gen_prim_wrapper
INFO: [VRFC 10-311] analyzing module blk_mem_gen_v8_4_3_blk_mem_gen_prim_wrapper__parameterized0
INFO: [VRFC 10-311] analyzing module blk_mem_gen_v8_4_3_blk_mem_gen_top
INFO: [VRFC 10-311] analyzing module blk_mem_gen_v8_4_3_synth
INFO: [VRFC 10-311] analyzing module clk_wiz_0
INFO: [VRFC 10-311] analyzing module clk_wiz_0_clk_wiz_0_clk_wiz
INFO: [VRFC 10-311] analyzing module clk_x_pntrs
INFO: [VRFC 10-311] analyzing module clk_x_pntrs_7
INFO: [VRFC 10-311] analyzing module dbg_hub
INFO: [VRFC 10-311] analyzing module dmem
INFO: [VRFC 10-311] analyzing module dmem_13
INFO: [VRFC 10-311] analyzing module fifio_gen
INFO: [VRFC 10-311] analyzing module fifo_generator_0
INFO: [VRFC 10-311] analyzing module fifo_generator_0_xpm_cdc_async_rst
INFO: [VRFC 10-311] analyzing module fifo_generator_0_xpm_cdc_async_rst__2
INFO: [VRFC 10-311] analyzing module fifo_generator_0_xpm_cdc_gray
INFO: [VRFC 10-311] analyzing module fifo_generator_0_xpm_cdc_gray__2
INFO: [VRFC 10-311] analyzing module fifo_generator_0_xpm_cdc_single
INFO: [VRFC 10-311] analyzing module fifo_generator_0_xpm_cdc_single__2
INFO: [VRFC 10-311] analyzing module fifo_generator_ramfifo
INFO: [VRFC 10-311] analyzing module fifo_generator_ramfifo__parameterized0
INFO: [VRFC 10-311] analyzing module fifo_generator_top
INFO: [VRFC 10-311] analyzing module fifo_generator_top__parameterized0
INFO: [VRFC 10-311] analyzing module fifo_generator_v13_1_4
INFO: [VRFC 10-311] analyzing module fifo_generator_v13_1_4__parameterized0
INFO: [VRFC 10-311] analyzing module fifo_generator_v13_1_4_synth
INFO: [VRFC 10-311] analyzing module fifo_generator_v13_1_4_synth__parameterized0
INFO: [VRFC 10-311] analyzing module gig_ethernet_pcs_pma_0
INFO: [VRFC 10-311] analyzing module gig_ethernet_pcs_pma_0__gig_ethernet_pcs_pma_0_block
INFO: [VRFC 10-311] analyzing module gig_ethernet_pcs_pma_0__gig_ethernet_pcs_pma_0_gt
INFO: [VRFC 10-311] analyzing module gig_ethernet_pcs_pma_0__gig_ethernet_pcs_pma_0_gt_gthe3_channel_wrapper
INFO: [VRFC 10-311] analyzing module gig_ethernet_pcs_pma_0__gig_ethernet_pcs_pma_0_gt_gtwizard_gthe3
INFO: [VRFC 10-311] analyzing module gig_ethernet_pcs_pma_0__gig_ethernet_pcs_pma_0_gt_gtwizard_top
INFO: [VRFC 10-311] analyzing module gig_ethernet_pcs_pma_0__gig_ethernet_pcs_pma_0_reset_sync
INFO: [VRFC 10-311] analyzing module gig_ethernet_pcs_pma_0__gig_ethernet_pcs_pma_0_sync_block
INFO: [VRFC 10-311] analyzing module gig_ethernet_pcs_pma_0__gig_ethernet_pcs_pma_0_transceiver
INFO: [VRFC 10-311] analyzing module gig_ethernet_pcs_pma_0__gtwizard_ultrascale_v1_7_6_bit_synchronizer
INFO: [VRFC 10-311] analyzing module gig_ethernet_pcs_pma_0__gtwizard_ultrascale_v1_7_6_bit_synchronizer_0
INFO: [VRFC 10-311] analyzing module gig_ethernet_pcs_pma_0__gtwizard_ultrascale_v1_7_6_bit_synchronizer_1
INFO: [VRFC 10-311] analyzing module gig_ethernet_pcs_pma_0__gtwizard_ultrascale_v1_7_6_bit_synchronizer_10
INFO: [VRFC 10-311] analyzing module gig_ethernet_pcs_pma_0__gtwizard_ultrascale_v1_7_6_bit_synchronizer_2
INFO: [VRFC 10-311] analyzing module gig_ethernet_pcs_pma_0__gtwizard_ultrascale_v1_7_6_bit_synchronizer_3
INFO: [VRFC 10-311] analyzing module gig_ethernet_pcs_pma_0__gtwizard_ultrascale_v1_7_6_bit_synchronizer_4
INFO: [VRFC 10-311] analyzing module gig_ethernet_pcs_pma_0__gtwizard_ultrascale_v1_7_6_bit_synchronizer_5
INFO: [VRFC 10-311] analyzing module gig_ethernet_pcs_pma_0__gtwizard_ultrascale_v1_7_6_bit_synchronizer_6
INFO: [VRFC 10-311] analyzing module gig_ethernet_pcs_pma_0__gtwizard_ultrascale_v1_7_6_bit_synchronizer_7
INFO: [VRFC 10-311] analyzing module gig_ethernet_pcs_pma_0__gtwizard_ultrascale_v1_7_6_bit_synchronizer_8
INFO: [VRFC 10-311] analyzing module gig_ethernet_pcs_pma_0__gtwizard_ultrascale_v1_7_6_bit_synchronizer_9
INFO: [VRFC 10-311] analyzing module gig_ethernet_pcs_pma_0__gtwizard_ultrascale_v1_7_6_gthe3_channel
INFO: [VRFC 10-311] analyzing module gig_ethernet_pcs_pma_0__gtwizard_ultrascale_v1_7_6_gtwiz_reset
INFO: [VRFC 10-311] analyzing module gig_ethernet_pcs_pma_0__gtwizard_ultrascale_v1_7_6_reset_inv_synchronizer
INFO: [VRFC 10-311] analyzing module gig_ethernet_pcs_pma_0__gtwizard_ultrascale_v1_7_6_reset_inv_synchronizer_17
INFO: [VRFC 10-311] analyzing module gig_ethernet_pcs_pma_0__gtwizard_ultrascale_v1_7_6_reset_synchronizer
INFO: [VRFC 10-311] analyzing module gig_ethernet_pcs_pma_0__gtwizard_ultrascale_v1_7_6_reset_synchronizer_11
INFO: [VRFC 10-311] analyzing module gig_ethernet_pcs_pma_0__gtwizard_ultrascale_v1_7_6_reset_synchronizer_12
INFO: [VRFC 10-311] analyzing module gig_ethernet_pcs_pma_0__gtwizard_ultrascale_v1_7_6_reset_synchronizer_13
INFO: [VRFC 10-311] analyzing module gig_ethernet_pcs_pma_0__gtwizard_ultrascale_v1_7_6_reset_synchronizer_14
INFO: [VRFC 10-311] analyzing module gig_ethernet_pcs_pma_0__gtwizard_ultrascale_v1_7_6_reset_synchronizer_15
INFO: [VRFC 10-311] analyzing module gig_ethernet_pcs_pma_0__gtwizard_ultrascale_v1_7_6_reset_synchronizer_16
INFO: [VRFC 10-311] analyzing module gig_ethernet_pcs_pma_0__gtwizard_ultrascale_v1_7_6_reset_synchronizer_18
INFO: [VRFC 10-311] analyzing module gig_ethernet_pcs_pma_0_clocking
INFO: [VRFC 10-311] analyzing module gig_ethernet_pcs_pma_0_example_design
INFO: [VRFC 10-311] analyzing module gig_ethernet_pcs_pma_0_reset_sync_ex
INFO: [VRFC 10-311] analyzing module gig_ethernet_pcs_pma_0_reset_sync_ex_0
INFO: [VRFC 10-311] analyzing module gig_ethernet_pcs_pma_0_reset_sync_ex_1
INFO: [VRFC 10-311] analyzing module gig_ethernet_pcs_pma_0_resets
INFO: [VRFC 10-311] analyzing module gig_ethernet_pcs_pma_0_support
INFO: [VRFC 10-311] analyzing module gig_ethernet_pcs_pma_0_sync_block_ex
INFO: [VRFC 10-311] analyzing module gig_ethernet_pcs_pma_0_sync_block_ex_2
INFO: [VRFC 10-311] analyzing module gig_ethernet_pcs_pma_0_sync_block_ex_3
INFO: [VRFC 10-311] analyzing module gig_ethernet_pcs_pma_0_sync_block_ex_4
INFO: [VRFC 10-311] analyzing module gig_ethernet_pcs_pma_0_sync_block_ex_5
INFO: [VRFC 10-311] analyzing module gig_ethernet_pcs_pma_0_sync_block_ex_6
INFO: [VRFC 10-311] analyzing module gig_ethernet_pcs_pma_0_sync_block_ex_7
INFO: [VRFC 10-311] analyzing module gig_ethernet_pcs_pma_0_sync_block_ex_8
INFO: [VRFC 10-311] analyzing module gig_ethernet_pcs_pma_0_tx_elastic_buffer
INFO: [VRFC 10-311] analyzing module ila_v6_2_9_generic_counter
INFO: [VRFC 10-311] analyzing module ila_v6_2_9_generic_counter__1
INFO: [VRFC 10-311] analyzing module ila_v6_2_9_generic_counter__2
INFO: [VRFC 10-311] analyzing module ila_v6_2_9_generic_counter__3
INFO: [VRFC 10-311] analyzing module ila_v6_2_9_ila
INFO: [VRFC 10-311] analyzing module ila_v6_2_9_ila_adv_trigger_sequencer
INFO: [VRFC 10-311] analyzing module ila_v6_2_9_ila_cap_addrgen
INFO: [VRFC 10-311] analyzing module ila_v6_2_9_ila_cap_ctrl_legacy
INFO: [VRFC 10-311] analyzing module ila_v6_2_9_ila_cap_sample_counter
INFO: [VRFC 10-311] analyzing module ila_v6_2_9_ila_cap_window_counter
INFO: [VRFC 10-311] analyzing module ila_v6_2_9_ila_core
INFO: [VRFC 10-311] analyzing module ila_v6_2_9_ila_counter
INFO: [VRFC 10-311] analyzing module ila_v6_2_9_ila_fsm_memory_read
INFO: [VRFC 10-311] analyzing module ila_v6_2_9_ila_register
INFO: [VRFC 10-311] analyzing module ila_v6_2_9_ila_reset_ctrl
INFO: [VRFC 10-311] analyzing module ila_v6_2_9_ila_trace_memory
INFO: [VRFC 10-311] analyzing module ila_v6_2_9_ila_trig_match
INFO: [VRFC 10-311] analyzing module ila_v6_2_9_ila_trigger
INFO: [VRFC 10-311] analyzing module ltlib_v1_0_0_all_typeA
INFO: [VRFC 10-311] analyzing module ltlib_v1_0_0_all_typeA_376
INFO: [VRFC 10-311] analyzing module ltlib_v1_0_0_all_typeA_389
INFO: [VRFC 10-311] analyzing module ltlib_v1_0_0_all_typeA_402
INFO: [VRFC 10-311] analyzing module ltlib_v1_0_0_all_typeA_415
INFO: [VRFC 10-311] analyzing module ltlib_v1_0_0_all_typeA_428
INFO: [VRFC 10-311] analyzing module ltlib_v1_0_0_all_typeA_441
INFO: [VRFC 10-311] analyzing module ltlib_v1_0_0_all_typeA_454
INFO: [VRFC 10-311] analyzing module ltlib_v1_0_0_all_typeA_467
INFO: [VRFC 10-311] analyzing module ltlib_v1_0_0_all_typeA_480
INFO: [VRFC 10-311] analyzing module ltlib_v1_0_0_all_typeA_493
INFO: [VRFC 10-311] analyzing module ltlib_v1_0_0_all_typeA_506
INFO: [VRFC 10-311] analyzing module ltlib_v1_0_0_all_typeA_519
INFO: [VRFC 10-311] analyzing module ltlib_v1_0_0_all_typeA_532
INFO: [VRFC 10-311] analyzing module ltlib_v1_0_0_all_typeA_545
INFO: [VRFC 10-311] analyzing module ltlib_v1_0_0_all_typeA_558
INFO: [VRFC 10-311] analyzing module ltlib_v1_0_0_all_typeA_571
INFO: [VRFC 10-311] analyzing module ltlib_v1_0_0_all_typeA_584
INFO: [VRFC 10-311] analyzing module ltlib_v1_0_0_all_typeA_597
INFO: [VRFC 10-311] analyzing module ltlib_v1_0_0_all_typeA_610
INFO: [VRFC 10-311] analyzing module ltlib_v1_0_0_all_typeA_623
INFO: [VRFC 10-311] analyzing module ltlib_v1_0_0_all_typeA_636
INFO: [VRFC 10-311] analyzing module ltlib_v1_0_0_all_typeA_649
INFO: [VRFC 10-311] analyzing module ltlib_v1_0_0_all_typeA_662
INFO: [VRFC 10-311] analyzing module ltlib_v1_0_0_all_typeA_675
INFO: [VRFC 10-311] analyzing module ltlib_v1_0_0_all_typeA_688
INFO: [VRFC 10-311] analyzing module ltlib_v1_0_0_all_typeA_701
INFO: [VRFC 10-311] analyzing module ltlib_v1_0_0_all_typeA_714
INFO: [VRFC 10-311] analyzing module ltlib_v1_0_0_all_typeA_727
INFO: [VRFC 10-311] analyzing module ltlib_v1_0_0_all_typeA_740
INFO: [VRFC 10-311] analyzing module ltlib_v1_0_0_all_typeA_753
INFO: [VRFC 10-311] analyzing module ltlib_v1_0_0_all_typeA_766
INFO: [VRFC 10-311] analyzing module ltlib_v1_0_0_all_typeA_779
INFO: [VRFC 10-311] analyzing module ltlib_v1_0_0_all_typeA__parameterized0
INFO: [VRFC 10-311] analyzing module ltlib_v1_0_0_all_typeA__parameterized0_289
INFO: [VRFC 10-311] analyzing module ltlib_v1_0_0_all_typeA__parameterized0_323
INFO: [VRFC 10-311] analyzing module ltlib_v1_0_0_all_typeA__parameterized0_327
INFO: [VRFC 10-311] analyzing module ltlib_v1_0_0_all_typeA__parameterized0_331
INFO: [VRFC 10-311] analyzing module ltlib_v1_0_0_all_typeA__parameterized0_335
INFO: [VRFC 10-311] analyzing module ltlib_v1_0_0_all_typeA__parameterized0_339
INFO: [VRFC 10-311] analyzing module ltlib_v1_0_0_all_typeA__parameterized0_361
INFO: [VRFC 10-311] analyzing module ltlib_v1_0_0_all_typeA__parameterized1
INFO: [VRFC 10-311] analyzing module ltlib_v1_0_0_all_typeA__parameterized1_113
INFO: [VRFC 10-311] analyzing module ltlib_v1_0_0_all_typeA__parameterized1_115
INFO: [VRFC 10-311] analyzing module ltlib_v1_0_0_all_typeA__parameterized1_118
INFO: [VRFC 10-311] analyzing module ltlib_v1_0_0_all_typeA__parameterized1_121
INFO: [VRFC 10-311] analyzing module ltlib_v1_0_0_all_typeA__parameterized1_124
INFO: [VRFC 10-311] analyzing module ltlib_v1_0_0_all_typeA__parameterized1_126
INFO: [VRFC 10-311] analyzing module ltlib_v1_0_0_all_typeA__parameterized1_129
INFO: [VRFC 10-311] analyzing module ltlib_v1_0_0_all_typeA__parameterized1_132
INFO: [VRFC 10-311] analyzing module ltlib_v1_0_0_all_typeA__parameterized1_135
INFO: [VRFC 10-311] analyzing module ltlib_v1_0_0_all_typeA__parameterized1_138
INFO: [VRFC 10-311] analyzing module ltlib_v1_0_0_all_typeA__parameterized1_141
INFO: [VRFC 10-311] analyzing module ltlib_v1_0_0_all_typeA__parameterized1_144
INFO: [VRFC 10-311] analyzing module ltlib_v1_0_0_all_typeA__parameterized1_147
INFO: [VRFC 10-311] analyzing module ltlib_v1_0_0_all_typeA__parameterized1_150
INFO: [VRFC 10-311] analyzing module ltlib_v1_0_0_all_typeA__parameterized1_153
INFO: [VRFC 10-311] analyzing module ltlib_v1_0_0_all_typeA__parameterized1_156
INFO: [VRFC 10-311] analyzing module ltlib_v1_0_0_all_typeA__parameterized1_159
INFO: [VRFC 10-311] analyzing module ltlib_v1_0_0_all_typeA__parameterized1_162
INFO: [VRFC 10-311] analyzing module ltlib_v1_0_0_all_typeA__parameterized1_165
INFO: [VRFC 10-311] analyzing module ltlib_v1_0_0_all_typeA__parameterized1_168
INFO: [VRFC 10-311] analyzing module ltlib_v1_0_0_all_typeA__parameterized1_171
INFO: [VRFC 10-311] analyzing module ltlib_v1_0_0_all_typeA__parameterized1_174
INFO: [VRFC 10-311] analyzing module ltlib_v1_0_0_all_typeA__parameterized1_177
INFO: [VRFC 10-311] analyzing module ltlib_v1_0_0_all_typeA__parameterized1_180
INFO: [VRFC 10-311] analyzing module ltlib_v1_0_0_all_typeA__parameterized1_183
INFO: [VRFC 10-311] analyzing module ltlib_v1_0_0_all_typeA__parameterized1_186
INFO: [VRFC 10-311] analyzing module ltlib_v1_0_0_all_typeA__parameterized1_189
INFO: [VRFC 10-311] analyzing module ltlib_v1_0_0_all_typeA__parameterized1_192
INFO: [VRFC 10-311] analyzing module ltlib_v1_0_0_all_typeA__parameterized1_195
INFO: [VRFC 10-311] analyzing module ltlib_v1_0_0_all_typeA__parameterized1_198
INFO: [VRFC 10-311] analyzing module ltlib_v1_0_0_all_typeA__parameterized1_201
INFO: [VRFC 10-311] analyzing module ltlib_v1_0_0_all_typeA__parameterized1_204
INFO: [VRFC 10-311] analyzing module ltlib_v1_0_0_all_typeA__parameterized1_207
INFO: [VRFC 10-311] analyzing module ltlib_v1_0_0_all_typeA__parameterized1_210
INFO: [VRFC 10-311] analyzing module ltlib_v1_0_0_all_typeA__parameterized1_213
INFO: [VRFC 10-311] analyzing module ltlib_v1_0_0_all_typeA__parameterized1_216
INFO: [VRFC 10-311] analyzing module ltlib_v1_0_0_all_typeA__parameterized1_219
INFO: [VRFC 10-311] analyzing module ltlib_v1_0_0_all_typeA__parameterized1_222
INFO: [VRFC 10-311] analyzing module ltlib_v1_0_0_all_typeA__parameterized1_225
INFO: [VRFC 10-311] analyzing module ltlib_v1_0_0_all_typeA__parameterized1_228
INFO: [VRFC 10-311] analyzing module ltlib_v1_0_0_all_typeA__parameterized1_231
INFO: [VRFC 10-311] analyzing module ltlib_v1_0_0_all_typeA__parameterized1_234
INFO: [VRFC 10-311] analyzing module ltlib_v1_0_0_all_typeA__parameterized1_237
INFO: [VRFC 10-311] analyzing module ltlib_v1_0_0_all_typeA__parameterized1_240
INFO: [VRFC 10-311] analyzing module ltlib_v1_0_0_all_typeA__parameterized1_243
INFO: [VRFC 10-311] analyzing module ltlib_v1_0_0_all_typeA__parameterized1_246
INFO: [VRFC 10-311] analyzing module ltlib_v1_0_0_all_typeA__parameterized1_249
INFO: [VRFC 10-311] analyzing module ltlib_v1_0_0_all_typeA__parameterized1_252
INFO: [VRFC 10-311] analyzing module ltlib_v1_0_0_all_typeA__parameterized1_255
INFO: [VRFC 10-311] analyzing module ltlib_v1_0_0_all_typeA__parameterized1_259
INFO: [VRFC 10-311] analyzing module ltlib_v1_0_0_all_typeA__parameterized1_262
INFO: [VRFC 10-311] analyzing module ltlib_v1_0_0_all_typeA__parameterized1_265
INFO: [VRFC 10-311] analyzing module ltlib_v1_0_0_all_typeA__parameterized1_268
INFO: [VRFC 10-311] analyzing module ltlib_v1_0_0_all_typeA__parameterized1_271
INFO: [VRFC 10-311] analyzing module ltlib_v1_0_0_all_typeA__parameterized1_274
INFO: [VRFC 10-311] analyzing module ltlib_v1_0_0_all_typeA__parameterized1_277
INFO: [VRFC 10-311] analyzing module ltlib_v1_0_0_all_typeA__parameterized1_280
INFO: [VRFC 10-311] analyzing module ltlib_v1_0_0_all_typeA__parameterized1_283
INFO: [VRFC 10-311] analyzing module ltlib_v1_0_0_all_typeA__parameterized1_286
INFO: [VRFC 10-311] analyzing module ltlib_v1_0_0_all_typeA__parameterized1_293
INFO: [VRFC 10-311] analyzing module ltlib_v1_0_0_all_typeA__parameterized1_296
INFO: [VRFC 10-311] analyzing module ltlib_v1_0_0_all_typeA__parameterized1_299
INFO: [VRFC 10-311] analyzing module ltlib_v1_0_0_all_typeA__parameterized1_302
INFO: [VRFC 10-311] analyzing module ltlib_v1_0_0_all_typeA__parameterized1_305
INFO: [VRFC 10-311] analyzing module ltlib_v1_0_0_all_typeA__parameterized1_308
INFO: [VRFC 10-311] analyzing module ltlib_v1_0_0_all_typeA__parameterized1_311
INFO: [VRFC 10-311] analyzing module ltlib_v1_0_0_all_typeA__parameterized1_314
INFO: [VRFC 10-311] analyzing module ltlib_v1_0_0_all_typeA__parameterized1_317
INFO: [VRFC 10-311] analyzing module ltlib_v1_0_0_all_typeA__parameterized1_320
INFO: [VRFC 10-311] analyzing module ltlib_v1_0_0_all_typeA__parameterized1_343
INFO: [VRFC 10-311] analyzing module ltlib_v1_0_0_all_typeA__parameterized1_346
INFO: [VRFC 10-311] analyzing module ltlib_v1_0_0_all_typeA__parameterized1_349
INFO: [VRFC 10-311] analyzing module ltlib_v1_0_0_all_typeA__parameterized1_352
INFO: [VRFC 10-311] analyzing module ltlib_v1_0_0_all_typeA__parameterized1_355
INFO: [VRFC 10-311] analyzing module ltlib_v1_0_0_all_typeA__parameterized1_358
INFO: [VRFC 10-311] analyzing module ltlib_v1_0_0_all_typeA__parameterized2
INFO: [VRFC 10-311] analyzing module ltlib_v1_0_0_all_typeA__parameterized2_819
INFO: [VRFC 10-311] analyzing module ltlib_v1_0_0_all_typeA__parameterized2_827
INFO: [VRFC 10-311] analyzing module ltlib_v1_0_0_all_typeA_slice
INFO: [VRFC 10-311] analyzing module ltlib_v1_0_0_all_typeA_slice_290
INFO: [VRFC 10-311] analyzing module ltlib_v1_0_0_all_typeA_slice_324
INFO: [VRFC 10-311] analyzing module ltlib_v1_0_0_all_typeA_slice_328
INFO: [VRFC 10-311] analyzing module ltlib_v1_0_0_all_typeA_slice_332
INFO: [VRFC 10-311] analyzing module ltlib_v1_0_0_all_typeA_slice_336
INFO: [VRFC 10-311] analyzing module ltlib_v1_0_0_all_typeA_slice_340
INFO: [VRFC 10-311] analyzing module ltlib_v1_0_0_all_typeA_slice_362
INFO: [VRFC 10-311] analyzing module ltlib_v1_0_0_all_typeA_slice_364
INFO: [VRFC 10-311] analyzing module ltlib_v1_0_0_all_typeA_slice_366
INFO: [VRFC 10-311] analyzing module ltlib_v1_0_0_all_typeA_slice_367
INFO: [VRFC 10-311] analyzing module ltlib_v1_0_0_all_typeA_slice_368
INFO: [VRFC 10-311] analyzing module ltlib_v1_0_0_all_typeA_slice_369
INFO: [VRFC 10-311] analyzing module ltlib_v1_0_0_all_typeA_slice_370
INFO: [VRFC 10-311] analyzing module ltlib_v1_0_0_all_typeA_slice_371
INFO: [VRFC 10-311] analyzing module ltlib_v1_0_0_all_typeA_slice_372
INFO: [VRFC 10-311] analyzing module ltlib_v1_0_0_all_typeA_slice_373
INFO: [VRFC 10-311] analyzing module ltlib_v1_0_0_all_typeA_slice_374
INFO: [VRFC 10-311] analyzing module ltlib_v1_0_0_all_typeA_slice_377
INFO: [VRFC 10-311] analyzing module ltlib_v1_0_0_all_typeA_slice_379
INFO: [VRFC 10-311] analyzing module ltlib_v1_0_0_all_typeA_slice_380
INFO: [VRFC 10-311] analyzing module ltlib_v1_0_0_all_typeA_slice_381
INFO: [VRFC 10-311] analyzing module ltlib_v1_0_0_all_typeA_slice_382
INFO: [VRFC 10-311] analyzing module ltlib_v1_0_0_all_typeA_slice_383
INFO: [VRFC 10-311] analyzing module ltlib_v1_0_0_all_typeA_slice_384
INFO: [VRFC 10-311] analyzing module ltlib_v1_0_0_all_typeA_slice_385
INFO: [VRFC 10-311] analyzing module ltlib_v1_0_0_all_typeA_slice_386
INFO: [VRFC 10-311] analyzing module ltlib_v1_0_0_all_typeA_slice_387
INFO: [VRFC 10-311] analyzing module ltlib_v1_0_0_all_typeA_slice_390
INFO: [VRFC 10-311] analyzing module ltlib_v1_0_0_all_typeA_slice_392
INFO: [VRFC 10-311] analyzing module ltlib_v1_0_0_all_typeA_slice_393
INFO: [VRFC 10-311] analyzing module ltlib_v1_0_0_all_typeA_slice_394
INFO: [VRFC 10-311] analyzing module ltlib_v1_0_0_all_typeA_slice_395
INFO: [VRFC 10-311] analyzing module ltlib_v1_0_0_all_typeA_slice_396
INFO: [VRFC 10-311] analyzing module ltlib_v1_0_0_all_typeA_slice_397
INFO: [VRFC 10-311] analyzing module ltlib_v1_0_0_all_typeA_slice_398
INFO: [VRFC 10-311] analyzing module ltlib_v1_0_0_all_typeA_slice_399
INFO: [VRFC 10-311] analyzing module ltlib_v1_0_0_all_typeA_slice_400
INFO: [VRFC 10-311] analyzing module ltlib_v1_0_0_all_typeA_slice_403
INFO: [VRFC 10-311] analyzing module ltlib_v1_0_0_all_typeA_slice_405
INFO: [VRFC 10-311] analyzing module ltlib_v1_0_0_all_typeA_slice_406
INFO: [VRFC 10-311] analyzing module ltlib_v1_0_0_all_typeA_slice_407
INFO: [VRFC 10-311] analyzing module ltlib_v1_0_0_all_typeA_slice_408
INFO: [VRFC 10-311] analyzing module ltlib_v1_0_0_all_typeA_slice_409
INFO: [VRFC 10-311] analyzing module ltlib_v1_0_0_all_typeA_slice_410
INFO: [VRFC 10-311] analyzing module ltlib_v1_0_0_all_typeA_slice_411
INFO: [VRFC 10-311] analyzing module ltlib_v1_0_0_all_typeA_slice_412
INFO: [VRFC 10-311] analyzing module ltlib_v1_0_0_all_typeA_slice_413
INFO: [VRFC 10-311] analyzing module ltlib_v1_0_0_all_typeA_slice_416
INFO: [VRFC 10-311] analyzing module ltlib_v1_0_0_all_typeA_slice_418
INFO: [VRFC 10-311] analyzing module ltlib_v1_0_0_all_typeA_slice_419
INFO: [VRFC 10-311] analyzing module ltlib_v1_0_0_all_typeA_slice_420
INFO: [VRFC 10-311] analyzing module ltlib_v1_0_0_all_typeA_slice_421
INFO: [VRFC 10-311] analyzing module ltlib_v1_0_0_all_typeA_slice_422
INFO: [VRFC 10-311] analyzing module ltlib_v1_0_0_all_typeA_slice_423
INFO: [VRFC 10-311] analyzing module ltlib_v1_0_0_all_typeA_slice_424
INFO: [VRFC 10-311] analyzing module ltlib_v1_0_0_all_typeA_slice_425
INFO: [VRFC 10-311] analyzing module ltlib_v1_0_0_all_typeA_slice_426
INFO: [VRFC 10-311] analyzing module ltlib_v1_0_0_all_typeA_slice_429
INFO: [VRFC 10-311] analyzing module ltlib_v1_0_0_all_typeA_slice_431
INFO: [VRFC 10-311] analyzing module ltlib_v1_0_0_all_typeA_slice_432
INFO: [VRFC 10-311] analyzing module ltlib_v1_0_0_all_typeA_slice_433
INFO: [VRFC 10-311] analyzing module ltlib_v1_0_0_all_typeA_slice_434
INFO: [VRFC 10-311] analyzing module ltlib_v1_0_0_all_typeA_slice_435
INFO: [VRFC 10-311] analyzing module ltlib_v1_0_0_all_typeA_slice_436
INFO: [VRFC 10-311] analyzing module ltlib_v1_0_0_all_typeA_slice_437
INFO: [VRFC 10-311] analyzing module ltlib_v1_0_0_all_typeA_slice_438
INFO: [VRFC 10-311] analyzing module ltlib_v1_0_0_all_typeA_slice_439
INFO: [VRFC 10-311] analyzing module ltlib_v1_0_0_all_typeA_slice_442
INFO: [VRFC 10-311] analyzing module ltlib_v1_0_0_all_typeA_slice_444
INFO: [VRFC 10-311] analyzing module ltlib_v1_0_0_all_typeA_slice_445
INFO: [VRFC 10-311] analyzing module ltlib_v1_0_0_all_typeA_slice_446
INFO: [VRFC 10-311] analyzing module ltlib_v1_0_0_all_typeA_slice_447
INFO: [VRFC 10-311] analyzing module ltlib_v1_0_0_all_typeA_slice_448
INFO: [VRFC 10-311] analyzing module ltlib_v1_0_0_all_typeA_slice_449
INFO: [VRFC 10-311] analyzing module ltlib_v1_0_0_all_typeA_slice_450
INFO: [VRFC 10-311] analyzing module ltlib_v1_0_0_all_typeA_slice_451
INFO: [VRFC 10-311] analyzing module ltlib_v1_0_0_all_typeA_slice_452
INFO: [VRFC 10-311] analyzing module ltlib_v1_0_0_all_typeA_slice_455
INFO: [VRFC 10-311] analyzing module ltlib_v1_0_0_all_typeA_slice_457
INFO: [VRFC 10-311] analyzing module ltlib_v1_0_0_all_typeA_slice_458
INFO: [VRFC 10-311] analyzing module ltlib_v1_0_0_all_typeA_slice_459
INFO: [VRFC 10-311] analyzing module ltlib_v1_0_0_all_typeA_slice_460
INFO: [VRFC 10-311] analyzing module ltlib_v1_0_0_all_typeA_slice_461
INFO: [VRFC 10-311] analyzing module ltlib_v1_0_0_all_typeA_slice_462
INFO: [VRFC 10-311] analyzing module ltlib_v1_0_0_all_typeA_slice_463
INFO: [VRFC 10-311] analyzing module ltlib_v1_0_0_all_typeA_slice_464
INFO: [VRFC 10-311] analyzing module ltlib_v1_0_0_all_typeA_slice_465
INFO: [VRFC 10-311] analyzing module ltlib_v1_0_0_all_typeA_slice_468
INFO: [VRFC 10-311] analyzing module ltlib_v1_0_0_all_typeA_slice_470
INFO: [VRFC 10-311] analyzing module ltlib_v1_0_0_all_typeA_slice_471
INFO: [VRFC 10-311] analyzing module ltlib_v1_0_0_all_typeA_slice_472
INFO: [VRFC 10-311] analyzing module ltlib_v1_0_0_all_typeA_slice_473
INFO: [VRFC 10-311] analyzing module ltlib_v1_0_0_all_typeA_slice_474
INFO: [VRFC 10-311] analyzing module ltlib_v1_0_0_all_typeA_slice_475
INFO: [VRFC 10-311] analyzing module ltlib_v1_0_0_all_typeA_slice_476
INFO: [VRFC 10-311] analyzing module ltlib_v1_0_0_all_typeA_slice_477
INFO: [VRFC 10-311] analyzing module ltlib_v1_0_0_all_typeA_slice_478
INFO: [VRFC 10-311] analyzing module ltlib_v1_0_0_all_typeA_slice_481
INFO: [VRFC 10-311] analyzing module ltlib_v1_0_0_all_typeA_slice_483
INFO: [VRFC 10-311] analyzing module ltlib_v1_0_0_all_typeA_slice_484
INFO: [VRFC 10-311] analyzing module ltlib_v1_0_0_all_typeA_slice_485
INFO: [VRFC 10-311] analyzing module ltlib_v1_0_0_all_typeA_slice_486
INFO: [VRFC 10-311] analyzing module ltlib_v1_0_0_all_typeA_slice_487
INFO: [VRFC 10-311] analyzing module ltlib_v1_0_0_all_typeA_slice_488
INFO: [VRFC 10-311] analyzing module ltlib_v1_0_0_all_typeA_slice_489
INFO: [VRFC 10-311] analyzing module ltlib_v1_0_0_all_typeA_slice_490
INFO: [VRFC 10-311] analyzing module ltlib_v1_0_0_all_typeA_slice_491
INFO: [VRFC 10-311] analyzing module ltlib_v1_0_0_all_typeA_slice_494
INFO: [VRFC 10-311] analyzing module ltlib_v1_0_0_all_typeA_slice_496
INFO: [VRFC 10-311] analyzing module ltlib_v1_0_0_all_typeA_slice_497
INFO: [VRFC 10-311] analyzing module ltlib_v1_0_0_all_typeA_slice_498
INFO: [VRFC 10-311] analyzing module ltlib_v1_0_0_all_typeA_slice_499
INFO: [VRFC 10-311] analyzing module ltlib_v1_0_0_all_typeA_slice_500
INFO: [VRFC 10-311] analyzing module ltlib_v1_0_0_all_typeA_slice_501
INFO: [VRFC 10-311] analyzing module ltlib_v1_0_0_all_typeA_slice_502
INFO: [VRFC 10-311] analyzing module ltlib_v1_0_0_all_typeA_slice_503
INFO: [VRFC 10-311] analyzing module ltlib_v1_0_0_all_typeA_slice_504
INFO: [VRFC 10-311] analyzing module ltlib_v1_0_0_all_typeA_slice_507
INFO: [VRFC 10-311] analyzing module ltlib_v1_0_0_all_typeA_slice_509
INFO: [VRFC 10-311] analyzing module ltlib_v1_0_0_all_typeA_slice_510
INFO: [VRFC 10-311] analyzing module ltlib_v1_0_0_all_typeA_slice_511
INFO: [VRFC 10-311] analyzing module ltlib_v1_0_0_all_typeA_slice_512
INFO: [VRFC 10-311] analyzing module ltlib_v1_0_0_all_typeA_slice_513
INFO: [VRFC 10-311] analyzing module ltlib_v1_0_0_all_typeA_slice_514
INFO: [VRFC 10-311] analyzing module ltlib_v1_0_0_all_typeA_slice_515
INFO: [VRFC 10-311] analyzing module ltlib_v1_0_0_all_typeA_slice_516
INFO: [VRFC 10-311] analyzing module ltlib_v1_0_0_all_typeA_slice_517
INFO: [VRFC 10-311] analyzing module ltlib_v1_0_0_all_typeA_slice_520
INFO: [VRFC 10-311] analyzing module ltlib_v1_0_0_all_typeA_slice_522
INFO: [VRFC 10-311] analyzing module ltlib_v1_0_0_all_typeA_slice_523
INFO: [VRFC 10-311] analyzing module ltlib_v1_0_0_all_typeA_slice_524
INFO: [VRFC 10-311] analyzing module ltlib_v1_0_0_all_typeA_slice_525
INFO: [VRFC 10-311] analyzing module ltlib_v1_0_0_all_typeA_slice_526
INFO: [VRFC 10-311] analyzing module ltlib_v1_0_0_all_typeA_slice_527
INFO: [VRFC 10-311] analyzing module ltlib_v1_0_0_all_typeA_slice_528
INFO: [VRFC 10-311] analyzing module ltlib_v1_0_0_all_typeA_slice_529
INFO: [VRFC 10-311] analyzing module ltlib_v1_0_0_all_typeA_slice_530
INFO: [VRFC 10-311] analyzing module ltlib_v1_0_0_all_typeA_slice_533
INFO: [VRFC 10-311] analyzing module ltlib_v1_0_0_all_typeA_slice_535
INFO: [VRFC 10-311] analyzing module ltlib_v1_0_0_all_typeA_slice_536
INFO: [VRFC 10-311] analyzing module ltlib_v1_0_0_all_typeA_slice_537
INFO: [VRFC 10-311] analyzing module ltlib_v1_0_0_all_typeA_slice_538
INFO: [VRFC 10-311] analyzing module ltlib_v1_0_0_all_typeA_slice_539
INFO: [VRFC 10-311] analyzing module ltlib_v1_0_0_all_typeA_slice_540
INFO: [VRFC 10-311] analyzing module ltlib_v1_0_0_all_typeA_slice_541
INFO: [VRFC 10-311] analyzing module ltlib_v1_0_0_all_typeA_slice_542
INFO: [VRFC 10-311] analyzing module ltlib_v1_0_0_all_typeA_slice_543
INFO: [VRFC 10-311] analyzing module ltlib_v1_0_0_all_typeA_slice_546
INFO: [VRFC 10-311] analyzing module ltlib_v1_0_0_all_typeA_slice_548
INFO: [VRFC 10-311] analyzing module ltlib_v1_0_0_all_typeA_slice_549
INFO: [VRFC 10-311] analyzing module ltlib_v1_0_0_all_typeA_slice_550
INFO: [VRFC 10-311] analyzing module ltlib_v1_0_0_all_typeA_slice_551
INFO: [VRFC 10-311] analyzing module ltlib_v1_0_0_all_typeA_slice_552
INFO: [VRFC 10-311] analyzing module ltlib_v1_0_0_all_typeA_slice_553
INFO: [VRFC 10-311] analyzing module ltlib_v1_0_0_all_typeA_slice_554
INFO: [VRFC 10-311] analyzing module ltlib_v1_0_0_all_typeA_slice_555
INFO: [VRFC 10-311] analyzing module ltlib_v1_0_0_all_typeA_slice_556
INFO: [VRFC 10-311] analyzing module ltlib_v1_0_0_all_typeA_slice_559
INFO: [VRFC 10-311] analyzing module ltlib_v1_0_0_all_typeA_slice_561
INFO: [VRFC 10-311] analyzing module ltlib_v1_0_0_all_typeA_slice_562
INFO: [VRFC 10-311] analyzing module ltlib_v1_0_0_all_typeA_slice_563
INFO: [VRFC 10-311] analyzing module ltlib_v1_0_0_all_typeA_slice_564
INFO: [VRFC 10-311] analyzing module ltlib_v1_0_0_all_typeA_slice_565
INFO: [VRFC 10-311] analyzing module ltlib_v1_0_0_all_typeA_slice_566
INFO: [VRFC 10-311] analyzing module ltlib_v1_0_0_all_typeA_slice_567
INFO: [VRFC 10-311] analyzing module ltlib_v1_0_0_all_typeA_slice_568
INFO: [VRFC 10-311] analyzing module ltlib_v1_0_0_all_typeA_slice_569
INFO: [VRFC 10-311] analyzing module ltlib_v1_0_0_all_typeA_slice_572
INFO: [VRFC 10-311] analyzing module ltlib_v1_0_0_all_typeA_slice_574
INFO: [VRFC 10-311] analyzing module ltlib_v1_0_0_all_typeA_slice_575
INFO: [VRFC 10-311] analyzing module ltlib_v1_0_0_all_typeA_slice_576
INFO: [VRFC 10-311] analyzing module ltlib_v1_0_0_all_typeA_slice_577
INFO: [VRFC 10-311] analyzing module ltlib_v1_0_0_all_typeA_slice_578
INFO: [VRFC 10-311] analyzing module ltlib_v1_0_0_all_typeA_slice_579
INFO: [VRFC 10-311] analyzing module ltlib_v1_0_0_all_typeA_slice_580
INFO: [VRFC 10-311] analyzing module ltlib_v1_0_0_all_typeA_slice_581
INFO: [VRFC 10-311] analyzing module ltlib_v1_0_0_all_typeA_slice_582
INFO: [VRFC 10-311] analyzing module ltlib_v1_0_0_all_typeA_slice_585
INFO: [VRFC 10-311] analyzing module ltlib_v1_0_0_all_typeA_slice_587
INFO: [VRFC 10-311] analyzing module ltlib_v1_0_0_all_typeA_slice_588
INFO: [VRFC 10-311] analyzing module ltlib_v1_0_0_all_typeA_slice_589
INFO: [VRFC 10-311] analyzing module ltlib_v1_0_0_all_typeA_slice_590
INFO: [VRFC 10-311] analyzing module ltlib_v1_0_0_all_typeA_slice_591
INFO: [VRFC 10-311] analyzing module ltlib_v1_0_0_all_typeA_slice_592
INFO: [VRFC 10-311] analyzing module ltlib_v1_0_0_all_typeA_slice_593
INFO: [VRFC 10-311] analyzing module ltlib_v1_0_0_all_typeA_slice_594
INFO: [VRFC 10-311] analyzing module ltlib_v1_0_0_all_typeA_slice_595
INFO: [VRFC 10-311] analyzing module ltlib_v1_0_0_all_typeA_slice_598
INFO: [VRFC 10-311] analyzing module ltlib_v1_0_0_all_typeA_slice_600
INFO: [VRFC 10-311] analyzing module ltlib_v1_0_0_all_typeA_slice_601
INFO: [VRFC 10-311] analyzing module ltlib_v1_0_0_all_typeA_slice_602
INFO: [VRFC 10-311] analyzing module ltlib_v1_0_0_all_typeA_slice_603
INFO: [VRFC 10-311] analyzing module ltlib_v1_0_0_all_typeA_slice_604
INFO: [VRFC 10-311] analyzing module ltlib_v1_0_0_all_typeA_slice_605
INFO: [VRFC 10-311] analyzing module ltlib_v1_0_0_all_typeA_slice_606
INFO: [VRFC 10-311] analyzing module ltlib_v1_0_0_all_typeA_slice_607
INFO: [VRFC 10-311] analyzing module ltlib_v1_0_0_all_typeA_slice_608
INFO: [VRFC 10-311] analyzing module ltlib_v1_0_0_all_typeA_slice_611
INFO: [VRFC 10-311] analyzing module ltlib_v1_0_0_all_typeA_slice_613
INFO: [VRFC 10-311] analyzing module ltlib_v1_0_0_all_typeA_slice_614
INFO: [VRFC 10-311] analyzing module ltlib_v1_0_0_all_typeA_slice_615
INFO: [VRFC 10-311] analyzing module ltlib_v1_0_0_all_typeA_slice_616
INFO: [VRFC 10-311] analyzing module ltlib_v1_0_0_all_typeA_slice_617
INFO: [VRFC 10-311] analyzing module ltlib_v1_0_0_all_typeA_slice_618
INFO: [VRFC 10-311] analyzing module ltlib_v1_0_0_all_typeA_slice_619
INFO: [VRFC 10-311] analyzing module ltlib_v1_0_0_all_typeA_slice_620
INFO: [VRFC 10-311] analyzing module ltlib_v1_0_0_all_typeA_slice_621
INFO: [VRFC 10-311] analyzing module ltlib_v1_0_0_all_typeA_slice_624
INFO: [VRFC 10-311] analyzing module ltlib_v1_0_0_all_typeA_slice_626
INFO: [VRFC 10-311] analyzing module ltlib_v1_0_0_all_typeA_slice_627
INFO: [VRFC 10-311] analyzing module ltlib_v1_0_0_all_typeA_slice_628
INFO: [VRFC 10-311] analyzing module ltlib_v1_0_0_all_typeA_slice_629
INFO: [VRFC 10-311] analyzing module ltlib_v1_0_0_all_typeA_slice_630
INFO: [VRFC 10-311] analyzing module ltlib_v1_0_0_all_typeA_slice_631
INFO: [VRFC 10-311] analyzing module ltlib_v1_0_0_all_typeA_slice_632
INFO: [VRFC 10-311] analyzing module ltlib_v1_0_0_all_typeA_slice_633
INFO: [VRFC 10-311] analyzing module ltlib_v1_0_0_all_typeA_slice_634
INFO: [VRFC 10-311] analyzing module ltlib_v1_0_0_all_typeA_slice_637
INFO: [VRFC 10-311] analyzing module ltlib_v1_0_0_all_typeA_slice_639
INFO: [VRFC 10-311] analyzing module ltlib_v1_0_0_all_typeA_slice_640
INFO: [VRFC 10-311] analyzing module ltlib_v1_0_0_all_typeA_slice_641
INFO: [VRFC 10-311] analyzing module ltlib_v1_0_0_all_typeA_slice_642
INFO: [VRFC 10-311] analyzing module ltlib_v1_0_0_all_typeA_slice_643
INFO: [VRFC 10-311] analyzing module ltlib_v1_0_0_all_typeA_slice_644
INFO: [VRFC 10-311] analyzing module ltlib_v1_0_0_all_typeA_slice_645
INFO: [VRFC 10-311] analyzing module ltlib_v1_0_0_all_typeA_slice_646
INFO: [VRFC 10-311] analyzing module ltlib_v1_0_0_all_typeA_slice_647
INFO: [VRFC 10-311] analyzing module ltlib_v1_0_0_all_typeA_slice_650
INFO: [VRFC 10-311] analyzing module ltlib_v1_0_0_all_typeA_slice_652
INFO: [VRFC 10-311] analyzing module ltlib_v1_0_0_all_typeA_slice_653
INFO: [VRFC 10-311] analyzing module ltlib_v1_0_0_all_typeA_slice_654
INFO: [VRFC 10-311] analyzing module ltlib_v1_0_0_all_typeA_slice_655
INFO: [VRFC 10-311] analyzing module ltlib_v1_0_0_all_typeA_slice_656
INFO: [VRFC 10-311] analyzing module ltlib_v1_0_0_all_typeA_slice_657
INFO: [VRFC 10-311] analyzing module ltlib_v1_0_0_all_typeA_slice_658
INFO: [VRFC 10-311] analyzing module ltlib_v1_0_0_all_typeA_slice_659
INFO: [VRFC 10-311] analyzing module ltlib_v1_0_0_all_typeA_slice_660
INFO: [VRFC 10-311] analyzing module ltlib_v1_0_0_all_typeA_slice_663
INFO: [VRFC 10-311] analyzing module ltlib_v1_0_0_all_typeA_slice_665
INFO: [VRFC 10-311] analyzing module ltlib_v1_0_0_all_typeA_slice_666
INFO: [VRFC 10-311] analyzing module ltlib_v1_0_0_all_typeA_slice_667
INFO: [VRFC 10-311] analyzing module ltlib_v1_0_0_all_typeA_slice_668
INFO: [VRFC 10-311] analyzing module ltlib_v1_0_0_all_typeA_slice_669
INFO: [VRFC 10-311] analyzing module ltlib_v1_0_0_all_typeA_slice_670
INFO: [VRFC 10-311] analyzing module ltlib_v1_0_0_all_typeA_slice_671
INFO: [VRFC 10-311] analyzing module ltlib_v1_0_0_all_typeA_slice_672
INFO: [VRFC 10-311] analyzing module ltlib_v1_0_0_all_typeA_slice_673
INFO: [VRFC 10-311] analyzing module ltlib_v1_0_0_all_typeA_slice_676
INFO: [VRFC 10-311] analyzing module ltlib_v1_0_0_all_typeA_slice_678
INFO: [VRFC 10-311] analyzing module ltlib_v1_0_0_all_typeA_slice_679
INFO: [VRFC 10-311] analyzing module ltlib_v1_0_0_all_typeA_slice_680
INFO: [VRFC 10-311] analyzing module ltlib_v1_0_0_all_typeA_slice_681
INFO: [VRFC 10-311] analyzing module ltlib_v1_0_0_all_typeA_slice_682
INFO: [VRFC 10-311] analyzing module ltlib_v1_0_0_all_typeA_slice_683
INFO: [VRFC 10-311] analyzing module ltlib_v1_0_0_all_typeA_slice_684
INFO: [VRFC 10-311] analyzing module ltlib_v1_0_0_all_typeA_slice_685
INFO: [VRFC 10-311] analyzing module ltlib_v1_0_0_all_typeA_slice_686
INFO: [VRFC 10-311] analyzing module ltlib_v1_0_0_all_typeA_slice_689
INFO: [VRFC 10-311] analyzing module ltlib_v1_0_0_all_typeA_slice_691
INFO: [VRFC 10-311] analyzing module ltlib_v1_0_0_all_typeA_slice_692
INFO: [VRFC 10-311] analyzing module ltlib_v1_0_0_all_typeA_slice_693
INFO: [VRFC 10-311] analyzing module ltlib_v1_0_0_all_typeA_slice_694
INFO: [VRFC 10-311] analyzing module ltlib_v1_0_0_all_typeA_slice_695
INFO: [VRFC 10-311] analyzing module ltlib_v1_0_0_all_typeA_slice_696
INFO: [VRFC 10-311] analyzing module ltlib_v1_0_0_all_typeA_slice_697
INFO: [VRFC 10-311] analyzing module ltlib_v1_0_0_all_typeA_slice_698
INFO: [VRFC 10-311] analyzing module ltlib_v1_0_0_all_typeA_slice_699
INFO: [VRFC 10-311] analyzing module ltlib_v1_0_0_all_typeA_slice_702
INFO: [VRFC 10-311] analyzing module ltlib_v1_0_0_all_typeA_slice_704
INFO: [VRFC 10-311] analyzing module ltlib_v1_0_0_all_typeA_slice_705
INFO: [VRFC 10-311] analyzing module ltlib_v1_0_0_all_typeA_slice_706
INFO: [VRFC 10-311] analyzing module ltlib_v1_0_0_all_typeA_slice_707
INFO: [VRFC 10-311] analyzing module ltlib_v1_0_0_all_typeA_slice_708
INFO: [VRFC 10-311] analyzing module ltlib_v1_0_0_all_typeA_slice_709
INFO: [VRFC 10-311] analyzing module ltlib_v1_0_0_all_typeA_slice_710
INFO: [VRFC 10-311] analyzing module ltlib_v1_0_0_all_typeA_slice_711
INFO: [VRFC 10-311] analyzing module ltlib_v1_0_0_all_typeA_slice_712
INFO: [VRFC 10-311] analyzing module ltlib_v1_0_0_all_typeA_slice_715
INFO: [VRFC 10-311] analyzing module ltlib_v1_0_0_all_typeA_slice_717
INFO: [VRFC 10-311] analyzing module ltlib_v1_0_0_all_typeA_slice_718
INFO: [VRFC 10-311] analyzing module ltlib_v1_0_0_all_typeA_slice_719
INFO: [VRFC 10-311] analyzing module ltlib_v1_0_0_all_typeA_slice_720
INFO: [VRFC 10-311] analyzing module ltlib_v1_0_0_all_typeA_slice_721
INFO: [VRFC 10-311] analyzing module ltlib_v1_0_0_all_typeA_slice_722
INFO: [VRFC 10-311] analyzing module ltlib_v1_0_0_all_typeA_slice_723
INFO: [VRFC 10-311] analyzing module ltlib_v1_0_0_all_typeA_slice_724
INFO: [VRFC 10-311] analyzing module ltlib_v1_0_0_all_typeA_slice_725
INFO: [VRFC 10-311] analyzing module ltlib_v1_0_0_all_typeA_slice_728
INFO: [VRFC 10-311] analyzing module ltlib_v1_0_0_all_typeA_slice_730
INFO: [VRFC 10-311] analyzing module ltlib_v1_0_0_all_typeA_slice_731
INFO: [VRFC 10-311] analyzing module ltlib_v1_0_0_all_typeA_slice_732
INFO: [VRFC 10-311] analyzing module ltlib_v1_0_0_all_typeA_slice_733
INFO: [VRFC 10-311] analyzing module ltlib_v1_0_0_all_typeA_slice_734
INFO: [VRFC 10-311] analyzing module ltlib_v1_0_0_all_typeA_slice_735
INFO: [VRFC 10-311] analyzing module ltlib_v1_0_0_all_typeA_slice_736
INFO: [VRFC 10-311] analyzing module ltlib_v1_0_0_all_typeA_slice_737
INFO: [VRFC 10-311] analyzing module ltlib_v1_0_0_all_typeA_slice_738
INFO: [VRFC 10-311] analyzing module ltlib_v1_0_0_all_typeA_slice_741
INFO: [VRFC 10-311] analyzing module ltlib_v1_0_0_all_typeA_slice_743
INFO: [VRFC 10-311] analyzing module ltlib_v1_0_0_all_typeA_slice_744
INFO: [VRFC 10-311] analyzing module ltlib_v1_0_0_all_typeA_slice_745
INFO: [VRFC 10-311] analyzing module ltlib_v1_0_0_all_typeA_slice_746
INFO: [VRFC 10-311] analyzing module ltlib_v1_0_0_all_typeA_slice_747
INFO: [VRFC 10-311] analyzing module ltlib_v1_0_0_all_typeA_slice_748
INFO: [VRFC 10-311] analyzing module ltlib_v1_0_0_all_typeA_slice_749
INFO: [VRFC 10-311] analyzing module ltlib_v1_0_0_all_typeA_slice_750
INFO: [VRFC 10-311] analyzing module ltlib_v1_0_0_all_typeA_slice_751
INFO: [VRFC 10-311] analyzing module ltlib_v1_0_0_all_typeA_slice_754
INFO: [VRFC 10-311] analyzing module ltlib_v1_0_0_all_typeA_slice_756
INFO: [VRFC 10-311] analyzing module ltlib_v1_0_0_all_typeA_slice_757
INFO: [VRFC 10-311] analyzing module ltlib_v1_0_0_all_typeA_slice_758
INFO: [VRFC 10-311] analyzing module ltlib_v1_0_0_all_typeA_slice_759
INFO: [VRFC 10-311] analyzing module ltlib_v1_0_0_all_typeA_slice_760
INFO: [VRFC 10-311] analyzing module ltlib_v1_0_0_all_typeA_slice_761
INFO: [VRFC 10-311] analyzing module ltlib_v1_0_0_all_typeA_slice_762
INFO: [VRFC 10-311] analyzing module ltlib_v1_0_0_all_typeA_slice_763
INFO: [VRFC 10-311] analyzing module ltlib_v1_0_0_all_typeA_slice_764
INFO: [VRFC 10-311] analyzing module ltlib_v1_0_0_all_typeA_slice_767
INFO: [VRFC 10-311] analyzing module ltlib_v1_0_0_all_typeA_slice_769
INFO: [VRFC 10-311] analyzing module ltlib_v1_0_0_all_typeA_slice_770
INFO: [VRFC 10-311] analyzing module ltlib_v1_0_0_all_typeA_slice_771
INFO: [VRFC 10-311] analyzing module ltlib_v1_0_0_all_typeA_slice_772
INFO: [VRFC 10-311] analyzing module ltlib_v1_0_0_all_typeA_slice_773
INFO: [VRFC 10-311] analyzing module ltlib_v1_0_0_all_typeA_slice_774
INFO: [VRFC 10-311] analyzing module ltlib_v1_0_0_all_typeA_slice_775
INFO: [VRFC 10-311] analyzing module ltlib_v1_0_0_all_typeA_slice_776
INFO: [VRFC 10-311] analyzing module ltlib_v1_0_0_all_typeA_slice_777
INFO: [VRFC 10-311] analyzing module ltlib_v1_0_0_all_typeA_slice_780
INFO: [VRFC 10-311] analyzing module ltlib_v1_0_0_all_typeA_slice_782
INFO: [VRFC 10-311] analyzing module ltlib_v1_0_0_all_typeA_slice_783
INFO: [VRFC 10-311] analyzing module ltlib_v1_0_0_all_typeA_slice_784
INFO: [VRFC 10-311] analyzing module ltlib_v1_0_0_all_typeA_slice_785
INFO: [VRFC 10-311] analyzing module ltlib_v1_0_0_all_typeA_slice_786
INFO: [VRFC 10-311] analyzing module ltlib_v1_0_0_all_typeA_slice_787
INFO: [VRFC 10-311] analyzing module ltlib_v1_0_0_all_typeA_slice_788
INFO: [VRFC 10-311] analyzing module ltlib_v1_0_0_all_typeA_slice_789
INFO: [VRFC 10-311] analyzing module ltlib_v1_0_0_all_typeA_slice_790
INFO: [VRFC 10-311] analyzing module ltlib_v1_0_0_all_typeA_slice__parameterized0
INFO: [VRFC 10-311] analyzing module ltlib_v1_0_0_all_typeA_slice__parameterized0_114
INFO: [VRFC 10-311] analyzing module ltlib_v1_0_0_all_typeA_slice__parameterized0_116
INFO: [VRFC 10-311] analyzing module ltlib_v1_0_0_all_typeA_slice__parameterized0_119
INFO: [VRFC 10-311] analyzing module ltlib_v1_0_0_all_typeA_slice__parameterized0_122
INFO: [VRFC 10-311] analyzing module ltlib_v1_0_0_all_typeA_slice__parameterized0_125
INFO: [VRFC 10-311] analyzing module ltlib_v1_0_0_all_typeA_slice__parameterized0_127
INFO: [VRFC 10-311] analyzing module ltlib_v1_0_0_all_typeA_slice__parameterized0_130
INFO: [VRFC 10-311] analyzing module ltlib_v1_0_0_all_typeA_slice__parameterized0_133
INFO: [VRFC 10-311] analyzing module ltlib_v1_0_0_all_typeA_slice__parameterized0_136
INFO: [VRFC 10-311] analyzing module ltlib_v1_0_0_all_typeA_slice__parameterized0_139
INFO: [VRFC 10-311] analyzing module ltlib_v1_0_0_all_typeA_slice__parameterized0_142
INFO: [VRFC 10-311] analyzing module ltlib_v1_0_0_all_typeA_slice__parameterized0_145
INFO: [VRFC 10-311] analyzing module ltlib_v1_0_0_all_typeA_slice__parameterized0_148
INFO: [VRFC 10-311] analyzing module ltlib_v1_0_0_all_typeA_slice__parameterized0_151
INFO: [VRFC 10-311] analyzing module ltlib_v1_0_0_all_typeA_slice__parameterized0_154
INFO: [VRFC 10-311] analyzing module ltlib_v1_0_0_all_typeA_slice__parameterized0_157
INFO: [VRFC 10-311] analyzing module ltlib_v1_0_0_all_typeA_slice__parameterized0_160
INFO: [VRFC 10-311] analyzing module ltlib_v1_0_0_all_typeA_slice__parameterized0_163
INFO: [VRFC 10-311] analyzing module ltlib_v1_0_0_all_typeA_slice__parameterized0_166
INFO: [VRFC 10-311] analyzing module ltlib_v1_0_0_all_typeA_slice__parameterized0_169
INFO: [VRFC 10-311] analyzing module ltlib_v1_0_0_all_typeA_slice__parameterized0_172
INFO: [VRFC 10-311] analyzing module ltlib_v1_0_0_all_typeA_slice__parameterized0_175
INFO: [VRFC 10-311] analyzing module ltlib_v1_0_0_all_typeA_slice__parameterized0_178
INFO: [VRFC 10-311] analyzing module ltlib_v1_0_0_all_typeA_slice__parameterized0_181
INFO: [VRFC 10-311] analyzing module ltlib_v1_0_0_all_typeA_slice__parameterized0_184
INFO: [VRFC 10-311] analyzing module ltlib_v1_0_0_all_typeA_slice__parameterized0_187
INFO: [VRFC 10-311] analyzing module ltlib_v1_0_0_all_typeA_slice__parameterized0_190
INFO: [VRFC 10-311] analyzing module ltlib_v1_0_0_all_typeA_slice__parameterized0_193
INFO: [VRFC 10-311] analyzing module ltlib_v1_0_0_all_typeA_slice__parameterized0_196
INFO: [VRFC 10-311] analyzing module ltlib_v1_0_0_all_typeA_slice__parameterized0_199
INFO: [VRFC 10-311] analyzing module ltlib_v1_0_0_all_typeA_slice__parameterized0_202
INFO: [VRFC 10-311] analyzing module ltlib_v1_0_0_all_typeA_slice__parameterized0_205
INFO: [VRFC 10-311] analyzing module ltlib_v1_0_0_all_typeA_slice__parameterized0_208
INFO: [VRFC 10-311] analyzing module ltlib_v1_0_0_all_typeA_slice__parameterized0_211
INFO: [VRFC 10-311] analyzing module ltlib_v1_0_0_all_typeA_slice__parameterized0_214
INFO: [VRFC 10-311] analyzing module ltlib_v1_0_0_all_typeA_slice__parameterized0_217
INFO: [VRFC 10-311] analyzing module ltlib_v1_0_0_all_typeA_slice__parameterized0_220
INFO: [VRFC 10-311] analyzing module ltlib_v1_0_0_all_typeA_slice__parameterized0_223
INFO: [VRFC 10-311] analyzing module ltlib_v1_0_0_all_typeA_slice__parameterized0_226
INFO: [VRFC 10-311] analyzing module ltlib_v1_0_0_all_typeA_slice__parameterized0_229
INFO: [VRFC 10-311] analyzing module ltlib_v1_0_0_all_typeA_slice__parameterized0_232
INFO: [VRFC 10-311] analyzing module ltlib_v1_0_0_all_typeA_slice__parameterized0_235
INFO: [VRFC 10-311] analyzing module ltlib_v1_0_0_all_typeA_slice__parameterized0_238
INFO: [VRFC 10-311] analyzing module ltlib_v1_0_0_all_typeA_slice__parameterized0_241
INFO: [VRFC 10-311] analyzing module ltlib_v1_0_0_all_typeA_slice__parameterized0_244
INFO: [VRFC 10-311] analyzing module ltlib_v1_0_0_all_typeA_slice__parameterized0_247
INFO: [VRFC 10-311] analyzing module ltlib_v1_0_0_all_typeA_slice__parameterized0_250
INFO: [VRFC 10-311] analyzing module ltlib_v1_0_0_all_typeA_slice__parameterized0_253
INFO: [VRFC 10-311] analyzing module ltlib_v1_0_0_all_typeA_slice__parameterized0_256
INFO: [VRFC 10-311] analyzing module ltlib_v1_0_0_all_typeA_slice__parameterized0_257
INFO: [VRFC 10-311] analyzing module ltlib_v1_0_0_all_typeA_slice__parameterized0_260
INFO: [VRFC 10-311] analyzing module ltlib_v1_0_0_all_typeA_slice__parameterized0_263
INFO: [VRFC 10-311] analyzing module ltlib_v1_0_0_all_typeA_slice__parameterized0_266
INFO: [VRFC 10-311] analyzing module ltlib_v1_0_0_all_typeA_slice__parameterized0_269
INFO: [VRFC 10-311] analyzing module ltlib_v1_0_0_all_typeA_slice__parameterized0_272
INFO: [VRFC 10-311] analyzing module ltlib_v1_0_0_all_typeA_slice__parameterized0_275
INFO: [VRFC 10-311] analyzing module ltlib_v1_0_0_all_typeA_slice__parameterized0_278
INFO: [VRFC 10-311] analyzing module ltlib_v1_0_0_all_typeA_slice__parameterized0_281
INFO: [VRFC 10-311] analyzing module ltlib_v1_0_0_all_typeA_slice__parameterized0_284
INFO: [VRFC 10-311] analyzing module ltlib_v1_0_0_all_typeA_slice__parameterized0_287
INFO: [VRFC 10-311] analyzing module ltlib_v1_0_0_all_typeA_slice__parameterized0_291
INFO: [VRFC 10-311] analyzing module ltlib_v1_0_0_all_typeA_slice__parameterized0_294
INFO: [VRFC 10-311] analyzing module ltlib_v1_0_0_all_typeA_slice__parameterized0_297
INFO: [VRFC 10-311] analyzing module ltlib_v1_0_0_all_typeA_slice__parameterized0_300
INFO: [VRFC 10-311] analyzing module ltlib_v1_0_0_all_typeA_slice__parameterized0_303
INFO: [VRFC 10-311] analyzing module ltlib_v1_0_0_all_typeA_slice__parameterized0_306
INFO: [VRFC 10-311] analyzing module ltlib_v1_0_0_all_typeA_slice__parameterized0_309
INFO: [VRFC 10-311] analyzing module ltlib_v1_0_0_all_typeA_slice__parameterized0_312
INFO: [VRFC 10-311] analyzing module ltlib_v1_0_0_all_typeA_slice__parameterized0_315
INFO: [VRFC 10-311] analyzing module ltlib_v1_0_0_all_typeA_slice__parameterized0_318
INFO: [VRFC 10-311] analyzing module ltlib_v1_0_0_all_typeA_slice__parameterized0_321
INFO: [VRFC 10-311] analyzing module ltlib_v1_0_0_all_typeA_slice__parameterized0_325
INFO: [VRFC 10-311] analyzing module ltlib_v1_0_0_all_typeA_slice__parameterized0_329
INFO: [VRFC 10-311] analyzing module ltlib_v1_0_0_all_typeA_slice__parameterized0_333
INFO: [VRFC 10-311] analyzing module ltlib_v1_0_0_all_typeA_slice__parameterized0_337
INFO: [VRFC 10-311] analyzing module ltlib_v1_0_0_all_typeA_slice__parameterized0_341
INFO: [VRFC 10-311] analyzing module ltlib_v1_0_0_all_typeA_slice__parameterized0_344
INFO: [VRFC 10-311] analyzing module ltlib_v1_0_0_all_typeA_slice__parameterized0_347
INFO: [VRFC 10-311] analyzing module ltlib_v1_0_0_all_typeA_slice__parameterized0_350
INFO: [VRFC 10-311] analyzing module ltlib_v1_0_0_all_typeA_slice__parameterized0_353
INFO: [VRFC 10-311] analyzing module ltlib_v1_0_0_all_typeA_slice__parameterized0_356
INFO: [VRFC 10-311] analyzing module ltlib_v1_0_0_all_typeA_slice__parameterized0_359
INFO: [VRFC 10-311] analyzing module ltlib_v1_0_0_all_typeA_slice__parameterized0_363
INFO: [VRFC 10-311] analyzing module ltlib_v1_0_0_all_typeA_slice__parameterized0_365
INFO: [VRFC 10-311] analyzing module ltlib_v1_0_0_all_typeA_slice__parameterized0_378
INFO: [VRFC 10-311] analyzing module ltlib_v1_0_0_all_typeA_slice__parameterized0_391
INFO: [VRFC 10-311] analyzing module ltlib_v1_0_0_all_typeA_slice__parameterized0_404
INFO: [VRFC 10-311] analyzing module ltlib_v1_0_0_all_typeA_slice__parameterized0_417
INFO: [VRFC 10-311] analyzing module ltlib_v1_0_0_all_typeA_slice__parameterized0_430
INFO: [VRFC 10-311] analyzing module ltlib_v1_0_0_all_typeA_slice__parameterized0_443
INFO: [VRFC 10-311] analyzing module ltlib_v1_0_0_all_typeA_slice__parameterized0_456
INFO: [VRFC 10-311] analyzing module ltlib_v1_0_0_all_typeA_slice__parameterized0_469
INFO: [VRFC 10-311] analyzing module ltlib_v1_0_0_all_typeA_slice__parameterized0_482
INFO: [VRFC 10-311] analyzing module ltlib_v1_0_0_all_typeA_slice__parameterized0_495
INFO: [VRFC 10-311] analyzing module ltlib_v1_0_0_all_typeA_slice__parameterized0_508
INFO: [VRFC 10-311] analyzing module ltlib_v1_0_0_all_typeA_slice__parameterized0_521
INFO: [VRFC 10-311] analyzing module ltlib_v1_0_0_all_typeA_slice__parameterized0_534
INFO: [VRFC 10-311] analyzing module ltlib_v1_0_0_all_typeA_slice__parameterized0_547
INFO: [VRFC 10-311] analyzing module ltlib_v1_0_0_all_typeA_slice__parameterized0_560
INFO: [VRFC 10-311] analyzing module ltlib_v1_0_0_all_typeA_slice__parameterized0_573
INFO: [VRFC 10-311] analyzing module ltlib_v1_0_0_all_typeA_slice__parameterized0_586
INFO: [VRFC 10-311] analyzing module ltlib_v1_0_0_all_typeA_slice__parameterized0_599
INFO: [VRFC 10-311] analyzing module ltlib_v1_0_0_all_typeA_slice__parameterized0_612
INFO: [VRFC 10-311] analyzing module ltlib_v1_0_0_all_typeA_slice__parameterized0_625
INFO: [VRFC 10-311] analyzing module ltlib_v1_0_0_all_typeA_slice__parameterized0_638
INFO: [VRFC 10-311] analyzing module ltlib_v1_0_0_all_typeA_slice__parameterized0_651
INFO: [VRFC 10-311] analyzing module ltlib_v1_0_0_all_typeA_slice__parameterized0_664
INFO: [VRFC 10-311] analyzing module ltlib_v1_0_0_all_typeA_slice__parameterized0_677
INFO: [VRFC 10-311] analyzing module ltlib_v1_0_0_all_typeA_slice__parameterized0_690
INFO: [VRFC 10-311] analyzing module ltlib_v1_0_0_all_typeA_slice__parameterized0_703
INFO: [VRFC 10-311] analyzing module ltlib_v1_0_0_all_typeA_slice__parameterized0_716
INFO: [VRFC 10-311] analyzing module ltlib_v1_0_0_all_typeA_slice__parameterized0_729
INFO: [VRFC 10-311] analyzing module ltlib_v1_0_0_all_typeA_slice__parameterized0_742
INFO: [VRFC 10-311] analyzing module ltlib_v1_0_0_all_typeA_slice__parameterized0_755
INFO: [VRFC 10-311] analyzing module ltlib_v1_0_0_all_typeA_slice__parameterized0_768
INFO: [VRFC 10-311] analyzing module ltlib_v1_0_0_all_typeA_slice__parameterized0_781
INFO: [VRFC 10-311] analyzing module ltlib_v1_0_0_all_typeA_slice__parameterized1
INFO: [VRFC 10-311] analyzing module ltlib_v1_0_0_all_typeA_slice__parameterized1_820
INFO: [VRFC 10-311] analyzing module ltlib_v1_0_0_all_typeA_slice__parameterized1_828
INFO: [VRFC 10-311] analyzing module ltlib_v1_0_0_all_typeA_slice__parameterized2
INFO: [VRFC 10-311] analyzing module ltlib_v1_0_0_all_typeA_slice__parameterized2_821
INFO: [VRFC 10-311] analyzing module ltlib_v1_0_0_all_typeA_slice__parameterized2_829
INFO: [VRFC 10-311] analyzing module ltlib_v1_0_0_allx_typeA
INFO: [VRFC 10-311] analyzing module ltlib_v1_0_0_allx_typeA_375
INFO: [VRFC 10-311] analyzing module ltlib_v1_0_0_allx_typeA_388
INFO: [VRFC 10-311] analyzing module ltlib_v1_0_0_allx_typeA_401
INFO: [VRFC 10-311] analyzing module ltlib_v1_0_0_allx_typeA_414
INFO: [VRFC 10-311] analyzing module ltlib_v1_0_0_allx_typeA_427
INFO: [VRFC 10-311] analyzing module ltlib_v1_0_0_allx_typeA_440
INFO: [VRFC 10-311] analyzing module ltlib_v1_0_0_allx_typeA_453
INFO: [VRFC 10-311] analyzing module ltlib_v1_0_0_allx_typeA_466
INFO: [VRFC 10-311] analyzing module ltlib_v1_0_0_allx_typeA_479
INFO: [VRFC 10-311] analyzing module ltlib_v1_0_0_allx_typeA_492
INFO: [VRFC 10-311] analyzing module ltlib_v1_0_0_allx_typeA_505
INFO: [VRFC 10-311] analyzing module ltlib_v1_0_0_allx_typeA_518
INFO: [VRFC 10-311] analyzing module ltlib_v1_0_0_allx_typeA_531
INFO: [VRFC 10-311] analyzing module ltlib_v1_0_0_allx_typeA_544
INFO: [VRFC 10-311] analyzing module ltlib_v1_0_0_allx_typeA_557
INFO: [VRFC 10-311] analyzing module ltlib_v1_0_0_allx_typeA_570
INFO: [VRFC 10-311] analyzing module ltlib_v1_0_0_allx_typeA_583
INFO: [VRFC 10-311] analyzing module ltlib_v1_0_0_allx_typeA_596
INFO: [VRFC 10-311] analyzing module ltlib_v1_0_0_allx_typeA_609
INFO: [VRFC 10-311] analyzing module ltlib_v1_0_0_allx_typeA_622
INFO: [VRFC 10-311] analyzing module ltlib_v1_0_0_allx_typeA_635
INFO: [VRFC 10-311] analyzing module ltlib_v1_0_0_allx_typeA_648
INFO: [VRFC 10-311] analyzing module ltlib_v1_0_0_allx_typeA_661
INFO: [VRFC 10-311] analyzing module ltlib_v1_0_0_allx_typeA_674
INFO: [VRFC 10-311] analyzing module ltlib_v1_0_0_allx_typeA_687
INFO: [VRFC 10-311] analyzing module ltlib_v1_0_0_allx_typeA_700
INFO: [VRFC 10-311] analyzing module ltlib_v1_0_0_allx_typeA_713
INFO: [VRFC 10-311] analyzing module ltlib_v1_0_0_allx_typeA_726
INFO: [VRFC 10-311] analyzing module ltlib_v1_0_0_allx_typeA_739
INFO: [VRFC 10-311] analyzing module ltlib_v1_0_0_allx_typeA_752
INFO: [VRFC 10-311] analyzing module ltlib_v1_0_0_allx_typeA_765
INFO: [VRFC 10-311] analyzing module ltlib_v1_0_0_allx_typeA_778
INFO: [VRFC 10-311] analyzing module ltlib_v1_0_0_allx_typeA__parameterized0
INFO: [VRFC 10-311] analyzing module ltlib_v1_0_0_allx_typeA__parameterized0_288
INFO: [VRFC 10-311] analyzing module ltlib_v1_0_0_allx_typeA__parameterized0_322
INFO: [VRFC 10-311] analyzing module ltlib_v1_0_0_allx_typeA__parameterized0_326
INFO: [VRFC 10-311] analyzing module ltlib_v1_0_0_allx_typeA__parameterized0_330
INFO: [VRFC 10-311] analyzing module ltlib_v1_0_0_allx_typeA__parameterized0_334
INFO: [VRFC 10-311] analyzing module ltlib_v1_0_0_allx_typeA__parameterized0_338
INFO: [VRFC 10-311] analyzing module ltlib_v1_0_0_allx_typeA__parameterized0_360
INFO: [VRFC 10-311] analyzing module ltlib_v1_0_0_allx_typeA__parameterized1
INFO: [VRFC 10-311] analyzing module ltlib_v1_0_0_allx_typeA__parameterized1_158
INFO: [VRFC 10-311] analyzing module ltlib_v1_0_0_allx_typeA__parameterized1_191
INFO: [VRFC 10-311] analyzing module ltlib_v1_0_0_allx_typeA__parameterized1_224
INFO: [VRFC 10-311] analyzing module ltlib_v1_0_0_allx_typeA__parameterized2
INFO: [VRFC 10-311] analyzing module ltlib_v1_0_0_allx_typeA__parameterized2_112
INFO: [VRFC 10-311] analyzing module ltlib_v1_0_0_allx_typeA__parameterized2_342
INFO: [VRFC 10-311] analyzing module ltlib_v1_0_0_allx_typeA__parameterized2_345
INFO: [VRFC 10-311] analyzing module ltlib_v1_0_0_allx_typeA__parameterized2_348
INFO: [VRFC 10-311] analyzing module ltlib_v1_0_0_allx_typeA__parameterized2_351
INFO: [VRFC 10-311] analyzing module ltlib_v1_0_0_allx_typeA__parameterized2_354
INFO: [VRFC 10-311] analyzing module ltlib_v1_0_0_allx_typeA__parameterized2_357
INFO: [VRFC 10-311] analyzing module ltlib_v1_0_0_allx_typeA__parameterized3
INFO: [VRFC 10-311] analyzing module ltlib_v1_0_0_allx_typeA__parameterized3_117
INFO: [VRFC 10-311] analyzing module ltlib_v1_0_0_allx_typeA__parameterized3_120
INFO: [VRFC 10-311] analyzing module ltlib_v1_0_0_allx_typeA__parameterized3_123
INFO: [VRFC 10-311] analyzing module ltlib_v1_0_0_allx_typeA__parameterized3_128
INFO: [VRFC 10-311] analyzing module ltlib_v1_0_0_allx_typeA__parameterized3_131
INFO: [VRFC 10-311] analyzing module ltlib_v1_0_0_allx_typeA__parameterized3_134
INFO: [VRFC 10-311] analyzing module ltlib_v1_0_0_allx_typeA__parameterized3_137
INFO: [VRFC 10-311] analyzing module ltlib_v1_0_0_allx_typeA__parameterized3_140
INFO: [VRFC 10-311] analyzing module ltlib_v1_0_0_allx_typeA__parameterized3_143
INFO: [VRFC 10-311] analyzing module ltlib_v1_0_0_allx_typeA__parameterized3_146
INFO: [VRFC 10-311] analyzing module ltlib_v1_0_0_allx_typeA__parameterized3_149
INFO: [VRFC 10-311] analyzing module ltlib_v1_0_0_allx_typeA__parameterized3_152
INFO: [VRFC 10-311] analyzing module ltlib_v1_0_0_allx_typeA__parameterized3_155
INFO: [VRFC 10-311] analyzing module ltlib_v1_0_0_allx_typeA__parameterized3_161
INFO: [VRFC 10-311] analyzing module ltlib_v1_0_0_allx_typeA__parameterized3_164
INFO: [VRFC 10-311] analyzing module ltlib_v1_0_0_allx_typeA__parameterized3_167
INFO: [VRFC 10-311] analyzing module ltlib_v1_0_0_allx_typeA__parameterized3_170
INFO: [VRFC 10-311] analyzing module ltlib_v1_0_0_allx_typeA__parameterized3_173
INFO: [VRFC 10-311] analyzing module ltlib_v1_0_0_allx_typeA__parameterized3_176
INFO: [VRFC 10-311] analyzing module ltlib_v1_0_0_allx_typeA__parameterized3_179
INFO: [VRFC 10-311] analyzing module ltlib_v1_0_0_allx_typeA__parameterized3_182
INFO: [VRFC 10-311] analyzing module ltlib_v1_0_0_allx_typeA__parameterized3_185
INFO: [VRFC 10-311] analyzing module ltlib_v1_0_0_allx_typeA__parameterized3_188
INFO: [VRFC 10-311] analyzing module ltlib_v1_0_0_allx_typeA__parameterized3_194
INFO: [VRFC 10-311] analyzing module ltlib_v1_0_0_allx_typeA__parameterized3_197
INFO: [VRFC 10-311] analyzing module ltlib_v1_0_0_allx_typeA__parameterized3_200
INFO: [VRFC 10-311] analyzing module ltlib_v1_0_0_allx_typeA__parameterized3_203
INFO: [VRFC 10-311] analyzing module ltlib_v1_0_0_allx_typeA__parameterized3_206
INFO: [VRFC 10-311] analyzing module ltlib_v1_0_0_allx_typeA__parameterized3_209
INFO: [VRFC 10-311] analyzing module ltlib_v1_0_0_allx_typeA__parameterized3_212
INFO: [VRFC 10-311] analyzing module ltlib_v1_0_0_allx_typeA__parameterized3_215
INFO: [VRFC 10-311] analyzing module ltlib_v1_0_0_allx_typeA__parameterized3_218
INFO: [VRFC 10-311] analyzing module ltlib_v1_0_0_allx_typeA__parameterized3_221
INFO: [VRFC 10-311] analyzing module ltlib_v1_0_0_allx_typeA__parameterized3_227
INFO: [VRFC 10-311] analyzing module ltlib_v1_0_0_allx_typeA__parameterized3_230
INFO: [VRFC 10-311] analyzing module ltlib_v1_0_0_allx_typeA__parameterized3_233
INFO: [VRFC 10-311] analyzing module ltlib_v1_0_0_allx_typeA__parameterized3_236
INFO: [VRFC 10-311] analyzing module ltlib_v1_0_0_allx_typeA__parameterized3_239
INFO: [VRFC 10-311] analyzing module ltlib_v1_0_0_allx_typeA__parameterized3_242
INFO: [VRFC 10-311] analyzing module ltlib_v1_0_0_allx_typeA__parameterized3_245
INFO: [VRFC 10-311] analyzing module ltlib_v1_0_0_allx_typeA__parameterized3_248
INFO: [VRFC 10-311] analyzing module ltlib_v1_0_0_allx_typeA__parameterized3_251
INFO: [VRFC 10-311] analyzing module ltlib_v1_0_0_allx_typeA__parameterized3_254
INFO: [VRFC 10-311] analyzing module ltlib_v1_0_0_allx_typeA__parameterized3_258
INFO: [VRFC 10-311] analyzing module ltlib_v1_0_0_allx_typeA__parameterized3_261
INFO: [VRFC 10-311] analyzing module ltlib_v1_0_0_allx_typeA__parameterized3_264
INFO: [VRFC 10-311] analyzing module ltlib_v1_0_0_allx_typeA__parameterized3_267
INFO: [VRFC 10-311] analyzing module ltlib_v1_0_0_allx_typeA__parameterized3_270
INFO: [VRFC 10-311] analyzing module ltlib_v1_0_0_allx_typeA__parameterized3_273
INFO: [VRFC 10-311] analyzing module ltlib_v1_0_0_allx_typeA__parameterized3_276
INFO: [VRFC 10-311] analyzing module ltlib_v1_0_0_allx_typeA__parameterized3_279
INFO: [VRFC 10-311] analyzing module ltlib_v1_0_0_allx_typeA__parameterized3_282
INFO: [VRFC 10-311] analyzing module ltlib_v1_0_0_allx_typeA__parameterized3_285
INFO: [VRFC 10-311] analyzing module ltlib_v1_0_0_allx_typeA__parameterized3_292
INFO: [VRFC 10-311] analyzing module ltlib_v1_0_0_allx_typeA__parameterized3_295
INFO: [VRFC 10-311] analyzing module ltlib_v1_0_0_allx_typeA__parameterized3_298
INFO: [VRFC 10-311] analyzing module ltlib_v1_0_0_allx_typeA__parameterized3_301
INFO: [VRFC 10-311] analyzing module ltlib_v1_0_0_allx_typeA__parameterized3_304
INFO: [VRFC 10-311] analyzing module ltlib_v1_0_0_allx_typeA__parameterized3_307
INFO: [VRFC 10-311] analyzing module ltlib_v1_0_0_allx_typeA__parameterized3_310
INFO: [VRFC 10-311] analyzing module ltlib_v1_0_0_allx_typeA__parameterized3_313
INFO: [VRFC 10-311] analyzing module ltlib_v1_0_0_allx_typeA__parameterized3_316
INFO: [VRFC 10-311] analyzing module ltlib_v1_0_0_allx_typeA__parameterized3_319
INFO: [VRFC 10-311] analyzing module ltlib_v1_0_0_allx_typeA_nodelay
INFO: [VRFC 10-311] analyzing module ltlib_v1_0_0_allx_typeA_nodelay_818
INFO: [VRFC 10-311] analyzing module ltlib_v1_0_0_allx_typeA_nodelay_826
INFO: [VRFC 10-311] analyzing module ltlib_v1_0_0_async_edge_xfer
INFO: [VRFC 10-311] analyzing module ltlib_v1_0_0_async_edge_xfer_791
INFO: [VRFC 10-311] analyzing module ltlib_v1_0_0_async_edge_xfer_792
INFO: [VRFC 10-311] analyzing module ltlib_v1_0_0_async_edge_xfer_793
INFO: [VRFC 10-311] analyzing module ltlib_v1_0_0_bscan
INFO: [VRFC 10-311] analyzing module ltlib_v1_0_0_cfglut4
INFO: [VRFC 10-311] analyzing module ltlib_v1_0_0_cfglut4_822
INFO: [VRFC 10-311] analyzing module ltlib_v1_0_0_cfglut5
INFO: [VRFC 10-311] analyzing module ltlib_v1_0_0_cfglut5_816
INFO: [VRFC 10-311] analyzing module ltlib_v1_0_0_cfglut5_823
INFO: [VRFC 10-311] analyzing module ltlib_v1_0_0_cfglut6
INFO: [VRFC 10-311] analyzing module ltlib_v1_0_0_cfglut6_824
INFO: [VRFC 10-311] analyzing module ltlib_v1_0_0_cfglut6__parameterized0
INFO: [VRFC 10-311] analyzing module ltlib_v1_0_0_cfglut7
INFO: [VRFC 10-311] analyzing module ltlib_v1_0_0_cfglut7_815
INFO: [VRFC 10-311] analyzing module ltlib_v1_0_0_generic_memrd
INFO: [VRFC 10-311] analyzing module ltlib_v1_0_0_match
INFO: [VRFC 10-311] analyzing module ltlib_v1_0_0_match_0
INFO: [VRFC 10-311] analyzing module ltlib_v1_0_0_match_1
INFO: [VRFC 10-311] analyzing module ltlib_v1_0_0_match_10
INFO: [VRFC 10-311] analyzing module ltlib_v1_0_0_match_11
INFO: [VRFC 10-311] analyzing module ltlib_v1_0_0_match_12
INFO: [VRFC 10-311] analyzing module ltlib_v1_0_0_match_13
INFO: [VRFC 10-311] analyzing module ltlib_v1_0_0_match_14
INFO: [VRFC 10-311] analyzing module ltlib_v1_0_0_match_15
INFO: [VRFC 10-311] analyzing module ltlib_v1_0_0_match_16
INFO: [VRFC 10-311] analyzing module ltlib_v1_0_0_match_17
INFO: [VRFC 10-311] analyzing module ltlib_v1_0_0_match_18
INFO: [VRFC 10-311] analyzing module ltlib_v1_0_0_match_19
INFO: [VRFC 10-311] analyzing module ltlib_v1_0_0_match_2
INFO: [VRFC 10-311] analyzing module ltlib_v1_0_0_match_20
INFO: [VRFC 10-311] analyzing module ltlib_v1_0_0_match_21
INFO: [VRFC 10-311] analyzing module ltlib_v1_0_0_match_22
INFO: [VRFC 10-311] analyzing module ltlib_v1_0_0_match_23
INFO: [VRFC 10-311] analyzing module ltlib_v1_0_0_match_24
INFO: [VRFC 10-311] analyzing module ltlib_v1_0_0_match_25
INFO: [VRFC 10-311] analyzing module ltlib_v1_0_0_match_26
INFO: [VRFC 10-311] analyzing module ltlib_v1_0_0_match_27
INFO: [VRFC 10-311] analyzing module ltlib_v1_0_0_match_28
INFO: [VRFC 10-311] analyzing module ltlib_v1_0_0_match_29
INFO: [VRFC 10-311] analyzing module ltlib_v1_0_0_match_3
INFO: [VRFC 10-311] analyzing module ltlib_v1_0_0_match_30
INFO: [VRFC 10-311] analyzing module ltlib_v1_0_0_match_31
INFO: [VRFC 10-311] analyzing module ltlib_v1_0_0_match_4
INFO: [VRFC 10-311] analyzing module ltlib_v1_0_0_match_5
INFO: [VRFC 10-311] analyzing module ltlib_v1_0_0_match_6
INFO: [VRFC 10-311] analyzing module ltlib_v1_0_0_match_7
INFO: [VRFC 10-311] analyzing module ltlib_v1_0_0_match_8
INFO: [VRFC 10-311] analyzing module ltlib_v1_0_0_match_9
INFO: [VRFC 10-311] analyzing module ltlib_v1_0_0_match__parameterized0
INFO: [VRFC 10-311] analyzing module ltlib_v1_0_0_match__parameterized0_37
INFO: [VRFC 10-311] analyzing module ltlib_v1_0_0_match__parameterized0_38
INFO: [VRFC 10-311] analyzing module ltlib_v1_0_0_match__parameterized0_39
INFO: [VRFC 10-311] analyzing module ltlib_v1_0_0_match__parameterized0_40
INFO: [VRFC 10-311] analyzing module ltlib_v1_0_0_match__parameterized0_41
INFO: [VRFC 10-311] analyzing module ltlib_v1_0_0_match__parameterized0_51
INFO: [VRFC 10-311] analyzing module ltlib_v1_0_0_match__parameterized0_62
INFO: [VRFC 10-311] analyzing module ltlib_v1_0_0_match__parameterized1
INFO: [VRFC 10-311] analyzing module ltlib_v1_0_0_match__parameterized1_105
INFO: [VRFC 10-311] analyzing module ltlib_v1_0_0_match__parameterized1_83
INFO: [VRFC 10-311] analyzing module ltlib_v1_0_0_match__parameterized1_94
INFO: [VRFC 10-311] analyzing module ltlib_v1_0_0_match__parameterized2
INFO: [VRFC 10-311] analyzing module ltlib_v1_0_0_match__parameterized2_110
INFO: [VRFC 10-311] analyzing module ltlib_v1_0_0_match__parameterized2_111
INFO: [VRFC 10-311] analyzing module ltlib_v1_0_0_match__parameterized2_32
INFO: [VRFC 10-311] analyzing module ltlib_v1_0_0_match__parameterized2_33
INFO: [VRFC 10-311] analyzing module ltlib_v1_0_0_match__parameterized2_34
INFO: [VRFC 10-311] analyzing module ltlib_v1_0_0_match__parameterized2_35
INFO: [VRFC 10-311] analyzing module ltlib_v1_0_0_match__parameterized2_36
INFO: [VRFC 10-311] analyzing module ltlib_v1_0_0_match__parameterized3
INFO: [VRFC 10-311] analyzing module ltlib_v1_0_0_match__parameterized3_100
INFO: [VRFC 10-311] analyzing module ltlib_v1_0_0_match__parameterized3_101
INFO: [VRFC 10-311] analyzing module ltlib_v1_0_0_match__parameterized3_102
INFO: [VRFC 10-311] analyzing module ltlib_v1_0_0_match__parameterized3_103
INFO: [VRFC 10-311] analyzing module ltlib_v1_0_0_match__parameterized3_104
INFO: [VRFC 10-311] analyzing module ltlib_v1_0_0_match__parameterized3_106
INFO: [VRFC 10-311] analyzing module ltlib_v1_0_0_match__parameterized3_107
INFO: [VRFC 10-311] analyzing module ltlib_v1_0_0_match__parameterized3_108
INFO: [VRFC 10-311] analyzing module ltlib_v1_0_0_match__parameterized3_109
INFO: [VRFC 10-311] analyzing module ltlib_v1_0_0_match__parameterized3_42
INFO: [VRFC 10-311] analyzing module ltlib_v1_0_0_match__parameterized3_43
INFO: [VRFC 10-311] analyzing module ltlib_v1_0_0_match__parameterized3_44
INFO: [VRFC 10-311] analyzing module ltlib_v1_0_0_match__parameterized3_45
INFO: [VRFC 10-311] analyzing module ltlib_v1_0_0_match__parameterized3_46
INFO: [VRFC 10-311] analyzing module ltlib_v1_0_0_match__parameterized3_47
INFO: [VRFC 10-311] analyzing module ltlib_v1_0_0_match__parameterized3_48
INFO: [VRFC 10-311] analyzing module ltlib_v1_0_0_match__parameterized3_49
INFO: [VRFC 10-311] analyzing module ltlib_v1_0_0_match__parameterized3_50
INFO: [VRFC 10-311] analyzing module ltlib_v1_0_0_match__parameterized3_52
INFO: [VRFC 10-311] analyzing module ltlib_v1_0_0_match__parameterized3_53
INFO: [VRFC 10-311] analyzing module ltlib_v1_0_0_match__parameterized3_54
INFO: [VRFC 10-311] analyzing module ltlib_v1_0_0_match__parameterized3_55
INFO: [VRFC 10-311] analyzing module ltlib_v1_0_0_match__parameterized3_56
INFO: [VRFC 10-311] analyzing module ltlib_v1_0_0_match__parameterized3_57
INFO: [VRFC 10-311] analyzing module ltlib_v1_0_0_match__parameterized3_58
INFO: [VRFC 10-311] analyzing module ltlib_v1_0_0_match__parameterized3_59
INFO: [VRFC 10-311] analyzing module ltlib_v1_0_0_match__parameterized3_60
INFO: [VRFC 10-311] analyzing module ltlib_v1_0_0_match__parameterized3_61
INFO: [VRFC 10-311] analyzing module ltlib_v1_0_0_match__parameterized3_63
INFO: [VRFC 10-311] analyzing module ltlib_v1_0_0_match__parameterized3_64
INFO: [VRFC 10-311] analyzing module ltlib_v1_0_0_match__parameterized3_65
INFO: [VRFC 10-311] analyzing module ltlib_v1_0_0_match__parameterized3_66
INFO: [VRFC 10-311] analyzing module ltlib_v1_0_0_match__parameterized3_67
INFO: [VRFC 10-311] analyzing module ltlib_v1_0_0_match__parameterized3_68
INFO: [VRFC 10-311] analyzing module ltlib_v1_0_0_match__parameterized3_69
INFO: [VRFC 10-311] analyzing module ltlib_v1_0_0_match__parameterized3_70
INFO: [VRFC 10-311] analyzing module ltlib_v1_0_0_match__parameterized3_71
INFO: [VRFC 10-311] analyzing module ltlib_v1_0_0_match__parameterized3_72
INFO: [VRFC 10-311] analyzing module ltlib_v1_0_0_match__parameterized3_73
INFO: [VRFC 10-311] analyzing module ltlib_v1_0_0_match__parameterized3_74
INFO: [VRFC 10-311] analyzing module ltlib_v1_0_0_match__parameterized3_75
INFO: [VRFC 10-311] analyzing module ltlib_v1_0_0_match__parameterized3_76
INFO: [VRFC 10-311] analyzing module ltlib_v1_0_0_match__parameterized3_77
INFO: [VRFC 10-311] analyzing module ltlib_v1_0_0_match__parameterized3_78
INFO: [VRFC 10-311] analyzing module ltlib_v1_0_0_match__parameterized3_79
INFO: [VRFC 10-311] analyzing module ltlib_v1_0_0_match__parameterized3_80
INFO: [VRFC 10-311] analyzing module ltlib_v1_0_0_match__parameterized3_81
INFO: [VRFC 10-311] analyzing module ltlib_v1_0_0_match__parameterized3_82
INFO: [VRFC 10-311] analyzing module ltlib_v1_0_0_match__parameterized3_84
INFO: [VRFC 10-311] analyzing module ltlib_v1_0_0_match__parameterized3_85
INFO: [VRFC 10-311] analyzing module ltlib_v1_0_0_match__parameterized3_86
INFO: [VRFC 10-311] analyzing module ltlib_v1_0_0_match__parameterized3_87
INFO: [VRFC 10-311] analyzing module ltlib_v1_0_0_match__parameterized3_88
INFO: [VRFC 10-311] analyzing module ltlib_v1_0_0_match__parameterized3_89
INFO: [VRFC 10-311] analyzing module ltlib_v1_0_0_match__parameterized3_90
INFO: [VRFC 10-311] analyzing module ltlib_v1_0_0_match__parameterized3_91
INFO: [VRFC 10-311] analyzing module ltlib_v1_0_0_match__parameterized3_92
INFO: [VRFC 10-311] analyzing module ltlib_v1_0_0_match__parameterized3_93
INFO: [VRFC 10-311] analyzing module ltlib_v1_0_0_match__parameterized3_95
INFO: [VRFC 10-311] analyzing module ltlib_v1_0_0_match__parameterized3_96
INFO: [VRFC 10-311] analyzing module ltlib_v1_0_0_match__parameterized3_97
INFO: [VRFC 10-311] analyzing module ltlib_v1_0_0_match__parameterized3_98
INFO: [VRFC 10-311] analyzing module ltlib_v1_0_0_match__parameterized3_99
INFO: [VRFC 10-311] analyzing module ltlib_v1_0_0_match_nodelay
INFO: [VRFC 10-311] analyzing module ltlib_v1_0_0_match_nodelay_817
INFO: [VRFC 10-311] analyzing module ltlib_v1_0_0_match_nodelay_825
INFO: [VRFC 10-311] analyzing module ltlib_v1_0_0_rising_edge_detection
INFO: [VRFC 10-311] analyzing module ltlib_v1_0_0_rising_edge_detection_794
INFO: [VRFC 10-311] analyzing module memory
INFO: [VRFC 10-311] analyzing module memory__parameterized0
INFO: [VRFC 10-311] analyzing module rd_bin_cntr
INFO: [VRFC 10-311] analyzing module rd_bin_cntr_18
INFO: [VRFC 10-311] analyzing module rd_fwft
INFO: [VRFC 10-311] analyzing module rd_handshaking_flags
INFO: [VRFC 10-311] analyzing module rd_handshaking_flags__parameterized0
INFO: [VRFC 10-311] analyzing module rd_logic
INFO: [VRFC 10-311] analyzing module rd_logic__parameterized0
INFO: [VRFC 10-311] analyzing module rd_status_flags_as
INFO: [VRFC 10-311] analyzing module rd_status_flags_as_17
INFO: [VRFC 10-311] analyzing module reset_blk_ramfifo
INFO: [VRFC 10-311] analyzing module reset_blk_ramfifo_8
INFO: [VRFC 10-311] analyzing module synchronizer_ff
INFO: [VRFC 10-311] analyzing module synchronizer_ff_1
INFO: [VRFC 10-311] analyzing module synchronizer_ff_10
INFO: [VRFC 10-311] analyzing module synchronizer_ff_11
INFO: [VRFC 10-311] analyzing module synchronizer_ff_12
INFO: [VRFC 10-311] analyzing module synchronizer_ff_2
INFO: [VRFC 10-311] analyzing module synchronizer_ff_3
INFO: [VRFC 10-311] analyzing module synchronizer_ff_9
INFO: [VRFC 10-311] analyzing module synchronizer_ff__parameterized0
INFO: [VRFC 10-311] analyzing module synchronizer_ff__parameterized0_19
INFO: [VRFC 10-311] analyzing module synchronizer_ff__parameterized0_20
INFO: [VRFC 10-311] analyzing module synchronizer_ff__parameterized0_21
INFO: [VRFC 10-311] analyzing module synchronizer_ff__parameterized0_22
INFO: [VRFC 10-311] analyzing module synchronizer_ff__parameterized0_4
INFO: [VRFC 10-311] analyzing module synchronizer_ff__parameterized0_5
INFO: [VRFC 10-311] analyzing module synchronizer_ff__parameterized0_6
INFO: [VRFC 10-311] analyzing module u_ila_0
INFO: [VRFC 10-311] analyzing module wr_bin_cntr
INFO: [VRFC 10-311] analyzing module wr_bin_cntr_16
INFO: [VRFC 10-311] analyzing module wr_handshaking_flags
INFO: [VRFC 10-311] analyzing module wr_handshaking_flags_15
INFO: [VRFC 10-311] analyzing module wr_logic
INFO: [VRFC 10-311] analyzing module wr_logic__parameterized0
INFO: [VRFC 10-311] analyzing module wr_status_flags_as
INFO: [VRFC 10-311] analyzing module wr_status_flags_as_14
INFO: [VRFC 10-311] analyzing module xsdbm_v3_0_0_addr_ctl
INFO: [VRFC 10-311] analyzing module xsdbm_v3_0_0_bscan_switch
INFO: [VRFC 10-311] analyzing module xsdbm_v3_0_0_burst_wdlen_ctl
INFO: [VRFC 10-311] analyzing module xsdbm_v3_0_0_bus_ctl
INFO: [VRFC 10-311] analyzing module xsdbm_v3_0_0_bus_ctl_cnt
INFO: [VRFC 10-311] analyzing module xsdbm_v3_0_0_bus_ctl_flg
INFO: [VRFC 10-311] analyzing module xsdbm_v3_0_0_bus_ctl_flg__parameterized0
INFO: [VRFC 10-311] analyzing module xsdbm_v3_0_0_bus_mstr2sl_if
INFO: [VRFC 10-311] analyzing module xsdbm_v3_0_0_cmd_decode
INFO: [VRFC 10-311] analyzing module xsdbm_v3_0_0_ctl_reg
INFO: [VRFC 10-311] analyzing module xsdbm_v3_0_0_ctl_reg__parameterized0
INFO: [VRFC 10-311] analyzing module xsdbm_v3_0_0_ctl_reg__parameterized1
INFO: [VRFC 10-311] analyzing module xsdbm_v3_0_0_ctl_reg__parameterized2
INFO: [VRFC 10-311] analyzing module xsdbm_v3_0_0_icon
INFO: [VRFC 10-311] analyzing module xsdbm_v3_0_0_icon2xsdb
INFO: [VRFC 10-311] analyzing module xsdbm_v3_0_0_if
INFO: [VRFC 10-311] analyzing module xsdbm_v3_0_0_if_static_status
INFO: [VRFC 10-311] analyzing module xsdbm_v3_0_0_rdfifo
INFO: [VRFC 10-311] analyzing module xsdbm_v3_0_0_rdreg
INFO: [VRFC 10-311] analyzing module xsdbm_v3_0_0_stat
INFO: [VRFC 10-311] analyzing module xsdbm_v3_0_0_stat_reg
INFO: [VRFC 10-311] analyzing module xsdbm_v3_0_0_stat_reg__parameterized0
INFO: [VRFC 10-311] analyzing module xsdbm_v3_0_0_stat_reg__parameterized0_0
INFO: [VRFC 10-311] analyzing module xsdbm_v3_0_0_sync
INFO: [VRFC 10-311] analyzing module xsdbm_v3_0_0_wrfifo
INFO: [VRFC 10-311] analyzing module xsdbm_v3_0_0_wrreg
INFO: [VRFC 10-311] analyzing module xsdbm_v3_0_0_xsdbm
INFO: [VRFC 10-311] analyzing module xsdbm_v3_0_0_xsdbm_id
INFO: [VRFC 10-311] analyzing module xsdbs_v1_0_2_reg__parameterized114
INFO: [VRFC 10-311] analyzing module xsdbs_v1_0_2_reg__parameterized115
INFO: [VRFC 10-311] analyzing module xsdbs_v1_0_2_reg__parameterized116
INFO: [VRFC 10-311] analyzing module xsdbs_v1_0_2_reg__parameterized117
INFO: [VRFC 10-311] analyzing module xsdbs_v1_0_2_reg__parameterized129
INFO: [VRFC 10-311] analyzing module xsdbs_v1_0_2_reg__parameterized130
INFO: [VRFC 10-311] analyzing module xsdbs_v1_0_2_reg__parameterized131
INFO: [VRFC 10-311] analyzing module xsdbs_v1_0_2_reg__parameterized132
INFO: [VRFC 10-311] analyzing module xsdbs_v1_0_2_reg__parameterized133
INFO: [VRFC 10-311] analyzing module xsdbs_v1_0_2_reg__parameterized134
INFO: [VRFC 10-311] analyzing module xsdbs_v1_0_2_reg__parameterized135
INFO: [VRFC 10-311] analyzing module xsdbs_v1_0_2_reg__parameterized136
INFO: [VRFC 10-311] analyzing module xsdbs_v1_0_2_reg__parameterized137
INFO: [VRFC 10-311] analyzing module xsdbs_v1_0_2_reg__parameterized138
INFO: [VRFC 10-311] analyzing module xsdbs_v1_0_2_reg__parameterized139
INFO: [VRFC 10-311] analyzing module xsdbs_v1_0_2_reg__parameterized140
INFO: [VRFC 10-311] analyzing module xsdbs_v1_0_2_reg__parameterized142
INFO: [VRFC 10-311] analyzing module xsdbs_v1_0_2_reg__parameterized144
INFO: [VRFC 10-311] analyzing module xsdbs_v1_0_2_reg__parameterized145
INFO: [VRFC 10-311] analyzing module xsdbs_v1_0_2_reg__parameterized146
INFO: [VRFC 10-311] analyzing module xsdbs_v1_0_2_reg__parameterized147
INFO: [VRFC 10-311] analyzing module xsdbs_v1_0_2_reg_ctl
INFO: [VRFC 10-311] analyzing module xsdbs_v1_0_2_reg_ctl_800
INFO: [VRFC 10-311] analyzing module xsdbs_v1_0_2_reg_ctl_801
INFO: [VRFC 10-311] analyzing module xsdbs_v1_0_2_reg_ctl_802
INFO: [VRFC 10-311] analyzing module xsdbs_v1_0_2_reg_ctl_803
INFO: [VRFC 10-311] analyzing module xsdbs_v1_0_2_reg_ctl_806
INFO: [VRFC 10-311] analyzing module xsdbs_v1_0_2_reg_ctl_807
INFO: [VRFC 10-311] analyzing module xsdbs_v1_0_2_reg_ctl_808
INFO: [VRFC 10-311] analyzing module xsdbs_v1_0_2_reg_ctl_809
INFO: [VRFC 10-311] analyzing module xsdbs_v1_0_2_reg_ctl_810
INFO: [VRFC 10-311] analyzing module xsdbs_v1_0_2_reg_ctl_811
INFO: [VRFC 10-311] analyzing module xsdbs_v1_0_2_reg_ctl_813
INFO: [VRFC 10-311] analyzing module xsdbs_v1_0_2_reg_ctl__parameterized0
INFO: [VRFC 10-311] analyzing module xsdbs_v1_0_2_reg_ctl__parameterized1
INFO: [VRFC 10-311] analyzing module xsdbs_v1_0_2_reg_ctl__parameterized2
INFO: [VRFC 10-311] analyzing module xsdbs_v1_0_2_reg_ctl__parameterized2_804
INFO: [VRFC 10-311] analyzing module xsdbs_v1_0_2_reg_p2s
INFO: [VRFC 10-311] analyzing module xsdbs_v1_0_2_reg_p2s__parameterized0
INFO: [VRFC 10-311] analyzing module xsdbs_v1_0_2_reg_p2s__parameterized1
INFO: [VRFC 10-311] analyzing module xsdbs_v1_0_2_reg_p2s__parameterized10
INFO: [VRFC 10-311] analyzing module xsdbs_v1_0_2_reg_p2s__parameterized100
INFO: [VRFC 10-311] analyzing module xsdbs_v1_0_2_reg_p2s__parameterized101
INFO: [VRFC 10-311] analyzing module xsdbs_v1_0_2_reg_p2s__parameterized102
INFO: [VRFC 10-311] analyzing module xsdbs_v1_0_2_reg_p2s__parameterized103
INFO: [VRFC 10-311] analyzing module xsdbs_v1_0_2_reg_p2s__parameterized104
INFO: [VRFC 10-311] analyzing module xsdbs_v1_0_2_reg_p2s__parameterized105
INFO: [VRFC 10-311] analyzing module xsdbs_v1_0_2_reg_p2s__parameterized106
INFO: [VRFC 10-311] analyzing module xsdbs_v1_0_2_reg_p2s__parameterized107
INFO: [VRFC 10-311] analyzing module xsdbs_v1_0_2_reg_p2s__parameterized108
INFO: [VRFC 10-311] analyzing module xsdbs_v1_0_2_reg_p2s__parameterized109
INFO: [VRFC 10-311] analyzing module xsdbs_v1_0_2_reg_p2s__parameterized11
INFO: [VRFC 10-311] analyzing module xsdbs_v1_0_2_reg_p2s__parameterized110
INFO: [VRFC 10-311] analyzing module xsdbs_v1_0_2_reg_p2s__parameterized111
INFO: [VRFC 10-311] analyzing module xsdbs_v1_0_2_reg_p2s__parameterized112
INFO: [VRFC 10-311] analyzing module xsdbs_v1_0_2_reg_p2s__parameterized113
INFO: [VRFC 10-311] analyzing module xsdbs_v1_0_2_reg_p2s__parameterized114
INFO: [VRFC 10-311] analyzing module xsdbs_v1_0_2_reg_p2s__parameterized115
INFO: [VRFC 10-311] analyzing module xsdbs_v1_0_2_reg_p2s__parameterized116
INFO: [VRFC 10-311] analyzing module xsdbs_v1_0_2_reg_p2s__parameterized117
INFO: [VRFC 10-311] analyzing module xsdbs_v1_0_2_reg_p2s__parameterized118
INFO: [VRFC 10-311] analyzing module xsdbs_v1_0_2_reg_p2s__parameterized119
INFO: [VRFC 10-311] analyzing module xsdbs_v1_0_2_reg_p2s__parameterized12
INFO: [VRFC 10-311] analyzing module xsdbs_v1_0_2_reg_p2s__parameterized120
INFO: [VRFC 10-311] analyzing module xsdbs_v1_0_2_reg_p2s__parameterized13
INFO: [VRFC 10-311] analyzing module xsdbs_v1_0_2_reg_p2s__parameterized14
INFO: [VRFC 10-311] analyzing module xsdbs_v1_0_2_reg_p2s__parameterized15
INFO: [VRFC 10-311] analyzing module xsdbs_v1_0_2_reg_p2s__parameterized16
INFO: [VRFC 10-311] analyzing module xsdbs_v1_0_2_reg_p2s__parameterized17
INFO: [VRFC 10-311] analyzing module xsdbs_v1_0_2_reg_p2s__parameterized18
INFO: [VRFC 10-311] analyzing module xsdbs_v1_0_2_reg_p2s__parameterized19
INFO: [VRFC 10-311] analyzing module xsdbs_v1_0_2_reg_p2s__parameterized2
INFO: [VRFC 10-311] analyzing module xsdbs_v1_0_2_reg_p2s__parameterized20
INFO: [VRFC 10-311] analyzing module xsdbs_v1_0_2_reg_p2s__parameterized21
INFO: [VRFC 10-311] analyzing module xsdbs_v1_0_2_reg_p2s__parameterized22
INFO: [VRFC 10-311] analyzing module xsdbs_v1_0_2_reg_p2s__parameterized23
INFO: [VRFC 10-311] analyzing module xsdbs_v1_0_2_reg_p2s__parameterized24
INFO: [VRFC 10-311] analyzing module xsdbs_v1_0_2_reg_p2s__parameterized25
INFO: [VRFC 10-311] analyzing module xsdbs_v1_0_2_reg_p2s__parameterized26
INFO: [VRFC 10-311] analyzing module xsdbs_v1_0_2_reg_p2s__parameterized27
INFO: [VRFC 10-311] analyzing module xsdbs_v1_0_2_reg_p2s__parameterized28
INFO: [VRFC 10-311] analyzing module xsdbs_v1_0_2_reg_p2s__parameterized29
INFO: [VRFC 10-311] analyzing module xsdbs_v1_0_2_reg_p2s__parameterized3
INFO: [VRFC 10-311] analyzing module xsdbs_v1_0_2_reg_p2s__parameterized30
INFO: [VRFC 10-311] analyzing module xsdbs_v1_0_2_reg_p2s__parameterized31
INFO: [VRFC 10-311] analyzing module xsdbs_v1_0_2_reg_p2s__parameterized32
INFO: [VRFC 10-311] analyzing module xsdbs_v1_0_2_reg_p2s__parameterized33
INFO: [VRFC 10-311] analyzing module xsdbs_v1_0_2_reg_p2s__parameterized34
INFO: [VRFC 10-311] analyzing module xsdbs_v1_0_2_reg_p2s__parameterized35
INFO: [VRFC 10-311] analyzing module xsdbs_v1_0_2_reg_p2s__parameterized36
INFO: [VRFC 10-311] analyzing module xsdbs_v1_0_2_reg_p2s__parameterized37
INFO: [VRFC 10-311] analyzing module xsdbs_v1_0_2_reg_p2s__parameterized38
INFO: [VRFC 10-311] analyzing module xsdbs_v1_0_2_reg_p2s__parameterized39
INFO: [VRFC 10-311] analyzing module xsdbs_v1_0_2_reg_p2s__parameterized4
INFO: [VRFC 10-311] analyzing module xsdbs_v1_0_2_reg_p2s__parameterized40
INFO: [VRFC 10-311] analyzing module xsdbs_v1_0_2_reg_p2s__parameterized41
INFO: [VRFC 10-311] analyzing module xsdbs_v1_0_2_reg_p2s__parameterized42
INFO: [VRFC 10-311] analyzing module xsdbs_v1_0_2_reg_p2s__parameterized43
INFO: [VRFC 10-311] analyzing module xsdbs_v1_0_2_reg_p2s__parameterized44
INFO: [VRFC 10-311] analyzing module xsdbs_v1_0_2_reg_p2s__parameterized45
INFO: [VRFC 10-311] analyzing module xsdbs_v1_0_2_reg_p2s__parameterized46
INFO: [VRFC 10-311] analyzing module xsdbs_v1_0_2_reg_p2s__parameterized47
INFO: [VRFC 10-311] analyzing module xsdbs_v1_0_2_reg_p2s__parameterized48
INFO: [VRFC 10-311] analyzing module xsdbs_v1_0_2_reg_p2s__parameterized49
INFO: [VRFC 10-311] analyzing module xsdbs_v1_0_2_reg_p2s__parameterized5
INFO: [VRFC 10-311] analyzing module xsdbs_v1_0_2_reg_p2s__parameterized50
INFO: [VRFC 10-311] analyzing module xsdbs_v1_0_2_reg_p2s__parameterized51
INFO: [VRFC 10-311] analyzing module xsdbs_v1_0_2_reg_p2s__parameterized52
INFO: [VRFC 10-311] analyzing module xsdbs_v1_0_2_reg_p2s__parameterized53
INFO: [VRFC 10-311] analyzing module xsdbs_v1_0_2_reg_p2s__parameterized54
INFO: [VRFC 10-311] analyzing module xsdbs_v1_0_2_reg_p2s__parameterized55
INFO: [VRFC 10-311] analyzing module xsdbs_v1_0_2_reg_p2s__parameterized56
INFO: [VRFC 10-311] analyzing module xsdbs_v1_0_2_reg_p2s__parameterized57
INFO: [VRFC 10-311] analyzing module xsdbs_v1_0_2_reg_p2s__parameterized58
INFO: [VRFC 10-311] analyzing module xsdbs_v1_0_2_reg_p2s__parameterized59
INFO: [VRFC 10-311] analyzing module xsdbs_v1_0_2_reg_p2s__parameterized6
INFO: [VRFC 10-311] analyzing module xsdbs_v1_0_2_reg_p2s__parameterized60
INFO: [VRFC 10-311] analyzing module xsdbs_v1_0_2_reg_p2s__parameterized61
INFO: [VRFC 10-311] analyzing module xsdbs_v1_0_2_reg_p2s__parameterized62
INFO: [VRFC 10-311] analyzing module xsdbs_v1_0_2_reg_p2s__parameterized63
INFO: [VRFC 10-311] analyzing module xsdbs_v1_0_2_reg_p2s__parameterized64
INFO: [VRFC 10-311] analyzing module xsdbs_v1_0_2_reg_p2s__parameterized65
INFO: [VRFC 10-311] analyzing module xsdbs_v1_0_2_reg_p2s__parameterized66
INFO: [VRFC 10-311] analyzing module xsdbs_v1_0_2_reg_p2s__parameterized67
INFO: [VRFC 10-311] analyzing module xsdbs_v1_0_2_reg_p2s__parameterized68
INFO: [VRFC 10-311] analyzing module xsdbs_v1_0_2_reg_p2s__parameterized69
INFO: [VRFC 10-311] analyzing module xsdbs_v1_0_2_reg_p2s__parameterized7
INFO: [VRFC 10-311] analyzing module xsdbs_v1_0_2_reg_p2s__parameterized70
INFO: [VRFC 10-311] analyzing module xsdbs_v1_0_2_reg_p2s__parameterized71
INFO: [VRFC 10-311] analyzing module xsdbs_v1_0_2_reg_p2s__parameterized72
INFO: [VRFC 10-311] analyzing module xsdbs_v1_0_2_reg_p2s__parameterized73
INFO: [VRFC 10-311] analyzing module xsdbs_v1_0_2_reg_p2s__parameterized74
INFO: [VRFC 10-311] analyzing module xsdbs_v1_0_2_reg_p2s__parameterized75
INFO: [VRFC 10-311] analyzing module xsdbs_v1_0_2_reg_p2s__parameterized76
INFO: [VRFC 10-311] analyzing module xsdbs_v1_0_2_reg_p2s__parameterized77
INFO: [VRFC 10-311] analyzing module xsdbs_v1_0_2_reg_p2s__parameterized78
INFO: [VRFC 10-311] analyzing module xsdbs_v1_0_2_reg_p2s__parameterized79
INFO: [VRFC 10-311] analyzing module xsdbs_v1_0_2_reg_p2s__parameterized8
INFO: [VRFC 10-311] analyzing module xsdbs_v1_0_2_reg_p2s__parameterized80
INFO: [VRFC 10-311] analyzing module xsdbs_v1_0_2_reg_p2s__parameterized81
INFO: [VRFC 10-311] analyzing module xsdbs_v1_0_2_reg_p2s__parameterized82
INFO: [VRFC 10-311] analyzing module xsdbs_v1_0_2_reg_p2s__parameterized83
INFO: [VRFC 10-311] analyzing module xsdbs_v1_0_2_reg_p2s__parameterized84
INFO: [VRFC 10-311] analyzing module xsdbs_v1_0_2_reg_p2s__parameterized85
INFO: [VRFC 10-311] analyzing module xsdbs_v1_0_2_reg_p2s__parameterized86
INFO: [VRFC 10-311] analyzing module xsdbs_v1_0_2_reg_p2s__parameterized87
INFO: [VRFC 10-311] analyzing module xsdbs_v1_0_2_reg_p2s__parameterized88
INFO: [VRFC 10-311] analyzing module xsdbs_v1_0_2_reg_p2s__parameterized89
INFO: [VRFC 10-311] analyzing module xsdbs_v1_0_2_reg_p2s__parameterized9
INFO: [VRFC 10-311] analyzing module xsdbs_v1_0_2_reg_p2s__parameterized90
INFO: [VRFC 10-311] analyzing module xsdbs_v1_0_2_reg_p2s__parameterized91
INFO: [VRFC 10-311] analyzing module xsdbs_v1_0_2_reg_p2s__parameterized92
INFO: [VRFC 10-311] analyzing module xsdbs_v1_0_2_reg_p2s__parameterized93
INFO: [VRFC 10-311] analyzing module xsdbs_v1_0_2_reg_p2s__parameterized94
INFO: [VRFC 10-311] analyzing module xsdbs_v1_0_2_reg_p2s__parameterized95
INFO: [VRFC 10-311] analyzing module xsdbs_v1_0_2_reg_p2s__parameterized96
INFO: [VRFC 10-311] analyzing module xsdbs_v1_0_2_reg_p2s__parameterized97
INFO: [VRFC 10-311] analyzing module xsdbs_v1_0_2_reg_p2s__parameterized98
INFO: [VRFC 10-311] analyzing module xsdbs_v1_0_2_reg_p2s__parameterized99
INFO: [VRFC 10-311] analyzing module xsdbs_v1_0_2_reg_stat
INFO: [VRFC 10-311] analyzing module xsdbs_v1_0_2_reg_stat_795
INFO: [VRFC 10-311] analyzing module xsdbs_v1_0_2_reg_stat_796
INFO: [VRFC 10-311] analyzing module xsdbs_v1_0_2_reg_stat_797
INFO: [VRFC 10-311] analyzing module xsdbs_v1_0_2_reg_stat_798
INFO: [VRFC 10-311] analyzing module xsdbs_v1_0_2_reg_stat_799
INFO: [VRFC 10-311] analyzing module xsdbs_v1_0_2_reg_stat_805
INFO: [VRFC 10-311] analyzing module xsdbs_v1_0_2_reg_stat_812
INFO: [VRFC 10-311] analyzing module xsdbs_v1_0_2_reg_stat_814
INFO: [VRFC 10-311] analyzing module xsdbs_v1_0_2_reg_stream
INFO: [VRFC 10-311] analyzing module xsdbs_v1_0_2_reg_stream__parameterized0
INFO: [VRFC 10-311] analyzing module xsdbs_v1_0_2_reg_stream__parameterized1
INFO: [VRFC 10-311] analyzing module xsdbs_v1_0_2_reg_stream__parameterized2
INFO: [VRFC 10-311] analyzing module xsdbs_v1_0_2_xsdbs
INFO: [VRFC 10-311] analyzing module fifo_generator_0_blk_mem_gen_generic_cstr
INFO: [VRFC 10-311] analyzing module fifo_generator_0_blk_mem_gen_prim_width
INFO: [VRFC 10-311] analyzing module fifo_generator_0_blk_mem_gen_prim_wrapper
INFO: [VRFC 10-311] analyzing module fifo_generator_0_blk_mem_gen_top
INFO: [VRFC 10-311] analyzing module fifo_generator_0_blk_mem_gen_v8_4_3
INFO: [VRFC 10-311] analyzing module fifo_generator_0_blk_mem_gen_v8_4_3_synth
INFO: [VRFC 10-311] analyzing module fifo_generator_0_clk_x_pntrs
INFO: [VRFC 10-311] analyzing module fifo_generator_0_compare
INFO: [VRFC 10-311] analyzing module fifo_generator_0_compare_0
INFO: [VRFC 10-311] analyzing module fifo_generator_0_compare_1
INFO: [VRFC 10-311] analyzing module fifo_generator_0_compare_2
INFO: [VRFC 10-311] analyzing module fifo_generator_0_fifo_generator_ramfifo
INFO: [VRFC 10-311] analyzing module fifo_generator_0_fifo_generator_top
INFO: [VRFC 10-311] analyzing module fifo_generator_0_fifo_generator_v13_2_4
INFO: [VRFC 10-311] analyzing module fifo_generator_0_fifo_generator_v13_2_4_synth
INFO: [VRFC 10-311] analyzing module fifo_generator_0_memory
INFO: [VRFC 10-311] analyzing module fifo_generator_0_rd_bin_cntr
INFO: [VRFC 10-311] analyzing module fifo_generator_0_rd_dc_as
INFO: [VRFC 10-311] analyzing module fifo_generator_0_rd_handshaking_flags
INFO: [VRFC 10-311] analyzing module fifo_generator_0_rd_logic
INFO: [VRFC 10-311] analyzing module fifo_generator_0_rd_status_flags_as
INFO: [VRFC 10-311] analyzing module fifo_generator_0_reset_blk_ramfifo
INFO: [VRFC 10-311] analyzing module fifo_generator_0_wr_bin_cntr
INFO: [VRFC 10-311] analyzing module fifo_generator_0_wr_logic
INFO: [VRFC 10-311] analyzing module fifo_generator_0_wr_status_flags_as
INFO: [VRFC 10-311] analyzing module gig_ethernet_pcs_pma_0__AUTO_NEG
INFO: [VRFC 10-311] analyzing module gig_ethernet_pcs_pma_0__GPCS_PMA_GEN
INFO: [VRFC 10-311] analyzing module gig_ethernet_pcs_pma_0__RX
INFO: [VRFC 10-311] analyzing module gig_ethernet_pcs_pma_0__SYNCHRONISE
INFO: [VRFC 10-311] analyzing module gig_ethernet_pcs_pma_0__TX
INFO: [VRFC 10-311] analyzing module gig_ethernet_pcs_pma_0__gig_ethernet_pcs_pma_v16_1_6
INFO: [VRFC 10-311] analyzing module gig_ethernet_pcs_pma_0__reset_sync_block
INFO: [VRFC 10-311] analyzing module gig_ethernet_pcs_pma_0__sync_block
INFO: [VRFC 10-311] analyzing module glbl
INFO: [VRFC 10-2263] Analyzing Verilog file "C:/Users/DELL/Desktop/mft_k7_project/8.7/project_1/project_1.srcs/sim_1/new/test_1_tb.v" into library xil_defaultlib
INFO: [VRFC 10-311] analyzing module TOP_file_tb
