Vivado Simulator 2019.1
Copyright 1986-1999, 2001-2019 Xilinx, Inc. All Rights Reserved.
Running: E:/vivado/Vivado/2019.1/bin/unwrapped/win64.o/xelab.exe -wto fb25c3c9b9dc40948ac095e5ed445a2a --incr --debug typical --relax --mt 2 -L xil_defaultlib -L unisims_ver -L secureip --snapshot TOP_file_tb_func_impl xil_defaultlib.TOP_file_tb xil_defaultlib.glbl -log elaborate.log 
Using 2 slave threads.
Starting static elaboration
Completed static elaboration
Starting simulation data flow analysis
Completed simulation data flow analysis
Time Resolution for simulation is 1ps
Compiling module unisims_ver.BUFGCE(CE_TYPE="ASYNC")
Compiling module unisims_ver.IBUFDS
Compiling module unisims_ver.x_lut2_mux4
Compiling module unisims_ver.LUT2
Compiling module unisims_ver.FDRE_default
Compiling module unisims_ver.x_lut1_mux2
Compiling module unisims_ver.LUT1
Compiling module xil_defaultlib.xsdbm_v3_0_0_ctl_reg
Compiling module unisims_ver.LUT4
Compiling module unisims_ver.x_lut3_mux8
Compiling module unisims_ver.LUT3
Compiling module xil_defaultlib.xsdbm_v3_0_0_stat_reg
Compiling module unisims_ver.LUT6
Compiling module xil_defaultlib.xsdbm_v3_0_0_stat_reg__parameter...
Compiling module unisims_ver.LUT5
Compiling module xil_defaultlib.xsdbm_v3_0_0_ctl_reg__parameteri...
Compiling module xil_defaultlib.xsdbm_v3_0_0_ctl_reg__parameteri...
Compiling module unisims_ver.GND
Compiling module unisims_ver.VCC
Compiling module unisims_ver.FDCE_default
Compiling module xil_defaultlib.synchronizer_ff__parameterized0_...
Compiling module xil_defaultlib.synchronizer_ff__parameterized0_...
Compiling module xil_defaultlib.synchronizer_ff__parameterized0_...
Compiling module xil_defaultlib.synchronizer_ff__parameterized0_...
Compiling module xil_defaultlib.clk_x_pntrs_7
Compiling module unisims_ver.FDPE_default
Compiling module xil_defaultlib.rd_fwft
Compiling module xil_defaultlib.rd_status_flags_as_17
Compiling module xil_defaultlib.rd_handshaking_flags__parameteri...
Compiling module xil_defaultlib.rd_bin_cntr_18
Compiling module xil_defaultlib.rd_logic__parameterized0
Compiling module xil_defaultlib.wr_status_flags_as_14
Compiling module xil_defaultlib.wr_handshaking_flags_15
Compiling module xil_defaultlib.wr_bin_cntr_16
Compiling module xil_defaultlib.wr_logic__parameterized0
Compiling module unisims_ver.RAM32M16
Compiling module xil_defaultlib.dmem_13
Compiling module xil_defaultlib.memory__parameterized0
Compiling module xil_defaultlib.synchronizer_ff_9
Compiling module xil_defaultlib.synchronizer_ff_10
Compiling module xil_defaultlib.synchronizer_ff_11
Compiling module xil_defaultlib.synchronizer_ff_12
Compiling module unisims_ver.FDPE(INIT=1'b0)
Compiling module xil_defaultlib.reset_blk_ramfifo_8
Compiling module xil_defaultlib.fifo_generator_ramfifo__paramete...
Compiling module xil_defaultlib.fifo_generator_top__parameterize...
Compiling module xil_defaultlib.fifo_generator_v13_1_4_synth__pa...
Compiling module xil_defaultlib.fifo_generator_v13_1_4__paramete...
Compiling module xil_defaultlib.xsdbm_v3_0_0_rdfifo
Compiling module xil_defaultlib.xsdbm_v3_0_0_rdreg
Compiling module xil_defaultlib.synchronizer_ff__parameterized0
Compiling module xil_defaultlib.synchronizer_ff__parameterized0_...
Compiling module xil_defaultlib.synchronizer_ff__parameterized0_...
Compiling module xil_defaultlib.synchronizer_ff__parameterized0_...
Compiling module xil_defaultlib.clk_x_pntrs
Compiling module xil_defaultlib.rd_status_flags_as
Compiling module xil_defaultlib.rd_handshaking_flags
Compiling module xil_defaultlib.rd_bin_cntr
Compiling module xil_defaultlib.rd_logic
Compiling module xil_defaultlib.wr_status_flags_as
Compiling module xil_defaultlib.wr_handshaking_flags
Compiling module xil_defaultlib.wr_bin_cntr
Compiling module xil_defaultlib.wr_logic
Compiling module xil_defaultlib.dmem
Compiling module xil_defaultlib.memory
Compiling module xil_defaultlib.synchronizer_ff
Compiling module xil_defaultlib.synchronizer_ff_1
Compiling module xil_defaultlib.synchronizer_ff_2
Compiling module xil_defaultlib.synchronizer_ff_3
Compiling module xil_defaultlib.reset_blk_ramfifo
Compiling module xil_defaultlib.fifo_generator_ramfifo
Compiling module xil_defaultlib.fifo_generator_top
Compiling module xil_defaultlib.fifo_generator_v13_1_4_synth
Compiling module xil_defaultlib.fifo_generator_v13_1_4
Compiling module xil_defaultlib.xsdbm_v3_0_0_wrfifo
Compiling module xil_defaultlib.xsdbm_v3_0_0_wrreg
Compiling module xil_defaultlib.xsdbm_v3_0_0_ctl_reg__parameteri...
Compiling module xil_defaultlib.xsdbm_v3_0_0_stat_reg__parameter...
Compiling module unisims_ver.FDRE(IS_R_INVERTED=1'b1)
Compiling module xil_defaultlib.xsdbm_v3_0_0_if_static_status
Compiling module xil_defaultlib.xsdbm_v3_0_0_if
Compiling module unisims_ver.CARRY8
Compiling module xil_defaultlib.xsdbm_v3_0_0_addr_ctl
Compiling module xil_defaultlib.xsdbm_v3_0_0_burst_wdlen_ctl
Compiling module xil_defaultlib.xsdbm_v3_0_0_bus_ctl_flg__parame...
Compiling module xil_defaultlib.xsdbm_v3_0_0_bus_ctl_flg
Compiling module xil_defaultlib.xsdbm_v3_0_0_bus_ctl_cnt
Compiling module xil_defaultlib.xsdbm_v3_0_0_bus_ctl
Compiling module xil_defaultlib.xsdbm_v3_0_0_bus_mstr2sl_if
Compiling module xil_defaultlib.xsdbm_v3_0_0_icon2xsdb
Compiling module unisims_ver.FDCE(IS_CLR_INVERTED=1'b1)
Compiling module xil_defaultlib.xsdbm_v3_0_0_cmd_decode
Compiling module xil_defaultlib.xsdbm_v3_0_0_stat
Compiling module xil_defaultlib.xsdbm_v3_0_0_sync
Compiling module xil_defaultlib.xsdbm_v3_0_0_icon
Compiling module unisims_ver.BSCANE2
Compiling module xil_defaultlib.ltlib_v1_0_0_bscan
Compiling module unisims_ver.FDSE_default
Compiling module xil_defaultlib.xsdbm_v3_0_0_bscan_switch
Compiling module xil_defaultlib.xsdbm_v3_0_0_xsdbm_id
Compiling module xil_defaultlib.xsdbm_v3_0_0_xsdbm
Compiling module xil_defaultlib.dbg_hub
Compiling module xil_defaultlib.fifo_generator_0_xpm_cdc_gray
Compiling module xil_defaultlib.fifo_generator_0_xpm_cdc_gray__2
Compiling module xil_defaultlib.fifo_generator_0_clk_x_pntrs
Compiling module xil_defaultlib.fifo_generator_0_rd_dc_as
Compiling module xil_defaultlib.fifo_generator_0_compare_1
Compiling module xil_defaultlib.fifo_generator_0_compare_2
Compiling module xil_defaultlib.fifo_generator_0_rd_status_flags...
Compiling module xil_defaultlib.fifo_generator_0_rd_handshaking_...
Compiling module xil_defaultlib.fifo_generator_0_rd_bin_cntr
Compiling module xil_defaultlib.fifo_generator_0_rd_logic
Compiling module xil_defaultlib.fifo_generator_0_compare
Compiling module xil_defaultlib.fifo_generator_0_compare_0
Compiling module xil_defaultlib.fifo_generator_0_wr_status_flags...
Compiling module xil_defaultlib.fifo_generator_0_wr_bin_cntr
Compiling module xil_defaultlib.fifo_generator_0_wr_logic
Compiling module unisims_ver.RAMB18E2(CLOCK_DOMAINS="COMMON",...
Compiling module xil_defaultlib.fifo_generator_0_blk_mem_gen_pri...
Compiling module xil_defaultlib.fifo_generator_0_blk_mem_gen_pri...
Compiling module xil_defaultlib.fifo_generator_0_blk_mem_gen_gen...
Compiling module xil_defaultlib.fifo_generator_0_blk_mem_gen_top
Compiling module xil_defaultlib.fifo_generator_0_blk_mem_gen_v8_...
Compiling module xil_defaultlib.fifo_generator_0_blk_mem_gen_v8_...
Compiling module xil_defaultlib.fifo_generator_0_memory
Compiling module xil_defaultlib.fifo_generator_0_xpm_cdc_async_r...
Compiling module xil_defaultlib.fifo_generator_0_xpm_cdc_single
Compiling module xil_defaultlib.fifo_generator_0_xpm_cdc_single_...
Compiling module xil_defaultlib.fifo_generator_0_xpm_cdc_async_r...
Compiling module xil_defaultlib.fifo_generator_0_reset_blk_ramfi...
Compiling module xil_defaultlib.fifo_generator_0_fifo_generator_...
Compiling module xil_defaultlib.fifo_generator_0_fifo_generator_...
Compiling module xil_defaultlib.fifo_generator_0_fifo_generator_...
Compiling module xil_defaultlib.fifo_generator_0_fifo_generator_...
Compiling module xil_defaultlib.fifo_generator_0
Compiling module xil_defaultlib.fifio_gen
Compiling module unisims_ver.OBUF
Compiling module unisims_ver.MMCME3_ADV(CLKFBOUT_MULT_F=4.5,C...
Compiling module xil_defaultlib.clk_wiz_0_clk_wiz_0_clk_wiz
Compiling module xil_defaultlib.clk_wiz_0
Compiling module unisims_ver.IDELAYCTRL(SIM_DEVICE="ULTRASCAL...
Compiling module unisims_ver.IBUFDS_GTE3_default
Compiling module unisims_ver.BUFG_GT
Compiling module xil_defaultlib.gig_ethernet_pcs_pma_0_clocking
Compiling module xil_defaultlib.gig_ethernet_pcs_pma_0_resets
Compiling module unisims_ver.SRL16E_default
Compiling module unisims_ver.FDSE(INIT=1'b0)
Compiling module xil_defaultlib.gig_ethernet_pcs_pma_0__AUTO_NEG
Compiling module xil_defaultlib.gig_ethernet_pcs_pma_0__TX
Compiling module xil_defaultlib.gig_ethernet_pcs_pma_0__reset_sy...
Compiling module xil_defaultlib.gig_ethernet_pcs_pma_0__RX
Compiling module xil_defaultlib.gig_ethernet_pcs_pma_0__SYNCHRON...
Compiling module xil_defaultlib.gig_ethernet_pcs_pma_0__sync_blo...
Compiling module xil_defaultlib.gig_ethernet_pcs_pma_0__GPCS_PMA...
Compiling module xil_defaultlib.gig_ethernet_pcs_pma_0__gig_ethe...
Compiling module xil_defaultlib.gig_ethernet_pcs_pma_0__gig_ethe...
Compiling module unisims_ver.GTHE3_CHANNEL(ALIGN_COMMA_ENABLE...
Compiling module xil_defaultlib.gig_ethernet_pcs_pma_0__gtwizard...
Compiling module xil_defaultlib.gig_ethernet_pcs_pma_0__gig_ethe...
Compiling module xil_defaultlib.gig_ethernet_pcs_pma_0__gtwizard...
Compiling module xil_defaultlib.gig_ethernet_pcs_pma_0__gtwizard...
Compiling module unisims_ver.FDRE(INIT=1'b1)
Compiling module xil_defaultlib.gig_ethernet_pcs_pma_0__gtwizard...
Compiling module xil_defaultlib.gig_ethernet_pcs_pma_0__gtwizard...
Compiling module xil_defaultlib.gig_ethernet_pcs_pma_0__gtwizard...
Compiling module xil_defaultlib.gig_ethernet_pcs_pma_0__gtwizard...
Compiling module xil_defaultlib.gig_ethernet_pcs_pma_0__gtwizard...
Compiling module xil_defaultlib.gig_ethernet_pcs_pma_0__gtwizard...
Compiling module xil_defaultlib.gig_ethernet_pcs_pma_0__gtwizard...
Compiling module xil_defaultlib.gig_ethernet_pcs_pma_0__gtwizard...
Compiling module xil_defaultlib.gig_ethernet_pcs_pma_0__gtwizard...
Compiling module xil_defaultlib.gig_ethernet_pcs_pma_0__gtwizard...
Compiling module xil_defaultlib.gig_ethernet_pcs_pma_0__gtwizard...
Compiling module xil_defaultlib.gig_ethernet_pcs_pma_0__gtwizard...
Compiling module xil_defaultlib.gig_ethernet_pcs_pma_0__gtwizard...
Compiling module xil_defaultlib.gig_ethernet_pcs_pma_0__gtwizard...
Compiling module xil_defaultlib.gig_ethernet_pcs_pma_0__gtwizard...
Compiling module xil_defaultlib.gig_ethernet_pcs_pma_0__gtwizard...
Compiling module xil_defaultlib.gig_ethernet_pcs_pma_0__gtwizard...
Compiling module xil_defaultlib.gig_ethernet_pcs_pma_0__gtwizard...
Compiling module xil_defaultlib.gig_ethernet_pcs_pma_0__gtwizard...
Compiling module xil_defaultlib.gig_ethernet_pcs_pma_0__gtwizard...
Compiling module xil_defaultlib.gig_ethernet_pcs_pma_0__gtwizard...
Compiling module xil_defaultlib.gig_ethernet_pcs_pma_0__gig_ethe...
Compiling module xil_defaultlib.gig_ethernet_pcs_pma_0__gig_ethe...
Compiling module xil_defaultlib.gig_ethernet_pcs_pma_0__gig_ethe...
Compiling module xil_defaultlib.gig_ethernet_pcs_pma_0__gig_ethe...
Compiling module xil_defaultlib.gig_ethernet_pcs_pma_0__gig_ethe...
Compiling module xil_defaultlib.gig_ethernet_pcs_pma_0__gig_ethe...
Compiling module xil_defaultlib.gig_ethernet_pcs_pma_0
Compiling module xil_defaultlib.gig_ethernet_pcs_pma_0_support
Compiling module unisims_ver.IDELAYE3_default
Compiling module xil_defaultlib.gig_ethernet_pcs_pma_0_reset_syn...
Compiling module xil_defaultlib.gig_ethernet_pcs_pma_0_reset_syn...
Compiling module unisims_ver.RAM32X1D
Compiling module xil_defaultlib.gig_ethernet_pcs_pma_0_reset_syn...
Compiling module xil_defaultlib.gig_ethernet_pcs_pma_0_sync_bloc...
Compiling module xil_defaultlib.gig_ethernet_pcs_pma_0_sync_bloc...
Compiling module xil_defaultlib.gig_ethernet_pcs_pma_0_sync_bloc...
Compiling module xil_defaultlib.gig_ethernet_pcs_pma_0_sync_bloc...
Compiling module xil_defaultlib.gig_ethernet_pcs_pma_0_sync_bloc...
Compiling module xil_defaultlib.gig_ethernet_pcs_pma_0_sync_bloc...
Compiling module xil_defaultlib.gig_ethernet_pcs_pma_0_sync_bloc...
Compiling module xil_defaultlib.gig_ethernet_pcs_pma_0_sync_bloc...
Compiling module xil_defaultlib.gig_ethernet_pcs_pma_0_tx_elasti...
Compiling module xil_defaultlib.gig_ethernet_pcs_pma_0_example_d...
Compiling module xil_defaultlib.BBT_SiTCP_RST
Compiling module unisims_ver.RAMB36E2(DOA_REG=0,READ_WIDTH_A=...
Compiling module xil_defaultlib.BMEM_DP_OR__parameterized0
Compiling module xil_defaultlib.GMII_RXBUF
Compiling module xil_defaultlib.GMII_RXCNT
Compiling module unisims_ver.RAMB18E2(DOA_REG=0,READ_WIDTH_A=...
Compiling module xil_defaultlib.BMEM_DP_OR_1
Compiling module xil_defaultlib.BMEM_DP_OR_2
Compiling module xil_defaultlib.GMII_TXBUF
Compiling module unisims_ver.RAMB18E2(CLOCK_DOMAINS="COMMON",...
Compiling module xil_defaultlib.BMEM_DP_OR
Compiling module xil_defaultlib.GMII_TXCNT
Compiling module xil_defaultlib.GMII
Compiling module xil_defaultlib.BMEM_DP_OR__parameterized1_0
Compiling module xil_defaultlib.ECIF_RX
Compiling module xil_defaultlib.ECIF_TX
Compiling module unisims_ver.RAM32X1S
Compiling module xil_defaultlib.DMEM_SP
Compiling module unisims_ver.FDSE(IS_S_INVERTED=1'b1)
Compiling module xil_defaultlib.TCP_MNGR
Compiling module xil_defaultlib.TCP_PRE
Compiling module unisims_ver.RAMB36E2(CASCADE_ORDER_B="FIRST"...
Compiling module unisims_ver.RAMB36E2(CASCADE_ORDER_B="MIDDLE...
Compiling module unisims_ver.RAMB36E2(CASCADE_ORDER_B="LAST",...
Compiling module xil_defaultlib.BMEM_DP_OR__parameterized2
Compiling module unisims_ver.MUXF7
Compiling module unisims_ver.MUXF8
Compiling module xil_defaultlib.TCP_TXCNT
Compiling module xil_defaultlib.TCP
Compiling module xil_defaultlib.BMEM_DP_OR__parameterized1
Compiling module xil_defaultlib.UDP_LOC
Compiling module xil_defaultlib.UDP_PRE
Compiling module xil_defaultlib.UDP
Compiling module xil_defaultlib.SiTCP
Compiling module xil_defaultlib.AT93C46IF
Compiling module xil_defaultlib.MII_MIF
Compiling module xil_defaultlib.SiTCP_INT_CNTRL
Compiling module xil_defaultlib.SiTCP_INT_DMAC
Compiling module xil_defaultlib.SiTCP_INT_REG
Compiling module xil_defaultlib.SiTCP_INT
Compiling module xil_defaultlib.SiTCP_XCKU_32K_BBT_V110
Compiling module xil_defaultlib.TIMER
Compiling module xil_defaultlib.WRAP_SiTCP_GMII_XCKU_32K
Compiling module unisims_ver.RAM64M8
Compiling module xil_defaultlib.ila_v6_2_9_ila_adv_trigger_seque...
Compiling module xil_defaultlib.ila_v6_2_9_ila_fsm_memory_read
Compiling module xil_defaultlib.ila_v6_2_9_generic_counter__1
Compiling module xil_defaultlib.ila_v6_2_9_generic_counter__2
Compiling module xil_defaultlib.ila_v6_2_9_generic_counter__3
Compiling module xil_defaultlib.ila_v6_2_9_generic_counter
Compiling module xil_defaultlib.ila_v6_2_9_ila_counter
Compiling module unisims_ver.RAMB36E2(CLOCK_DOMAINS="COMMON",...
Compiling module xil_defaultlib.blk_mem_gen_v8_4_3_blk_mem_gen_p...
Compiling module xil_defaultlib.blk_mem_gen_v8_4_3_blk_mem_gen_p...
Compiling module xil_defaultlib.blk_mem_gen_v8_4_3_blk_mem_gen_p...
Compiling module xil_defaultlib.blk_mem_gen_v8_4_3_blk_mem_gen_p...
Compiling module xil_defaultlib.blk_mem_gen_v8_4_3_blk_mem_gen_g...
Compiling module xil_defaultlib.blk_mem_gen_v8_4_3_blk_mem_gen_t...
Compiling module xil_defaultlib.blk_mem_gen_v8_4_3_synth
Compiling module xil_defaultlib.blk_mem_gen_v8_4_3
Compiling module xil_defaultlib.ila_v6_2_9_ila_trace_memory
Compiling module unisims_ver.SRLC32E_default
Compiling module xil_defaultlib.ltlib_v1_0_0_cfglut6__parameteri...
Compiling module xil_defaultlib.ltlib_v1_0_0_cfglut7
Compiling module xil_defaultlib.ltlib_v1_0_0_cfglut7_815
Compiling module xil_defaultlib.ltlib_v1_0_0_cfglut6
Compiling module unisims_ver.SRLC16E_default
Compiling module xil_defaultlib.ltlib_v1_0_0_cfglut4_822
Compiling module xil_defaultlib.ltlib_v1_0_0_cfglut5_823
Compiling module xil_defaultlib.ltlib_v1_0_0_cfglut6_824
Compiling module unisims_ver.CFGLUT5_default
Compiling module xil_defaultlib.ltlib_v1_0_0_all_typeA_slice__pa...
Compiling module xil_defaultlib.ltlib_v1_0_0_all_typeA_slice__pa...
Compiling module xil_defaultlib.ltlib_v1_0_0_all_typeA__paramete...
Compiling module xil_defaultlib.ltlib_v1_0_0_allx_typeA_nodelay_...
Compiling module xil_defaultlib.ltlib_v1_0_0_match_nodelay_825
Compiling module xil_defaultlib.ila_v6_2_9_ila_cap_sample_counte...
Compiling module xil_defaultlib.ltlib_v1_0_0_cfglut4
Compiling module xil_defaultlib.ltlib_v1_0_0_cfglut5
Compiling module xil_defaultlib.ltlib_v1_0_0_cfglut5_816
Compiling module xil_defaultlib.ltlib_v1_0_0_all_typeA_slice__pa...
Compiling module xil_defaultlib.ltlib_v1_0_0_all_typeA_slice__pa...
Compiling module xil_defaultlib.ltlib_v1_0_0_all_typeA__paramete...
Compiling module xil_defaultlib.ltlib_v1_0_0_allx_typeA_nodelay_...
Compiling module xil_defaultlib.ltlib_v1_0_0_match_nodelay
Compiling module xil_defaultlib.ltlib_v1_0_0_all_typeA_slice__pa...
Compiling module xil_defaultlib.ltlib_v1_0_0_all_typeA_slice__pa...
Compiling module xil_defaultlib.ltlib_v1_0_0_all_typeA__paramete...
Compiling module xil_defaultlib.ltlib_v1_0_0_allx_typeA_nodelay
Compiling module xil_defaultlib.ltlib_v1_0_0_match_nodelay_817
Compiling module xil_defaultlib.ila_v6_2_9_ila_cap_window_counte...
Compiling module xil_defaultlib.ila_v6_2_9_ila_cap_addrgen
Compiling module xil_defaultlib.ila_v6_2_9_ila_cap_ctrl_legacy
Compiling module xil_defaultlib.xsdbs_v1_0_2_reg_ctl_813
Compiling module xil_defaultlib.xsdbs_v1_0_2_reg_stream__paramet...
Compiling module xil_defaultlib.xsdbs_v1_0_2_reg_stat_812
Compiling module xil_defaultlib.xsdbs_v1_0_2_reg_stream
Compiling module xil_defaultlib.xsdbs_v1_0_2_reg_p2s__parameteri...
Compiling module xil_defaultlib.xsdbs_v1_0_2_reg_p2s__parameteri...
Compiling module xil_defaultlib.xsdbs_v1_0_2_reg_p2s__parameteri...
Compiling module xil_defaultlib.xsdbs_v1_0_2_reg_p2s__parameteri...
Compiling module xil_defaultlib.xsdbs_v1_0_2_reg_p2s
Compiling module xil_defaultlib.xsdbs_v1_0_2_reg_p2s__parameteri...
Compiling module xil_defaultlib.xsdbs_v1_0_2_reg_p2s__parameteri...
Compiling module xil_defaultlib.xsdbs_v1_0_2_reg_p2s__parameteri...
Compiling module xil_defaultlib.xsdbs_v1_0_2_reg_p2s__parameteri...
Compiling module xil_defaultlib.xsdbs_v1_0_2_reg_p2s__parameteri...
Compiling module xil_defaultlib.xsdbs_v1_0_2_reg_p2s__parameteri...
Compiling module xil_defaultlib.xsdbs_v1_0_2_reg_p2s__parameteri...
Compiling module xil_defaultlib.xsdbs_v1_0_2_reg_p2s__parameteri...
Compiling module xil_defaultlib.xsdbs_v1_0_2_reg_p2s__parameteri...
Compiling module xil_defaultlib.xsdbs_v1_0_2_reg_p2s__parameteri...
Compiling module xil_defaultlib.xsdbs_v1_0_2_reg_p2s__parameteri...
Compiling module xil_defaultlib.xsdbs_v1_0_2_reg_p2s__parameteri...
Compiling module xil_defaultlib.xsdbs_v1_0_2_reg_p2s__parameteri...
Compiling module xil_defaultlib.xsdbs_v1_0_2_reg_p2s__parameteri...
Compiling module xil_defaultlib.xsdbs_v1_0_2_reg_p2s__parameteri...
Compiling module xil_defaultlib.xsdbs_v1_0_2_reg_p2s__parameteri...
Compiling module xil_defaultlib.xsdbs_v1_0_2_reg_p2s__parameteri...
Compiling module xil_defaultlib.xsdbs_v1_0_2_reg_p2s__parameteri...
Compiling module xil_defaultlib.xsdbs_v1_0_2_reg_p2s__parameteri...
Compiling module xil_defaultlib.xsdbs_v1_0_2_reg_p2s__parameteri...
Compiling module xil_defaultlib.xsdbs_v1_0_2_reg_p2s__parameteri...
Compiling module xil_defaultlib.xsdbs_v1_0_2_reg_p2s__parameteri...
Compiling module xil_defaultlib.xsdbs_v1_0_2_reg_p2s__parameteri...
Compiling module xil_defaultlib.xsdbs_v1_0_2_reg_p2s__parameteri...
Compiling module xil_defaultlib.xsdbs_v1_0_2_reg_p2s__parameteri...
Compiling module xil_defaultlib.xsdbs_v1_0_2_reg_p2s__parameteri...
Compiling module xil_defaultlib.xsdbs_v1_0_2_reg_p2s__parameteri...
Compiling module xil_defaultlib.xsdbs_v1_0_2_reg_p2s__parameteri...
Compiling module xil_defaultlib.xsdbs_v1_0_2_reg_p2s__parameteri...
Compiling module xil_defaultlib.xsdbs_v1_0_2_reg_p2s__parameteri...
Compiling module xil_defaultlib.xsdbs_v1_0_2_reg_p2s__parameteri...
Compiling module xil_defaultlib.xsdbs_v1_0_2_reg_p2s__parameteri...
Compiling module xil_defaultlib.xsdbs_v1_0_2_reg_p2s__parameteri...
Compiling module xil_defaultlib.xsdbs_v1_0_2_reg_p2s__parameteri...
Compiling module xil_defaultlib.xsdbs_v1_0_2_reg_p2s__parameteri...
Compiling module xil_defaultlib.xsdbs_v1_0_2_reg_p2s__parameteri...
Compiling module xil_defaultlib.xsdbs_v1_0_2_reg_p2s__parameteri...
Compiling module xil_defaultlib.xsdbs_v1_0_2_reg_p2s__parameteri...
Compiling module xil_defaultlib.xsdbs_v1_0_2_reg_p2s__parameteri...
Compiling module xil_defaultlib.xsdbs_v1_0_2_reg_p2s__parameteri...
Compiling module xil_defaultlib.xsdbs_v1_0_2_reg_p2s__parameteri...
Compiling module xil_defaultlib.xsdbs_v1_0_2_reg_p2s__parameteri...
Compiling module xil_defaultlib.xsdbs_v1_0_2_reg_p2s__parameteri...
Compiling module xil_defaultlib.xsdbs_v1_0_2_reg_p2s__parameteri...
Compiling module xil_defaultlib.xsdbs_v1_0_2_reg_p2s__parameteri...
Compiling module xil_defaultlib.xsdbs_v1_0_2_reg_p2s__parameteri...
Compiling module xil_defaultlib.xsdbs_v1_0_2_reg_p2s__parameteri...
Compiling module xil_defaultlib.xsdbs_v1_0_2_reg_p2s__parameteri...
Compiling module xil_defaultlib.xsdbs_v1_0_2_reg_p2s__parameteri...
Compiling module xil_defaultlib.xsdbs_v1_0_2_reg_p2s__parameteri...
Compiling module xil_defaultlib.xsdbs_v1_0_2_reg_p2s__parameteri...
Compiling module xil_defaultlib.xsdbs_v1_0_2_reg_p2s__parameteri...
Compiling module xil_defaultlib.xsdbs_v1_0_2_reg_p2s__parameteri...
Compiling module xil_defaultlib.xsdbs_v1_0_2_reg_p2s__parameteri...
Compiling module xil_defaultlib.xsdbs_v1_0_2_reg_p2s__parameteri...
Compiling module xil_defaultlib.xsdbs_v1_0_2_reg_p2s__parameteri...
Compiling module xil_defaultlib.xsdbs_v1_0_2_reg_p2s__parameteri...
Compiling module xil_defaultlib.xsdbs_v1_0_2_reg_p2s__parameteri...
Compiling module xil_defaultlib.xsdbs_v1_0_2_reg_p2s__parameteri...
Compiling module xil_defaultlib.xsdbs_v1_0_2_reg_p2s__parameteri...
Compiling module xil_defaultlib.xsdbs_v1_0_2_reg_p2s__parameteri...
Compiling module xil_defaultlib.xsdbs_v1_0_2_reg_p2s__parameteri...
Compiling module xil_defaultlib.xsdbs_v1_0_2_reg_p2s__parameteri...
Compiling module xil_defaultlib.xsdbs_v1_0_2_reg_p2s__parameteri...
Compiling module xil_defaultlib.xsdbs_v1_0_2_reg_p2s__parameteri...
Compiling module xil_defaultlib.xsdbs_v1_0_2_reg_p2s__parameteri...
Compiling module xil_defaultlib.xsdbs_v1_0_2_reg_p2s__parameteri...
Compiling module xil_defaultlib.xsdbs_v1_0_2_reg_p2s__parameteri...
Compiling module xil_defaultlib.xsdbs_v1_0_2_reg_p2s__parameteri...
Compiling module xil_defaultlib.xsdbs_v1_0_2_reg_p2s__parameteri...
Compiling module xil_defaultlib.xsdbs_v1_0_2_reg_p2s__parameteri...
Compiling module xil_defaultlib.xsdbs_v1_0_2_reg_p2s__parameteri...
Compiling module xil_defaultlib.xsdbs_v1_0_2_reg_p2s__parameteri...
Compiling module xil_defaultlib.xsdbs_v1_0_2_reg_p2s__parameteri...
Compiling module xil_defaultlib.xsdbs_v1_0_2_reg_p2s__parameteri...
Compiling module xil_defaultlib.xsdbs_v1_0_2_reg_p2s__parameteri...
Compiling module xil_defaultlib.xsdbs_v1_0_2_reg_p2s__parameteri...
Compiling module xil_defaultlib.xsdbs_v1_0_2_reg_p2s__parameteri...
Compiling module xil_defaultlib.xsdbs_v1_0_2_reg_p2s__parameteri...
Compiling module xil_defaultlib.xsdbs_v1_0_2_reg_p2s__parameteri...
Compiling module xil_defaultlib.xsdbs_v1_0_2_reg_p2s__parameteri...
Compiling module xil_defaultlib.xsdbs_v1_0_2_reg_p2s__parameteri...
Compiling module xil_defaultlib.xsdbs_v1_0_2_reg_p2s__parameteri...
Compiling module xil_defaultlib.xsdbs_v1_0_2_reg_p2s__parameteri...
Compiling module xil_defaultlib.xsdbs_v1_0_2_reg_p2s__parameteri...
Compiling module xil_defaultlib.xsdbs_v1_0_2_reg_p2s__parameteri...
Compiling module xil_defaultlib.xsdbs_v1_0_2_reg_p2s__parameteri...
Compiling module xil_defaultlib.xsdbs_v1_0_2_reg_p2s__parameteri...
Compiling module xil_defaultlib.xsdbs_v1_0_2_reg_p2s__parameteri...
Compiling module xil_defaultlib.xsdbs_v1_0_2_reg_p2s__parameteri...
Compiling module xil_defaultlib.xsdbs_v1_0_2_reg_p2s__parameteri...
Compiling module xil_defaultlib.xsdbs_v1_0_2_reg_p2s__parameteri...
Compiling module xil_defaultlib.xsdbs_v1_0_2_reg_p2s__parameteri...
Compiling module xil_defaultlib.xsdbs_v1_0_2_reg_p2s__parameteri...
Compiling module xil_defaultlib.xsdbs_v1_0_2_reg_p2s__parameteri...
Compiling module xil_defaultlib.xsdbs_v1_0_2_reg_p2s__parameteri...
Compiling module xil_defaultlib.xsdbs_v1_0_2_reg_p2s__parameteri...
Compiling module xil_defaultlib.xsdbs_v1_0_2_reg_p2s__parameteri...
Compiling module xil_defaultlib.xsdbs_v1_0_2_reg_p2s__parameteri...
Compiling module xil_defaultlib.xsdbs_v1_0_2_reg_p2s__parameteri...
Compiling module xil_defaultlib.xsdbs_v1_0_2_reg_p2s__parameteri...
Compiling module xil_defaultlib.xsdbs_v1_0_2_reg_p2s__parameteri...
Compiling module xil_defaultlib.xsdbs_v1_0_2_reg_p2s__parameteri...
Compiling module xil_defaultlib.xsdbs_v1_0_2_reg_p2s__parameteri...
Compiling module xil_defaultlib.xsdbs_v1_0_2_reg_p2s__parameteri...
Compiling module xil_defaultlib.xsdbs_v1_0_2_reg_p2s__parameteri...
Compiling module xil_defaultlib.xsdbs_v1_0_2_reg_p2s__parameteri...
Compiling module xil_defaultlib.xsdbs_v1_0_2_reg_p2s__parameteri...
Compiling module xil_defaultlib.xsdbs_v1_0_2_reg_p2s__parameteri...
Compiling module xil_defaultlib.xsdbs_v1_0_2_reg_p2s__parameteri...
Compiling module xil_defaultlib.xsdbs_v1_0_2_reg_p2s__parameteri...
Compiling module xil_defaultlib.xsdbs_v1_0_2_reg_p2s__parameteri...
Compiling module xil_defaultlib.xsdbs_v1_0_2_reg_p2s__parameteri...
Compiling module xil_defaultlib.xsdbs_v1_0_2_reg_p2s__parameteri...
Compiling module xil_defaultlib.xsdbs_v1_0_2_reg_p2s__parameteri...
Compiling module xil_defaultlib.xsdbs_v1_0_2_reg_p2s__parameteri...
Compiling module xil_defaultlib.xsdbs_v1_0_2_xsdbs
Compiling module xil_defaultlib.xsdbs_v1_0_2_reg_ctl_811
Compiling module xil_defaultlib.xsdbs_v1_0_2_reg__parameterized1...
Compiling module xil_defaultlib.xsdbs_v1_0_2_reg_ctl_810
Compiling module xil_defaultlib.xsdbs_v1_0_2_reg__parameterized1...
Compiling module xil_defaultlib.xsdbs_v1_0_2_reg_ctl_809
Compiling module xil_defaultlib.xsdbs_v1_0_2_reg__parameterized1...
Compiling module xil_defaultlib.xsdbs_v1_0_2_reg_ctl_808
Compiling module xil_defaultlib.xsdbs_v1_0_2_reg__parameterized1...
Compiling module xil_defaultlib.xsdbs_v1_0_2_reg_ctl_807
Compiling module xil_defaultlib.xsdbs_v1_0_2_reg__parameterized1...
Compiling module xil_defaultlib.xsdbs_v1_0_2_reg_ctl__parameteri...
Compiling module xil_defaultlib.xsdbs_v1_0_2_reg__parameterized1...
Compiling module xil_defaultlib.xsdbs_v1_0_2_reg_ctl_806
Compiling module xil_defaultlib.xsdbs_v1_0_2_reg__parameterized1...
Compiling module xil_defaultlib.xsdbs_v1_0_2_reg_ctl__parameteri...
Compiling module xil_defaultlib.xsdbs_v1_0_2_reg__parameterized1...
Compiling module xil_defaultlib.xsdbs_v1_0_2_reg_stat_805
Compiling module xil_defaultlib.xsdbs_v1_0_2_reg__parameterized1...
Compiling module xil_defaultlib.xsdbs_v1_0_2_reg_ctl__parameteri...
Compiling module xil_defaultlib.xsdbs_v1_0_2_reg__parameterized1...
Compiling module xil_defaultlib.xsdbs_v1_0_2_reg_ctl_803
Compiling module xil_defaultlib.xsdbs_v1_0_2_reg__parameterized1...
Compiling module xil_defaultlib.xsdbs_v1_0_2_reg_ctl__parameteri...
Compiling module xil_defaultlib.xsdbs_v1_0_2_reg__parameterized1...
Compiling module xil_defaultlib.xsdbs_v1_0_2_reg_ctl_802
Compiling module xil_defaultlib.xsdbs_v1_0_2_reg__parameterized1...
Compiling module xil_defaultlib.xsdbs_v1_0_2_reg_ctl_801
Compiling module xil_defaultlib.xsdbs_v1_0_2_reg__parameterized1...
Compiling module xil_defaultlib.xsdbs_v1_0_2_reg_ctl_800
Compiling module xil_defaultlib.xsdbs_v1_0_2_reg__parameterized1...
Compiling module xil_defaultlib.xsdbs_v1_0_2_reg_stat_799
Compiling module xil_defaultlib.xsdbs_v1_0_2_reg__parameterized1...
Compiling module xil_defaultlib.xsdbs_v1_0_2_reg_stat_798
Compiling module xil_defaultlib.xsdbs_v1_0_2_reg__parameterized1...
Compiling module xil_defaultlib.xsdbs_v1_0_2_reg_stat_797
Compiling module xil_defaultlib.xsdbs_v1_0_2_reg__parameterized1...
Compiling module xil_defaultlib.xsdbs_v1_0_2_reg_stat_814
Compiling module xil_defaultlib.xsdbs_v1_0_2_reg__parameterized1...
Compiling module xil_defaultlib.xsdbs_v1_0_2_reg_stat_796
Compiling module xil_defaultlib.xsdbs_v1_0_2_reg__parameterized1...
Compiling module xil_defaultlib.xsdbs_v1_0_2_reg_stat_795
Compiling module xil_defaultlib.xsdbs_v1_0_2_reg__parameterized1...
Compiling module xil_defaultlib.xsdbs_v1_0_2_reg_p2s__parameteri...
Compiling module xil_defaultlib.xsdbs_v1_0_2_reg_ctl
Compiling module xil_defaultlib.xsdbs_v1_0_2_reg_stream__paramet...
Compiling module xil_defaultlib.xsdbs_v1_0_2_reg_stat
Compiling module xil_defaultlib.xsdbs_v1_0_2_reg_stream__paramet...
Compiling module xil_defaultlib.ila_v6_2_9_ila_register
Compiling module xil_defaultlib.ltlib_v1_0_0_rising_edge_detecti...
Compiling module xil_defaultlib.ltlib_v1_0_0_async_edge_xfer
Compiling module xil_defaultlib.ltlib_v1_0_0_async_edge_xfer_791
Compiling module xil_defaultlib.ltlib_v1_0_0_async_edge_xfer_792
Compiling module xil_defaultlib.ltlib_v1_0_0_async_edge_xfer_793
Compiling module xil_defaultlib.ltlib_v1_0_0_rising_edge_detecti...
Compiling module xil_defaultlib.ila_v6_2_9_ila_reset_ctrl
Compiling module xil_defaultlib.ltlib_v1_0_0_all_typeA_slice_780
Compiling module xil_defaultlib.ltlib_v1_0_0_all_typeA_slice__pa...
Compiling module xil_defaultlib.ltlib_v1_0_0_all_typeA_slice_782
Compiling module xil_defaultlib.ltlib_v1_0_0_all_typeA_slice_783
Compiling module xil_defaultlib.ltlib_v1_0_0_all_typeA_slice_784
Compiling module xil_defaultlib.ltlib_v1_0_0_all_typeA_slice_785
Compiling module xil_defaultlib.ltlib_v1_0_0_all_typeA_slice_786
Compiling module xil_defaultlib.ltlib_v1_0_0_all_typeA_slice_787
Compiling module xil_defaultlib.ltlib_v1_0_0_all_typeA_slice_788
Compiling module xil_defaultlib.ltlib_v1_0_0_all_typeA_slice_789
Compiling module xil_defaultlib.ltlib_v1_0_0_all_typeA_slice_790
Compiling module xil_defaultlib.ltlib_v1_0_0_all_typeA_779
Compiling module xil_defaultlib.ltlib_v1_0_0_allx_typeA_778
Compiling module xil_defaultlib.ltlib_v1_0_0_match
Compiling module xil_defaultlib.ltlib_v1_0_0_all_typeA_slice_767
Compiling module xil_defaultlib.ltlib_v1_0_0_all_typeA_slice__pa...
Compiling module xil_defaultlib.ltlib_v1_0_0_all_typeA_slice_769
Compiling module xil_defaultlib.ltlib_v1_0_0_all_typeA_slice_770
Compiling module xil_defaultlib.ltlib_v1_0_0_all_typeA_slice_771
Compiling module xil_defaultlib.ltlib_v1_0_0_all_typeA_slice_772
Compiling module xil_defaultlib.ltlib_v1_0_0_all_typeA_slice_773
Compiling module xil_defaultlib.ltlib_v1_0_0_all_typeA_slice_774
Compiling module xil_defaultlib.ltlib_v1_0_0_all_typeA_slice_775
Compiling module xil_defaultlib.ltlib_v1_0_0_all_typeA_slice_776
Compiling module xil_defaultlib.ltlib_v1_0_0_all_typeA_slice_777
Compiling module xil_defaultlib.ltlib_v1_0_0_all_typeA_766
Compiling module xil_defaultlib.ltlib_v1_0_0_allx_typeA_765
Compiling module xil_defaultlib.ltlib_v1_0_0_match_0
Compiling module xil_defaultlib.ltlib_v1_0_0_all_typeA_slice_754
Compiling module xil_defaultlib.ltlib_v1_0_0_all_typeA_slice__pa...
Compiling module xil_defaultlib.ltlib_v1_0_0_all_typeA_slice_756
Compiling module xil_defaultlib.ltlib_v1_0_0_all_typeA_slice_757
Compiling module xil_defaultlib.ltlib_v1_0_0_all_typeA_slice_758
Compiling module xil_defaultlib.ltlib_v1_0_0_all_typeA_slice_759
Compiling module xil_defaultlib.ltlib_v1_0_0_all_typeA_slice_760
Compiling module xil_defaultlib.ltlib_v1_0_0_all_typeA_slice_761
Compiling module xil_defaultlib.ltlib_v1_0_0_all_typeA_slice_762
Compiling module xil_defaultlib.ltlib_v1_0_0_all_typeA_slice_763
Compiling module xil_defaultlib.ltlib_v1_0_0_all_typeA_slice_764
Compiling module xil_defaultlib.ltlib_v1_0_0_all_typeA_753
Compiling module xil_defaultlib.ltlib_v1_0_0_allx_typeA_752
Compiling module xil_defaultlib.ltlib_v1_0_0_match_1
Compiling module xil_defaultlib.ltlib_v1_0_0_all_typeA_slice_741
Compiling module xil_defaultlib.ltlib_v1_0_0_all_typeA_slice__pa...
Compiling module xil_defaultlib.ltlib_v1_0_0_all_typeA_slice_743
Compiling module xil_defaultlib.ltlib_v1_0_0_all_typeA_slice_744
Compiling module xil_defaultlib.ltlib_v1_0_0_all_typeA_slice_745
Compiling module xil_defaultlib.ltlib_v1_0_0_all_typeA_slice_746
Compiling module xil_defaultlib.ltlib_v1_0_0_all_typeA_slice_747
Compiling module xil_defaultlib.ltlib_v1_0_0_all_typeA_slice_748
Compiling module xil_defaultlib.ltlib_v1_0_0_all_typeA_slice_749
Compiling module xil_defaultlib.ltlib_v1_0_0_all_typeA_slice_750
Compiling module xil_defaultlib.ltlib_v1_0_0_all_typeA_slice_751
Compiling module xil_defaultlib.ltlib_v1_0_0_all_typeA_740
Compiling module xil_defaultlib.ltlib_v1_0_0_allx_typeA_739
Compiling module xil_defaultlib.ltlib_v1_0_0_match_2
Compiling module xil_defaultlib.ltlib_v1_0_0_all_typeA_slice_728
Compiling module xil_defaultlib.ltlib_v1_0_0_all_typeA_slice__pa...
Compiling module xil_defaultlib.ltlib_v1_0_0_all_typeA_slice_730
Compiling module xil_defaultlib.ltlib_v1_0_0_all_typeA_slice_731
Compiling module xil_defaultlib.ltlib_v1_0_0_all_typeA_slice_732
Compiling module xil_defaultlib.ltlib_v1_0_0_all_typeA_slice_733
Compiling module xil_defaultlib.ltlib_v1_0_0_all_typeA_slice_734
Compiling module xil_defaultlib.ltlib_v1_0_0_all_typeA_slice_735
Compiling module xil_defaultlib.ltlib_v1_0_0_all_typeA_slice_736
Compiling module xil_defaultlib.ltlib_v1_0_0_all_typeA_slice_737
Compiling module xil_defaultlib.ltlib_v1_0_0_all_typeA_slice_738
Compiling module xil_defaultlib.ltlib_v1_0_0_all_typeA_727
Compiling module xil_defaultlib.ltlib_v1_0_0_allx_typeA_726
Compiling module xil_defaultlib.ltlib_v1_0_0_match_3
Compiling module xil_defaultlib.ltlib_v1_0_0_all_typeA_slice_715
Compiling module xil_defaultlib.ltlib_v1_0_0_all_typeA_slice__pa...
Compiling module xil_defaultlib.ltlib_v1_0_0_all_typeA_slice_717
Compiling module xil_defaultlib.ltlib_v1_0_0_all_typeA_slice_718
Compiling module xil_defaultlib.ltlib_v1_0_0_all_typeA_slice_719
Compiling module xil_defaultlib.ltlib_v1_0_0_all_typeA_slice_720
Compiling module xil_defaultlib.ltlib_v1_0_0_all_typeA_slice_721
Compiling module xil_defaultlib.ltlib_v1_0_0_all_typeA_slice_722
Compiling module xil_defaultlib.ltlib_v1_0_0_all_typeA_slice_723
Compiling module xil_defaultlib.ltlib_v1_0_0_all_typeA_slice_724
Compiling module xil_defaultlib.ltlib_v1_0_0_all_typeA_slice_725
Compiling module xil_defaultlib.ltlib_v1_0_0_all_typeA_714
Compiling module xil_defaultlib.ltlib_v1_0_0_allx_typeA_713
Compiling module xil_defaultlib.ltlib_v1_0_0_match_4
Compiling module xil_defaultlib.ltlib_v1_0_0_all_typeA_slice_702
Compiling module xil_defaultlib.ltlib_v1_0_0_all_typeA_slice__pa...
Compiling module xil_defaultlib.ltlib_v1_0_0_all_typeA_slice_704
Compiling module xil_defaultlib.ltlib_v1_0_0_all_typeA_slice_705
Compiling module xil_defaultlib.ltlib_v1_0_0_all_typeA_slice_706
Compiling module xil_defaultlib.ltlib_v1_0_0_all_typeA_slice_707
Compiling module xil_defaultlib.ltlib_v1_0_0_all_typeA_slice_708
Compiling module xil_defaultlib.ltlib_v1_0_0_all_typeA_slice_709
Compiling module xil_defaultlib.ltlib_v1_0_0_all_typeA_slice_710
Compiling module xil_defaultlib.ltlib_v1_0_0_all_typeA_slice_711
Compiling module xil_defaultlib.ltlib_v1_0_0_all_typeA_slice_712
Compiling module xil_defaultlib.ltlib_v1_0_0_all_typeA_701
Compiling module xil_defaultlib.ltlib_v1_0_0_allx_typeA_700
Compiling module xil_defaultlib.ltlib_v1_0_0_match_5
Compiling module xil_defaultlib.ltlib_v1_0_0_all_typeA_slice_689
Compiling module xil_defaultlib.ltlib_v1_0_0_all_typeA_slice__pa...
Compiling module xil_defaultlib.ltlib_v1_0_0_all_typeA_slice_691
Compiling module xil_defaultlib.ltlib_v1_0_0_all_typeA_slice_692
Compiling module xil_defaultlib.ltlib_v1_0_0_all_typeA_slice_693
Compiling module xil_defaultlib.ltlib_v1_0_0_all_typeA_slice_694
Compiling module xil_defaultlib.ltlib_v1_0_0_all_typeA_slice_695
Compiling module xil_defaultlib.ltlib_v1_0_0_all_typeA_slice_696
Compiling module xil_defaultlib.ltlib_v1_0_0_all_typeA_slice_697
Compiling module xil_defaultlib.ltlib_v1_0_0_all_typeA_slice_698
Compiling module xil_defaultlib.ltlib_v1_0_0_all_typeA_slice_699
Compiling module xil_defaultlib.ltlib_v1_0_0_all_typeA_688
Compiling module xil_defaultlib.ltlib_v1_0_0_allx_typeA_687
Compiling module xil_defaultlib.ltlib_v1_0_0_match_6
Compiling module xil_defaultlib.ltlib_v1_0_0_all_typeA_slice_676
Compiling module xil_defaultlib.ltlib_v1_0_0_all_typeA_slice__pa...
Compiling module xil_defaultlib.ltlib_v1_0_0_all_typeA_slice_678
Compiling module xil_defaultlib.ltlib_v1_0_0_all_typeA_slice_679
Compiling module xil_defaultlib.ltlib_v1_0_0_all_typeA_slice_680
Compiling module xil_defaultlib.ltlib_v1_0_0_all_typeA_slice_681
Compiling module xil_defaultlib.ltlib_v1_0_0_all_typeA_slice_682
Compiling module xil_defaultlib.ltlib_v1_0_0_all_typeA_slice_683
Compiling module xil_defaultlib.ltlib_v1_0_0_all_typeA_slice_684
Compiling module xil_defaultlib.ltlib_v1_0_0_all_typeA_slice_685
Compiling module xil_defaultlib.ltlib_v1_0_0_all_typeA_slice_686
Compiling module xil_defaultlib.ltlib_v1_0_0_all_typeA_675
Compiling module xil_defaultlib.ltlib_v1_0_0_allx_typeA_674
Compiling module xil_defaultlib.ltlib_v1_0_0_match_7
Compiling module xil_defaultlib.ltlib_v1_0_0_all_typeA_slice_663
Compiling module xil_defaultlib.ltlib_v1_0_0_all_typeA_slice__pa...
Compiling module xil_defaultlib.ltlib_v1_0_0_all_typeA_slice_665
Compiling module xil_defaultlib.ltlib_v1_0_0_all_typeA_slice_666
Compiling module xil_defaultlib.ltlib_v1_0_0_all_typeA_slice_667
Compiling module xil_defaultlib.ltlib_v1_0_0_all_typeA_slice_668
Compiling module xil_defaultlib.ltlib_v1_0_0_all_typeA_slice_669
Compiling module xil_defaultlib.ltlib_v1_0_0_all_typeA_slice_670
Compiling module xil_defaultlib.ltlib_v1_0_0_all_typeA_slice_671
Compiling module xil_defaultlib.ltlib_v1_0_0_all_typeA_slice_672
Compiling module xil_defaultlib.ltlib_v1_0_0_all_typeA_slice_673
Compiling module xil_defaultlib.ltlib_v1_0_0_all_typeA_662
Compiling module xil_defaultlib.ltlib_v1_0_0_allx_typeA_661
Compiling module xil_defaultlib.ltlib_v1_0_0_match_8
Compiling module xil_defaultlib.ltlib_v1_0_0_all_typeA_slice_650
Compiling module xil_defaultlib.ltlib_v1_0_0_all_typeA_slice__pa...
Compiling module xil_defaultlib.ltlib_v1_0_0_all_typeA_slice_652
Compiling module xil_defaultlib.ltlib_v1_0_0_all_typeA_slice_653
Compiling module xil_defaultlib.ltlib_v1_0_0_all_typeA_slice_654
Compiling module xil_defaultlib.ltlib_v1_0_0_all_typeA_slice_655
Compiling module xil_defaultlib.ltlib_v1_0_0_all_typeA_slice_656
Compiling module xil_defaultlib.ltlib_v1_0_0_all_typeA_slice_657
Compiling module xil_defaultlib.ltlib_v1_0_0_all_typeA_slice_658
Compiling module xil_defaultlib.ltlib_v1_0_0_all_typeA_slice_659
Compiling module xil_defaultlib.ltlib_v1_0_0_all_typeA_slice_660
Compiling module xil_defaultlib.ltlib_v1_0_0_all_typeA_649
Compiling module xil_defaultlib.ltlib_v1_0_0_allx_typeA_648
Compiling module xil_defaultlib.ltlib_v1_0_0_match_9
Compiling module xil_defaultlib.ltlib_v1_0_0_all_typeA_slice_637
Compiling module xil_defaultlib.ltlib_v1_0_0_all_typeA_slice__pa...
Compiling module xil_defaultlib.ltlib_v1_0_0_all_typeA_slice_639
Compiling module xil_defaultlib.ltlib_v1_0_0_all_typeA_slice_640
Compiling module xil_defaultlib.ltlib_v1_0_0_all_typeA_slice_641
Compiling module xil_defaultlib.ltlib_v1_0_0_all_typeA_slice_642
Compiling module xil_defaultlib.ltlib_v1_0_0_all_typeA_slice_643
Compiling module xil_defaultlib.ltlib_v1_0_0_all_typeA_slice_644
Compiling module xil_defaultlib.ltlib_v1_0_0_all_typeA_slice_645
Compiling module xil_defaultlib.ltlib_v1_0_0_all_typeA_slice_646
Compiling module xil_defaultlib.ltlib_v1_0_0_all_typeA_slice_647
Compiling module xil_defaultlib.ltlib_v1_0_0_all_typeA_636
Compiling module xil_defaultlib.ltlib_v1_0_0_allx_typeA_635
Compiling module xil_defaultlib.ltlib_v1_0_0_match_10
Compiling module xil_defaultlib.ltlib_v1_0_0_all_typeA_slice_624
Compiling module xil_defaultlib.ltlib_v1_0_0_all_typeA_slice__pa...
Compiling module xil_defaultlib.ltlib_v1_0_0_all_typeA_slice_626
Compiling module xil_defaultlib.ltlib_v1_0_0_all_typeA_slice_627
Compiling module xil_defaultlib.ltlib_v1_0_0_all_typeA_slice_628
Compiling module xil_defaultlib.ltlib_v1_0_0_all_typeA_slice_629
Compiling module xil_defaultlib.ltlib_v1_0_0_all_typeA_slice_630
Compiling module xil_defaultlib.ltlib_v1_0_0_all_typeA_slice_631
Compiling module xil_defaultlib.ltlib_v1_0_0_all_typeA_slice_632
Compiling module xil_defaultlib.ltlib_v1_0_0_all_typeA_slice_633
Compiling module xil_defaultlib.ltlib_v1_0_0_all_typeA_slice_634
Compiling module xil_defaultlib.ltlib_v1_0_0_all_typeA_623
Compiling module xil_defaultlib.ltlib_v1_0_0_allx_typeA_622
Compiling module xil_defaultlib.ltlib_v1_0_0_match_11
Compiling module xil_defaultlib.ltlib_v1_0_0_all_typeA_slice_611
Compiling module xil_defaultlib.ltlib_v1_0_0_all_typeA_slice__pa...
Compiling module xil_defaultlib.ltlib_v1_0_0_all_typeA_slice_613
Compiling module xil_defaultlib.ltlib_v1_0_0_all_typeA_slice_614
Compiling module xil_defaultlib.ltlib_v1_0_0_all_typeA_slice_615
Compiling module xil_defaultlib.ltlib_v1_0_0_all_typeA_slice_616
Compiling module xil_defaultlib.ltlib_v1_0_0_all_typeA_slice_617
Compiling module xil_defaultlib.ltlib_v1_0_0_all_typeA_slice_618
Compiling module xil_defaultlib.ltlib_v1_0_0_all_typeA_slice_619
Compiling module xil_defaultlib.ltlib_v1_0_0_all_typeA_slice_620
Compiling module xil_defaultlib.ltlib_v1_0_0_all_typeA_slice_621
Compiling module xil_defaultlib.ltlib_v1_0_0_all_typeA_610
Compiling module xil_defaultlib.ltlib_v1_0_0_allx_typeA_609
Compiling module xil_defaultlib.ltlib_v1_0_0_match_12
Compiling module xil_defaultlib.ltlib_v1_0_0_all_typeA_slice_598
Compiling module xil_defaultlib.ltlib_v1_0_0_all_typeA_slice__pa...
Compiling module xil_defaultlib.ltlib_v1_0_0_all_typeA_slice_600
Compiling module xil_defaultlib.ltlib_v1_0_0_all_typeA_slice_601
Compiling module xil_defaultlib.ltlib_v1_0_0_all_typeA_slice_602
Compiling module xil_defaultlib.ltlib_v1_0_0_all_typeA_slice_603
Compiling module xil_defaultlib.ltlib_v1_0_0_all_typeA_slice_604
Compiling module xil_defaultlib.ltlib_v1_0_0_all_typeA_slice_605
Compiling module xil_defaultlib.ltlib_v1_0_0_all_typeA_slice_606
Compiling module xil_defaultlib.ltlib_v1_0_0_all_typeA_slice_607
Compiling module xil_defaultlib.ltlib_v1_0_0_all_typeA_slice_608
Compiling module xil_defaultlib.ltlib_v1_0_0_all_typeA_597
Compiling module xil_defaultlib.ltlib_v1_0_0_allx_typeA_596
Compiling module xil_defaultlib.ltlib_v1_0_0_match_13
Compiling module xil_defaultlib.ltlib_v1_0_0_all_typeA_slice_585
Compiling module xil_defaultlib.ltlib_v1_0_0_all_typeA_slice__pa...
Compiling module xil_defaultlib.ltlib_v1_0_0_all_typeA_slice_587
Compiling module xil_defaultlib.ltlib_v1_0_0_all_typeA_slice_588
Compiling module xil_defaultlib.ltlib_v1_0_0_all_typeA_slice_589
Compiling module xil_defaultlib.ltlib_v1_0_0_all_typeA_slice_590
Compiling module xil_defaultlib.ltlib_v1_0_0_all_typeA_slice_591
Compiling module xil_defaultlib.ltlib_v1_0_0_all_typeA_slice_592
Compiling module xil_defaultlib.ltlib_v1_0_0_all_typeA_slice_593
Compiling module xil_defaultlib.ltlib_v1_0_0_all_typeA_slice_594
Compiling module xil_defaultlib.ltlib_v1_0_0_all_typeA_slice_595
Compiling module xil_defaultlib.ltlib_v1_0_0_all_typeA_584
Compiling module xil_defaultlib.ltlib_v1_0_0_allx_typeA_583
Compiling module xil_defaultlib.ltlib_v1_0_0_match_14
Compiling module xil_defaultlib.ltlib_v1_0_0_all_typeA_slice_572
Compiling module xil_defaultlib.ltlib_v1_0_0_all_typeA_slice__pa...
Compiling module xil_defaultlib.ltlib_v1_0_0_all_typeA_slice_574
Compiling module xil_defaultlib.ltlib_v1_0_0_all_typeA_slice_575
Compiling module xil_defaultlib.ltlib_v1_0_0_all_typeA_slice_576
Compiling module xil_defaultlib.ltlib_v1_0_0_all_typeA_slice_577
Compiling module xil_defaultlib.ltlib_v1_0_0_all_typeA_slice_578
Compiling module xil_defaultlib.ltlib_v1_0_0_all_typeA_slice_579
Compiling module xil_defaultlib.ltlib_v1_0_0_all_typeA_slice_580
Compiling module xil_defaultlib.ltlib_v1_0_0_all_typeA_slice_581
Compiling module xil_defaultlib.ltlib_v1_0_0_all_typeA_slice_582
Compiling module xil_defaultlib.ltlib_v1_0_0_all_typeA_571
Compiling module xil_defaultlib.ltlib_v1_0_0_allx_typeA_570
Compiling module xil_defaultlib.ltlib_v1_0_0_match_15
Compiling module xil_defaultlib.ltlib_v1_0_0_all_typeA_slice_559
Compiling module xil_defaultlib.ltlib_v1_0_0_all_typeA_slice__pa...
Compiling module xil_defaultlib.ltlib_v1_0_0_all_typeA_slice_561
Compiling module xil_defaultlib.ltlib_v1_0_0_all_typeA_slice_562
Compiling module xil_defaultlib.ltlib_v1_0_0_all_typeA_slice_563
Compiling module xil_defaultlib.ltlib_v1_0_0_all_typeA_slice_564
Compiling module xil_defaultlib.ltlib_v1_0_0_all_typeA_slice_565
Compiling module xil_defaultlib.ltlib_v1_0_0_all_typeA_slice_566
Compiling module xil_defaultlib.ltlib_v1_0_0_all_typeA_slice_567
Compiling module xil_defaultlib.ltlib_v1_0_0_all_typeA_slice_568
Compiling module xil_defaultlib.ltlib_v1_0_0_all_typeA_slice_569
Compiling module xil_defaultlib.ltlib_v1_0_0_all_typeA_558
Compiling module xil_defaultlib.ltlib_v1_0_0_allx_typeA_557
Compiling module xil_defaultlib.ltlib_v1_0_0_match_16
Compiling module xil_defaultlib.ltlib_v1_0_0_all_typeA_slice_546
Compiling module xil_defaultlib.ltlib_v1_0_0_all_typeA_slice__pa...
Compiling module xil_defaultlib.ltlib_v1_0_0_all_typeA_slice_548
Compiling module xil_defaultlib.ltlib_v1_0_0_all_typeA_slice_549
Compiling module xil_defaultlib.ltlib_v1_0_0_all_typeA_slice_550
Compiling module xil_defaultlib.ltlib_v1_0_0_all_typeA_slice_551
Compiling module xil_defaultlib.ltlib_v1_0_0_all_typeA_slice_552
Compiling module xil_defaultlib.ltlib_v1_0_0_all_typeA_slice_553
Compiling module xil_defaultlib.ltlib_v1_0_0_all_typeA_slice_554
Compiling module xil_defaultlib.ltlib_v1_0_0_all_typeA_slice_555
Compiling module xil_defaultlib.ltlib_v1_0_0_all_typeA_slice_556
Compiling module xil_defaultlib.ltlib_v1_0_0_all_typeA_545
Compiling module xil_defaultlib.ltlib_v1_0_0_allx_typeA_544
Compiling module xil_defaultlib.ltlib_v1_0_0_match_17
Compiling module xil_defaultlib.ltlib_v1_0_0_all_typeA_slice_533
Compiling module xil_defaultlib.ltlib_v1_0_0_all_typeA_slice__pa...
Compiling module xil_defaultlib.ltlib_v1_0_0_all_typeA_slice_535
Compiling module xil_defaultlib.ltlib_v1_0_0_all_typeA_slice_536
Compiling module xil_defaultlib.ltlib_v1_0_0_all_typeA_slice_537
Compiling module xil_defaultlib.ltlib_v1_0_0_all_typeA_slice_538
Compiling module xil_defaultlib.ltlib_v1_0_0_all_typeA_slice_539
Compiling module xil_defaultlib.ltlib_v1_0_0_all_typeA_slice_540
Compiling module xil_defaultlib.ltlib_v1_0_0_all_typeA_slice_541
Compiling module xil_defaultlib.ltlib_v1_0_0_all_typeA_slice_542
Compiling module xil_defaultlib.ltlib_v1_0_0_all_typeA_slice_543
Compiling module xil_defaultlib.ltlib_v1_0_0_all_typeA_532
Compiling module xil_defaultlib.ltlib_v1_0_0_allx_typeA_531
Compiling module xil_defaultlib.ltlib_v1_0_0_match_18
Compiling module xil_defaultlib.ltlib_v1_0_0_all_typeA_slice_520
Compiling module xil_defaultlib.ltlib_v1_0_0_all_typeA_slice__pa...
Compiling module xil_defaultlib.ltlib_v1_0_0_all_typeA_slice_522
Compiling module xil_defaultlib.ltlib_v1_0_0_all_typeA_slice_523
Compiling module xil_defaultlib.ltlib_v1_0_0_all_typeA_slice_524
Compiling module xil_defaultlib.ltlib_v1_0_0_all_typeA_slice_525
Compiling module xil_defaultlib.ltlib_v1_0_0_all_typeA_slice_526
Compiling module xil_defaultlib.ltlib_v1_0_0_all_typeA_slice_527
Compiling module xil_defaultlib.ltlib_v1_0_0_all_typeA_slice_528
Compiling module xil_defaultlib.ltlib_v1_0_0_all_typeA_slice_529
Compiling module xil_defaultlib.ltlib_v1_0_0_all_typeA_slice_530
Compiling module xil_defaultlib.ltlib_v1_0_0_all_typeA_519
Compiling module xil_defaultlib.ltlib_v1_0_0_allx_typeA_518
Compiling module xil_defaultlib.ltlib_v1_0_0_match_19
Compiling module xil_defaultlib.ltlib_v1_0_0_all_typeA_slice_507
Compiling module xil_defaultlib.ltlib_v1_0_0_all_typeA_slice__pa...
Compiling module xil_defaultlib.ltlib_v1_0_0_all_typeA_slice_509
Compiling module xil_defaultlib.ltlib_v1_0_0_all_typeA_slice_510
Compiling module xil_defaultlib.ltlib_v1_0_0_all_typeA_slice_511
Compiling module xil_defaultlib.ltlib_v1_0_0_all_typeA_slice_512
Compiling module xil_defaultlib.ltlib_v1_0_0_all_typeA_slice_513
Compiling module xil_defaultlib.ltlib_v1_0_0_all_typeA_slice_514
Compiling module xil_defaultlib.ltlib_v1_0_0_all_typeA_slice_515
Compiling module xil_defaultlib.ltlib_v1_0_0_all_typeA_slice_516
Compiling module xil_defaultlib.ltlib_v1_0_0_all_typeA_slice_517
Compiling module xil_defaultlib.ltlib_v1_0_0_all_typeA_506
Compiling module xil_defaultlib.ltlib_v1_0_0_allx_typeA_505
Compiling module xil_defaultlib.ltlib_v1_0_0_match_20
Compiling module xil_defaultlib.ltlib_v1_0_0_all_typeA_slice_494
Compiling module xil_defaultlib.ltlib_v1_0_0_all_typeA_slice__pa...
Compiling module xil_defaultlib.ltlib_v1_0_0_all_typeA_slice_496
Compiling module xil_defaultlib.ltlib_v1_0_0_all_typeA_slice_497
Compiling module xil_defaultlib.ltlib_v1_0_0_all_typeA_slice_498
Compiling module xil_defaultlib.ltlib_v1_0_0_all_typeA_slice_499
Compiling module xil_defaultlib.ltlib_v1_0_0_all_typeA_slice_500
Compiling module xil_defaultlib.ltlib_v1_0_0_all_typeA_slice_501
Compiling module xil_defaultlib.ltlib_v1_0_0_all_typeA_slice_502
Compiling module xil_defaultlib.ltlib_v1_0_0_all_typeA_slice_503
Compiling module xil_defaultlib.ltlib_v1_0_0_all_typeA_slice_504
Compiling module xil_defaultlib.ltlib_v1_0_0_all_typeA_493
Compiling module xil_defaultlib.ltlib_v1_0_0_allx_typeA_492
Compiling module xil_defaultlib.ltlib_v1_0_0_match_21
Compiling module xil_defaultlib.ltlib_v1_0_0_all_typeA_slice_481
Compiling module xil_defaultlib.ltlib_v1_0_0_all_typeA_slice__pa...
Compiling module xil_defaultlib.ltlib_v1_0_0_all_typeA_slice_483
Compiling module xil_defaultlib.ltlib_v1_0_0_all_typeA_slice_484
Compiling module xil_defaultlib.ltlib_v1_0_0_all_typeA_slice_485
Compiling module xil_defaultlib.ltlib_v1_0_0_all_typeA_slice_486
Compiling module xil_defaultlib.ltlib_v1_0_0_all_typeA_slice_487
Compiling module xil_defaultlib.ltlib_v1_0_0_all_typeA_slice_488
Compiling module xil_defaultlib.ltlib_v1_0_0_all_typeA_slice_489
Compiling module xil_defaultlib.ltlib_v1_0_0_all_typeA_slice_490
Compiling module xil_defaultlib.ltlib_v1_0_0_all_typeA_slice_491
Compiling module xil_defaultlib.ltlib_v1_0_0_all_typeA_480
Compiling module xil_defaultlib.ltlib_v1_0_0_allx_typeA_479
Compiling module xil_defaultlib.ltlib_v1_0_0_match_22
Compiling module xil_defaultlib.ltlib_v1_0_0_all_typeA_slice_468
Compiling module xil_defaultlib.ltlib_v1_0_0_all_typeA_slice__pa...
Compiling module xil_defaultlib.ltlib_v1_0_0_all_typeA_slice_470
Compiling module xil_defaultlib.ltlib_v1_0_0_all_typeA_slice_471
Compiling module xil_defaultlib.ltlib_v1_0_0_all_typeA_slice_472
Compiling module xil_defaultlib.ltlib_v1_0_0_all_typeA_slice_473
Compiling module xil_defaultlib.ltlib_v1_0_0_all_typeA_slice_474
Compiling module xil_defaultlib.ltlib_v1_0_0_all_typeA_slice_475
Compiling module xil_defaultlib.ltlib_v1_0_0_all_typeA_slice_476
Compiling module xil_defaultlib.ltlib_v1_0_0_all_typeA_slice_477
Compiling module xil_defaultlib.ltlib_v1_0_0_all_typeA_slice_478
Compiling module xil_defaultlib.ltlib_v1_0_0_all_typeA_467
Compiling module xil_defaultlib.ltlib_v1_0_0_allx_typeA_466
Compiling module xil_defaultlib.ltlib_v1_0_0_match_23
Compiling module xil_defaultlib.ltlib_v1_0_0_all_typeA_slice_455
Compiling module xil_defaultlib.ltlib_v1_0_0_all_typeA_slice__pa...
Compiling module xil_defaultlib.ltlib_v1_0_0_all_typeA_slice_457
Compiling module xil_defaultlib.ltlib_v1_0_0_all_typeA_slice_458
Compiling module xil_defaultlib.ltlib_v1_0_0_all_typeA_slice_459
Compiling module xil_defaultlib.ltlib_v1_0_0_all_typeA_slice_460
Compiling module xil_defaultlib.ltlib_v1_0_0_all_typeA_slice_461
Compiling module xil_defaultlib.ltlib_v1_0_0_all_typeA_slice_462
Compiling module xil_defaultlib.ltlib_v1_0_0_all_typeA_slice_463
Compiling module xil_defaultlib.ltlib_v1_0_0_all_typeA_slice_464
Compiling module xil_defaultlib.ltlib_v1_0_0_all_typeA_slice_465
Compiling module xil_defaultlib.ltlib_v1_0_0_all_typeA_454
Compiling module xil_defaultlib.ltlib_v1_0_0_allx_typeA_453
Compiling module xil_defaultlib.ltlib_v1_0_0_match_24
Compiling module xil_defaultlib.ltlib_v1_0_0_all_typeA_slice_442
Compiling module xil_defaultlib.ltlib_v1_0_0_all_typeA_slice__pa...
Compiling module xil_defaultlib.ltlib_v1_0_0_all_typeA_slice_444
Compiling module xil_defaultlib.ltlib_v1_0_0_all_typeA_slice_445
Compiling module xil_defaultlib.ltlib_v1_0_0_all_typeA_slice_446
Compiling module xil_defaultlib.ltlib_v1_0_0_all_typeA_slice_447
Compiling module xil_defaultlib.ltlib_v1_0_0_all_typeA_slice_448
Compiling module xil_defaultlib.ltlib_v1_0_0_all_typeA_slice_449
Compiling module xil_defaultlib.ltlib_v1_0_0_all_typeA_slice_450
Compiling module xil_defaultlib.ltlib_v1_0_0_all_typeA_slice_451
Compiling module xil_defaultlib.ltlib_v1_0_0_all_typeA_slice_452
Compiling module xil_defaultlib.ltlib_v1_0_0_all_typeA_441
Compiling module xil_defaultlib.ltlib_v1_0_0_allx_typeA_440
Compiling module xil_defaultlib.ltlib_v1_0_0_match_25
Compiling module xil_defaultlib.ltlib_v1_0_0_all_typeA_slice_429
Compiling module xil_defaultlib.ltlib_v1_0_0_all_typeA_slice__pa...
Compiling module xil_defaultlib.ltlib_v1_0_0_all_typeA_slice_431
Compiling module xil_defaultlib.ltlib_v1_0_0_all_typeA_slice_432
Compiling module xil_defaultlib.ltlib_v1_0_0_all_typeA_slice_433
Compiling module xil_defaultlib.ltlib_v1_0_0_all_typeA_slice_434
Compiling module xil_defaultlib.ltlib_v1_0_0_all_typeA_slice_435
Compiling module xil_defaultlib.ltlib_v1_0_0_all_typeA_slice_436
Compiling module xil_defaultlib.ltlib_v1_0_0_all_typeA_slice_437
Compiling module xil_defaultlib.ltlib_v1_0_0_all_typeA_slice_438
Compiling module xil_defaultlib.ltlib_v1_0_0_all_typeA_slice_439
Compiling module xil_defaultlib.ltlib_v1_0_0_all_typeA_428
Compiling module xil_defaultlib.ltlib_v1_0_0_allx_typeA_427
Compiling module xil_defaultlib.ltlib_v1_0_0_match_26
Compiling module xil_defaultlib.ltlib_v1_0_0_all_typeA_slice_416
Compiling module xil_defaultlib.ltlib_v1_0_0_all_typeA_slice__pa...
Compiling module xil_defaultlib.ltlib_v1_0_0_all_typeA_slice_418
Compiling module xil_defaultlib.ltlib_v1_0_0_all_typeA_slice_419
Compiling module xil_defaultlib.ltlib_v1_0_0_all_typeA_slice_420
Compiling module xil_defaultlib.ltlib_v1_0_0_all_typeA_slice_421
Compiling module xil_defaultlib.ltlib_v1_0_0_all_typeA_slice_422
Compiling module xil_defaultlib.ltlib_v1_0_0_all_typeA_slice_423
Compiling module xil_defaultlib.ltlib_v1_0_0_all_typeA_slice_424
Compiling module xil_defaultlib.ltlib_v1_0_0_all_typeA_slice_425
Compiling module xil_defaultlib.ltlib_v1_0_0_all_typeA_slice_426
Compiling module xil_defaultlib.ltlib_v1_0_0_all_typeA_415
Compiling module xil_defaultlib.ltlib_v1_0_0_allx_typeA_414
Compiling module xil_defaultlib.ltlib_v1_0_0_match_27
Compiling module xil_defaultlib.ltlib_v1_0_0_all_typeA_slice_403
Compiling module xil_defaultlib.ltlib_v1_0_0_all_typeA_slice__pa...
Compiling module xil_defaultlib.ltlib_v1_0_0_all_typeA_slice_405
Compiling module xil_defaultlib.ltlib_v1_0_0_all_typeA_slice_406
Compiling module xil_defaultlib.ltlib_v1_0_0_all_typeA_slice_407
Compiling module xil_defaultlib.ltlib_v1_0_0_all_typeA_slice_408
Compiling module xil_defaultlib.ltlib_v1_0_0_all_typeA_slice_409
Compiling module xil_defaultlib.ltlib_v1_0_0_all_typeA_slice_410
Compiling module xil_defaultlib.ltlib_v1_0_0_all_typeA_slice_411
Compiling module xil_defaultlib.ltlib_v1_0_0_all_typeA_slice_412
Compiling module xil_defaultlib.ltlib_v1_0_0_all_typeA_slice_413
Compiling module xil_defaultlib.ltlib_v1_0_0_all_typeA_402
Compiling module xil_defaultlib.ltlib_v1_0_0_allx_typeA_401
Compiling module xil_defaultlib.ltlib_v1_0_0_match_28
Compiling module xil_defaultlib.ltlib_v1_0_0_all_typeA_slice_390
Compiling module xil_defaultlib.ltlib_v1_0_0_all_typeA_slice__pa...
Compiling module xil_defaultlib.ltlib_v1_0_0_all_typeA_slice_392
Compiling module xil_defaultlib.ltlib_v1_0_0_all_typeA_slice_393
Compiling module xil_defaultlib.ltlib_v1_0_0_all_typeA_slice_394
Compiling module xil_defaultlib.ltlib_v1_0_0_all_typeA_slice_395
Compiling module xil_defaultlib.ltlib_v1_0_0_all_typeA_slice_396
Compiling module xil_defaultlib.ltlib_v1_0_0_all_typeA_slice_397
Compiling module xil_defaultlib.ltlib_v1_0_0_all_typeA_slice_398
Compiling module xil_defaultlib.ltlib_v1_0_0_all_typeA_slice_399
Compiling module xil_defaultlib.ltlib_v1_0_0_all_typeA_slice_400
Compiling module xil_defaultlib.ltlib_v1_0_0_all_typeA_389
Compiling module xil_defaultlib.ltlib_v1_0_0_allx_typeA_388
Compiling module xil_defaultlib.ltlib_v1_0_0_match_29
Compiling module xil_defaultlib.ltlib_v1_0_0_all_typeA_slice_377
Compiling module xil_defaultlib.ltlib_v1_0_0_all_typeA_slice__pa...
Compiling module xil_defaultlib.ltlib_v1_0_0_all_typeA_slice_379
Compiling module xil_defaultlib.ltlib_v1_0_0_all_typeA_slice_380
Compiling module xil_defaultlib.ltlib_v1_0_0_all_typeA_slice_381
Compiling module xil_defaultlib.ltlib_v1_0_0_all_typeA_slice_382
Compiling module xil_defaultlib.ltlib_v1_0_0_all_typeA_slice_383
Compiling module xil_defaultlib.ltlib_v1_0_0_all_typeA_slice_384
Compiling module xil_defaultlib.ltlib_v1_0_0_all_typeA_slice_385
Compiling module xil_defaultlib.ltlib_v1_0_0_all_typeA_slice_386
Compiling module xil_defaultlib.ltlib_v1_0_0_all_typeA_slice_387
Compiling module xil_defaultlib.ltlib_v1_0_0_all_typeA_376
Compiling module xil_defaultlib.ltlib_v1_0_0_allx_typeA_375
Compiling module xil_defaultlib.ltlib_v1_0_0_match_30
Compiling module xil_defaultlib.ltlib_v1_0_0_all_typeA_slice_364
Compiling module xil_defaultlib.ltlib_v1_0_0_all_typeA_slice__pa...
Compiling module xil_defaultlib.ltlib_v1_0_0_all_typeA_slice_366
Compiling module xil_defaultlib.ltlib_v1_0_0_all_typeA_slice_367
Compiling module xil_defaultlib.ltlib_v1_0_0_all_typeA_slice_368
Compiling module xil_defaultlib.ltlib_v1_0_0_all_typeA_slice_369
Compiling module xil_defaultlib.ltlib_v1_0_0_all_typeA_slice_370
Compiling module xil_defaultlib.ltlib_v1_0_0_all_typeA_slice_371
Compiling module xil_defaultlib.ltlib_v1_0_0_all_typeA_slice_372
Compiling module xil_defaultlib.ltlib_v1_0_0_all_typeA_slice_373
Compiling module xil_defaultlib.ltlib_v1_0_0_all_typeA_slice_374
Compiling module xil_defaultlib.ltlib_v1_0_0_all_typeA
Compiling module xil_defaultlib.ltlib_v1_0_0_allx_typeA
Compiling module xil_defaultlib.ltlib_v1_0_0_match_31
Compiling module xil_defaultlib.ltlib_v1_0_0_all_typeA_slice_362
Compiling module xil_defaultlib.ltlib_v1_0_0_all_typeA_slice__pa...
Compiling module xil_defaultlib.ltlib_v1_0_0_all_typeA__paramete...
Compiling module xil_defaultlib.ltlib_v1_0_0_allx_typeA__paramet...
Compiling module xil_defaultlib.ltlib_v1_0_0_match__parameterize...
Compiling module xil_defaultlib.ltlib_v1_0_0_all_typeA_slice__pa...
Compiling module xil_defaultlib.ltlib_v1_0_0_all_typeA__paramete...
Compiling module xil_defaultlib.ltlib_v1_0_0_allx_typeA__paramet...
Compiling module xil_defaultlib.ltlib_v1_0_0_match__parameterize...
Compiling module xil_defaultlib.ltlib_v1_0_0_all_typeA_slice__pa...
Compiling module xil_defaultlib.ltlib_v1_0_0_all_typeA__paramete...
Compiling module xil_defaultlib.ltlib_v1_0_0_allx_typeA__paramet...
Compiling module xil_defaultlib.ltlib_v1_0_0_match__parameterize...
Compiling module xil_defaultlib.ltlib_v1_0_0_all_typeA_slice__pa...
Compiling module xil_defaultlib.ltlib_v1_0_0_all_typeA__paramete...
Compiling module xil_defaultlib.ltlib_v1_0_0_allx_typeA__paramet...
Compiling module xil_defaultlib.ltlib_v1_0_0_match__parameterize...
Compiling module xil_defaultlib.ltlib_v1_0_0_all_typeA_slice__pa...
Compiling module xil_defaultlib.ltlib_v1_0_0_all_typeA__paramete...
Compiling module xil_defaultlib.ltlib_v1_0_0_allx_typeA__paramet...
Compiling module xil_defaultlib.ltlib_v1_0_0_match__parameterize...
Compiling module xil_defaultlib.ltlib_v1_0_0_all_typeA_slice__pa...
Compiling module xil_defaultlib.ltlib_v1_0_0_all_typeA__paramete...
Compiling module xil_defaultlib.ltlib_v1_0_0_allx_typeA__paramet...
Compiling module xil_defaultlib.ltlib_v1_0_0_match__parameterize...
Compiling module xil_defaultlib.ltlib_v1_0_0_all_typeA_slice__pa...
Compiling module xil_defaultlib.ltlib_v1_0_0_all_typeA__paramete...
Compiling module xil_defaultlib.ltlib_v1_0_0_allx_typeA__paramet...
Compiling module xil_defaultlib.ltlib_v1_0_0_match__parameterize...
Compiling module xil_defaultlib.ltlib_v1_0_0_all_typeA_slice_340
Compiling module xil_defaultlib.ltlib_v1_0_0_all_typeA_slice__pa...
Compiling module xil_defaultlib.ltlib_v1_0_0_all_typeA__paramete...
Compiling module xil_defaultlib.ltlib_v1_0_0_allx_typeA__paramet...
Compiling module xil_defaultlib.ltlib_v1_0_0_match__parameterize...
Compiling module xil_defaultlib.ltlib_v1_0_0_all_typeA_slice_336
Compiling module xil_defaultlib.ltlib_v1_0_0_all_typeA_slice__pa...
Compiling module xil_defaultlib.ltlib_v1_0_0_all_typeA__paramete...
Compiling module xil_defaultlib.ltlib_v1_0_0_allx_typeA__paramet...
Compiling module xil_defaultlib.ltlib_v1_0_0_match__parameterize...
Compiling module xil_defaultlib.ltlib_v1_0_0_all_typeA_slice_332
Compiling module xil_defaultlib.ltlib_v1_0_0_all_typeA_slice__pa...
Compiling module xil_defaultlib.ltlib_v1_0_0_all_typeA__paramete...
Compiling module xil_defaultlib.ltlib_v1_0_0_allx_typeA__paramet...
Compiling module xil_defaultlib.ltlib_v1_0_0_match__parameterize...
Compiling module xil_defaultlib.ltlib_v1_0_0_all_typeA_slice_328
Compiling module xil_defaultlib.ltlib_v1_0_0_all_typeA_slice__pa...
Compiling module xil_defaultlib.ltlib_v1_0_0_all_typeA__paramete...
Compiling module xil_defaultlib.ltlib_v1_0_0_allx_typeA__paramet...
Compiling module xil_defaultlib.ltlib_v1_0_0_match__parameterize...
Compiling module xil_defaultlib.ltlib_v1_0_0_all_typeA_slice_324
Compiling module xil_defaultlib.ltlib_v1_0_0_all_typeA_slice__pa...
Compiling module xil_defaultlib.ltlib_v1_0_0_all_typeA__paramete...
Compiling module xil_defaultlib.ltlib_v1_0_0_allx_typeA__paramet...
Compiling module xil_defaultlib.ltlib_v1_0_0_match__parameterize...
Compiling module xil_defaultlib.ltlib_v1_0_0_all_typeA_slice__pa...
Compiling module xil_defaultlib.ltlib_v1_0_0_all_typeA__paramete...
Compiling module xil_defaultlib.ltlib_v1_0_0_allx_typeA__paramet...
Compiling module xil_defaultlib.ltlib_v1_0_0_match__parameterize...
Compiling module xil_defaultlib.ltlib_v1_0_0_all_typeA_slice__pa...
Compiling module xil_defaultlib.ltlib_v1_0_0_all_typeA__paramete...
Compiling module xil_defaultlib.ltlib_v1_0_0_allx_typeA__paramet...
Compiling module xil_defaultlib.ltlib_v1_0_0_match__parameterize...
Compiling module xil_defaultlib.ltlib_v1_0_0_all_typeA_slice__pa...
Compiling module xil_defaultlib.ltlib_v1_0_0_all_typeA__paramete...
Compiling module xil_defaultlib.ltlib_v1_0_0_allx_typeA__paramet...
Compiling module xil_defaultlib.ltlib_v1_0_0_match__parameterize...
Compiling module xil_defaultlib.ltlib_v1_0_0_all_typeA_slice__pa...
Compiling module xil_defaultlib.ltlib_v1_0_0_all_typeA__paramete...
Compiling module xil_defaultlib.ltlib_v1_0_0_allx_typeA__paramet...
Compiling module xil_defaultlib.ltlib_v1_0_0_match__parameterize...
Compiling module xil_defaultlib.ltlib_v1_0_0_all_typeA_slice__pa...
Compiling module xil_defaultlib.ltlib_v1_0_0_all_typeA__paramete...
Compiling module xil_defaultlib.ltlib_v1_0_0_allx_typeA__paramet...
Compiling module xil_defaultlib.ltlib_v1_0_0_match__parameterize...
Compiling module xil_defaultlib.ltlib_v1_0_0_all_typeA_slice__pa...
Compiling module xil_defaultlib.ltlib_v1_0_0_all_typeA__paramete...
Compiling module xil_defaultlib.ltlib_v1_0_0_allx_typeA__paramet...
Compiling module xil_defaultlib.ltlib_v1_0_0_match__parameterize...
Compiling module xil_defaultlib.ltlib_v1_0_0_all_typeA_slice__pa...
Compiling module xil_defaultlib.ltlib_v1_0_0_all_typeA__paramete...
Compiling module xil_defaultlib.ltlib_v1_0_0_allx_typeA__paramet...
Compiling module xil_defaultlib.ltlib_v1_0_0_match__parameterize...
Compiling module xil_defaultlib.ltlib_v1_0_0_all_typeA_slice__pa...
Compiling module xil_defaultlib.ltlib_v1_0_0_all_typeA__paramete...
Compiling module xil_defaultlib.ltlib_v1_0_0_allx_typeA__paramet...
Compiling module xil_defaultlib.ltlib_v1_0_0_match__parameterize...
Compiling module xil_defaultlib.ltlib_v1_0_0_all_typeA_slice__pa...
Compiling module xil_defaultlib.ltlib_v1_0_0_all_typeA__paramete...
Compiling module xil_defaultlib.ltlib_v1_0_0_allx_typeA__paramet...
Compiling module xil_defaultlib.ltlib_v1_0_0_match__parameterize...
Compiling module xil_defaultlib.ltlib_v1_0_0_all_typeA_slice__pa...
Compiling module xil_defaultlib.ltlib_v1_0_0_all_typeA__paramete...
Compiling module xil_defaultlib.ltlib_v1_0_0_allx_typeA__paramet...
Compiling module xil_defaultlib.ltlib_v1_0_0_match__parameterize...
Compiling module xil_defaultlib.ltlib_v1_0_0_all_typeA_slice_290
Compiling module xil_defaultlib.ltlib_v1_0_0_all_typeA_slice__pa...
Compiling module xil_defaultlib.ltlib_v1_0_0_all_typeA__paramete...
Compiling module xil_defaultlib.ltlib_v1_0_0_allx_typeA__paramet...
Compiling module xil_defaultlib.ltlib_v1_0_0_match__parameterize...
Compiling module xil_defaultlib.ltlib_v1_0_0_all_typeA_slice__pa...
Compiling module xil_defaultlib.ltlib_v1_0_0_all_typeA__paramete...
Compiling module xil_defaultlib.ltlib_v1_0_0_allx_typeA__paramet...
Compiling module xil_defaultlib.ltlib_v1_0_0_match__parameterize...
Compiling module xil_defaultlib.ltlib_v1_0_0_all_typeA_slice__pa...
Compiling module xil_defaultlib.ltlib_v1_0_0_all_typeA__paramete...
Compiling module xil_defaultlib.ltlib_v1_0_0_allx_typeA__paramet...
Compiling module xil_defaultlib.ltlib_v1_0_0_match__parameterize...
Compiling module xil_defaultlib.ltlib_v1_0_0_all_typeA_slice__pa...
Compiling module xil_defaultlib.ltlib_v1_0_0_all_typeA__paramete...
Compiling module xil_defaultlib.ltlib_v1_0_0_allx_typeA__paramet...
Compiling module xil_defaultlib.ltlib_v1_0_0_match__parameterize...
Compiling module xil_defaultlib.ltlib_v1_0_0_all_typeA_slice__pa...
Compiling module xil_defaultlib.ltlib_v1_0_0_all_typeA__paramete...
Compiling module xil_defaultlib.ltlib_v1_0_0_allx_typeA__paramet...
Compiling module xil_defaultlib.ltlib_v1_0_0_match__parameterize...
Compiling module xil_defaultlib.ltlib_v1_0_0_all_typeA_slice__pa...
Compiling module xil_defaultlib.ltlib_v1_0_0_all_typeA__paramete...
Compiling module xil_defaultlib.ltlib_v1_0_0_allx_typeA__paramet...
Compiling module xil_defaultlib.ltlib_v1_0_0_match__parameterize...
Compiling module xil_defaultlib.ltlib_v1_0_0_all_typeA_slice__pa...
Compiling module xil_defaultlib.ltlib_v1_0_0_all_typeA__paramete...
Compiling module xil_defaultlib.ltlib_v1_0_0_allx_typeA__paramet...
Compiling module xil_defaultlib.ltlib_v1_0_0_match__parameterize...
Compiling module xil_defaultlib.ltlib_v1_0_0_all_typeA_slice__pa...
Compiling module xil_defaultlib.ltlib_v1_0_0_all_typeA__paramete...
Compiling module xil_defaultlib.ltlib_v1_0_0_allx_typeA__paramet...
Compiling module xil_defaultlib.ltlib_v1_0_0_match__parameterize...
Compiling module xil_defaultlib.ltlib_v1_0_0_all_typeA_slice__pa...
Compiling module xil_defaultlib.ltlib_v1_0_0_all_typeA__paramete...
Compiling module xil_defaultlib.ltlib_v1_0_0_allx_typeA__paramet...
Compiling module xil_defaultlib.ltlib_v1_0_0_match__parameterize...
Compiling module xil_defaultlib.ltlib_v1_0_0_all_typeA_slice__pa...
Compiling module xil_defaultlib.ltlib_v1_0_0_all_typeA__paramete...
Compiling module xil_defaultlib.ltlib_v1_0_0_allx_typeA__paramet...
Compiling module xil_defaultlib.ltlib_v1_0_0_match__parameterize...
Compiling module xil_defaultlib.ltlib_v1_0_0_all_typeA_slice__pa...
Compiling module xil_defaultlib.ltlib_v1_0_0_all_typeA__paramete...
Compiling module xil_defaultlib.ltlib_v1_0_0_allx_typeA__paramet...
Compiling module xil_defaultlib.ltlib_v1_0_0_match__parameterize...
Compiling module xil_defaultlib.ltlib_v1_0_0_all_typeA_slice
Compiling module xil_defaultlib.ltlib_v1_0_0_all_typeA_slice__pa...
Compiling module xil_defaultlib.ltlib_v1_0_0_all_typeA__paramete...
Compiling module xil_defaultlib.ltlib_v1_0_0_allx_typeA__paramet...
Compiling module xil_defaultlib.ltlib_v1_0_0_match__parameterize...
Compiling module xil_defaultlib.ltlib_v1_0_0_all_typeA_slice__pa...
Compiling module xil_defaultlib.ltlib_v1_0_0_all_typeA__paramete...
Compiling module xil_defaultlib.ltlib_v1_0_0_allx_typeA__paramet...
Compiling module xil_defaultlib.ltlib_v1_0_0_match__parameterize...
Compiling module xil_defaultlib.ltlib_v1_0_0_all_typeA_slice__pa...
Compiling module xil_defaultlib.ltlib_v1_0_0_all_typeA__paramete...
Compiling module xil_defaultlib.ltlib_v1_0_0_allx_typeA__paramet...
Compiling module xil_defaultlib.ltlib_v1_0_0_match__parameterize...
Compiling module xil_defaultlib.ltlib_v1_0_0_all_typeA_slice__pa...
Compiling module xil_defaultlib.ltlib_v1_0_0_all_typeA__paramete...
Compiling module xil_defaultlib.ltlib_v1_0_0_allx_typeA__paramet...
Compiling module xil_defaultlib.ltlib_v1_0_0_match__parameterize...
Compiling module xil_defaultlib.ltlib_v1_0_0_all_typeA_slice__pa...
Compiling module xil_defaultlib.ltlib_v1_0_0_all_typeA__paramete...
Compiling module xil_defaultlib.ltlib_v1_0_0_allx_typeA__paramet...
Compiling module xil_defaultlib.ltlib_v1_0_0_match__parameterize...
Compiling module xil_defaultlib.ltlib_v1_0_0_all_typeA_slice__pa...
Compiling module xil_defaultlib.ltlib_v1_0_0_all_typeA__paramete...
Compiling module xil_defaultlib.ltlib_v1_0_0_allx_typeA__paramet...
Compiling module xil_defaultlib.ltlib_v1_0_0_match__parameterize...
Compiling module xil_defaultlib.ltlib_v1_0_0_all_typeA_slice__pa...
Compiling module xil_defaultlib.ltlib_v1_0_0_all_typeA__paramete...
Compiling module xil_defaultlib.ltlib_v1_0_0_allx_typeA__paramet...
Compiling module xil_defaultlib.ltlib_v1_0_0_match__parameterize...
Compiling module xil_defaultlib.ltlib_v1_0_0_all_typeA_slice__pa...
Compiling module xil_defaultlib.ltlib_v1_0_0_all_typeA__paramete...
Compiling module xil_defaultlib.ltlib_v1_0_0_allx_typeA__paramet...
Compiling module xil_defaultlib.ltlib_v1_0_0_match__parameterize...
Compiling module xil_defaultlib.ltlib_v1_0_0_all_typeA_slice__pa...
Compiling module xil_defaultlib.ltlib_v1_0_0_all_typeA__paramete...
Compiling module xil_defaultlib.ltlib_v1_0_0_allx_typeA__paramet...
Compiling module xil_defaultlib.ltlib_v1_0_0_match__parameterize...
Compiling module xil_defaultlib.ltlib_v1_0_0_all_typeA_slice__pa...
Compiling module xil_defaultlib.ltlib_v1_0_0_all_typeA__paramete...
Compiling module xil_defaultlib.ltlib_v1_0_0_allx_typeA__paramet...
Compiling module xil_defaultlib.ltlib_v1_0_0_match__parameterize...
Compiling module xil_defaultlib.ltlib_v1_0_0_all_typeA_slice__pa...
Compiling module xil_defaultlib.ltlib_v1_0_0_all_typeA__paramete...
Compiling module xil_defaultlib.ltlib_v1_0_0_allx_typeA__paramet...
Compiling module xil_defaultlib.ltlib_v1_0_0_match__parameterize...
Compiling module xil_defaultlib.ltlib_v1_0_0_all_typeA_slice__pa...
Compiling module xil_defaultlib.ltlib_v1_0_0_all_typeA__paramete...
Compiling module xil_defaultlib.ltlib_v1_0_0_allx_typeA__paramet...
Compiling module xil_defaultlib.ltlib_v1_0_0_match__parameterize...
Compiling module xil_defaultlib.ltlib_v1_0_0_all_typeA_slice__pa...
Compiling module xil_defaultlib.ltlib_v1_0_0_all_typeA__paramete...
Compiling module xil_defaultlib.ltlib_v1_0_0_allx_typeA__paramet...
Compiling module xil_defaultlib.ltlib_v1_0_0_match__parameterize...
Compiling module xil_defaultlib.ltlib_v1_0_0_all_typeA_slice__pa...
Compiling module xil_defaultlib.ltlib_v1_0_0_all_typeA__paramete...
Compiling module xil_defaultlib.ltlib_v1_0_0_allx_typeA__paramet...
Compiling module xil_defaultlib.ltlib_v1_0_0_match__parameterize...
Compiling module xil_defaultlib.ltlib_v1_0_0_all_typeA_slice__pa...
Compiling module xil_defaultlib.ltlib_v1_0_0_all_typeA__paramete...
Compiling module xil_defaultlib.ltlib_v1_0_0_allx_typeA__paramet...
Compiling module xil_defaultlib.ltlib_v1_0_0_match__parameterize...
Compiling module xil_defaultlib.ltlib_v1_0_0_all_typeA_slice__pa...
Compiling module xil_defaultlib.ltlib_v1_0_0_all_typeA__paramete...
Compiling module xil_defaultlib.ltlib_v1_0_0_allx_typeA__paramet...
Compiling module xil_defaultlib.ltlib_v1_0_0_match__parameterize...
Compiling module xil_defaultlib.ltlib_v1_0_0_all_typeA_slice__pa...
Compiling module xil_defaultlib.ltlib_v1_0_0_all_typeA__paramete...
Compiling module xil_defaultlib.ltlib_v1_0_0_allx_typeA__paramet...
Compiling module xil_defaultlib.ltlib_v1_0_0_match__parameterize...
Compiling module xil_defaultlib.ltlib_v1_0_0_all_typeA_slice__pa...
Compiling module xil_defaultlib.ltlib_v1_0_0_all_typeA__paramete...
Compiling module xil_defaultlib.ltlib_v1_0_0_allx_typeA__paramet...
Compiling module xil_defaultlib.ltlib_v1_0_0_match__parameterize...
Compiling module xil_defaultlib.ltlib_v1_0_0_all_typeA_slice__pa...
Compiling module xil_defaultlib.ltlib_v1_0_0_all_typeA__paramete...
Compiling module xil_defaultlib.ltlib_v1_0_0_allx_typeA__paramet...
Compiling module xil_defaultlib.ltlib_v1_0_0_match__parameterize...
Compiling module xil_defaultlib.ltlib_v1_0_0_all_typeA_slice__pa...
Compiling module xil_defaultlib.ltlib_v1_0_0_all_typeA__paramete...
Compiling module xil_defaultlib.ltlib_v1_0_0_allx_typeA__paramet...
Compiling module xil_defaultlib.ltlib_v1_0_0_match__parameterize...
Compiling module xil_defaultlib.ltlib_v1_0_0_all_typeA_slice__pa...
Compiling module xil_defaultlib.ltlib_v1_0_0_all_typeA__paramete...
Compiling module xil_defaultlib.ltlib_v1_0_0_allx_typeA__paramet...
Compiling module xil_defaultlib.ltlib_v1_0_0_match__parameterize...
Compiling module xil_defaultlib.ltlib_v1_0_0_all_typeA_slice__pa...
Compiling module xil_defaultlib.ltlib_v1_0_0_all_typeA__paramete...
Compiling module xil_defaultlib.ltlib_v1_0_0_allx_typeA__paramet...
Compiling module xil_defaultlib.ltlib_v1_0_0_match__parameterize...
Compiling module xil_defaultlib.ltlib_v1_0_0_all_typeA_slice__pa...
Compiling module xil_defaultlib.ltlib_v1_0_0_all_typeA__paramete...
Compiling module xil_defaultlib.ltlib_v1_0_0_allx_typeA__paramet...
Compiling module xil_defaultlib.ltlib_v1_0_0_match__parameterize...
Compiling module xil_defaultlib.ltlib_v1_0_0_all_typeA_slice__pa...
Compiling module xil_defaultlib.ltlib_v1_0_0_all_typeA__paramete...
Compiling module xil_defaultlib.ltlib_v1_0_0_allx_typeA__paramet...
Compiling module xil_defaultlib.ltlib_v1_0_0_match__parameterize...
Compiling module xil_defaultlib.ltlib_v1_0_0_all_typeA_slice__pa...
Compiling module xil_defaultlib.ltlib_v1_0_0_all_typeA__paramete...
Compiling module xil_defaultlib.ltlib_v1_0_0_allx_typeA__paramet...
Compiling module xil_defaultlib.ltlib_v1_0_0_match__parameterize...
Compiling module xil_defaultlib.ltlib_v1_0_0_all_typeA_slice__pa...
Compiling module xil_defaultlib.ltlib_v1_0_0_all_typeA__paramete...
Compiling module xil_defaultlib.ltlib_v1_0_0_allx_typeA__paramet...
Compiling module xil_defaultlib.ltlib_v1_0_0_match__parameterize...
Compiling module xil_defaultlib.ltlib_v1_0_0_all_typeA_slice__pa...
Compiling module xil_defaultlib.ltlib_v1_0_0_all_typeA__paramete...
Compiling module xil_defaultlib.ltlib_v1_0_0_allx_typeA__paramet...
Compiling module xil_defaultlib.ltlib_v1_0_0_match__parameterize...
Compiling module xil_defaultlib.ltlib_v1_0_0_all_typeA_slice__pa...
Compiling module xil_defaultlib.ltlib_v1_0_0_all_typeA__paramete...
Compiling module xil_defaultlib.ltlib_v1_0_0_allx_typeA__paramet...
Compiling module xil_defaultlib.ltlib_v1_0_0_match__parameterize...
Compiling module xil_defaultlib.ltlib_v1_0_0_all_typeA_slice__pa...
Compiling module xil_defaultlib.ltlib_v1_0_0_all_typeA__paramete...
Compiling module xil_defaultlib.ltlib_v1_0_0_allx_typeA__paramet...
Compiling module xil_defaultlib.ltlib_v1_0_0_match__parameterize...
Compiling module xil_defaultlib.ltlib_v1_0_0_all_typeA_slice__pa...
Compiling module xil_defaultlib.ltlib_v1_0_0_all_typeA__paramete...
Compiling module xil_defaultlib.ltlib_v1_0_0_allx_typeA__paramet...
Compiling module xil_defaultlib.ltlib_v1_0_0_match__parameterize...
Compiling module xil_defaultlib.ltlib_v1_0_0_all_typeA_slice__pa...
Compiling module xil_defaultlib.ltlib_v1_0_0_all_typeA__paramete...
Compiling module xil_defaultlib.ltlib_v1_0_0_allx_typeA__paramet...
Compiling module xil_defaultlib.ltlib_v1_0_0_match__parameterize...
Compiling module xil_defaultlib.ltlib_v1_0_0_all_typeA_slice__pa...
Compiling module xil_defaultlib.ltlib_v1_0_0_all_typeA__paramete...
Compiling module xil_defaultlib.ltlib_v1_0_0_allx_typeA__paramet...
Compiling module xil_defaultlib.ltlib_v1_0_0_match__parameterize...
Compiling module xil_defaultlib.ltlib_v1_0_0_all_typeA_slice__pa...
Compiling module xil_defaultlib.ltlib_v1_0_0_all_typeA__paramete...
Compiling module xil_defaultlib.ltlib_v1_0_0_allx_typeA__paramet...
Compiling module xil_defaultlib.ltlib_v1_0_0_match__parameterize...
Compiling module xil_defaultlib.ltlib_v1_0_0_all_typeA_slice__pa...
Compiling module xil_defaultlib.ltlib_v1_0_0_all_typeA__paramete...
Compiling module xil_defaultlib.ltlib_v1_0_0_allx_typeA__paramet...
Compiling module xil_defaultlib.ltlib_v1_0_0_match__parameterize...
Compiling module xil_defaultlib.ltlib_v1_0_0_all_typeA_slice__pa...
Compiling module xil_defaultlib.ltlib_v1_0_0_all_typeA__paramete...
Compiling module xil_defaultlib.ltlib_v1_0_0_allx_typeA__paramet...
Compiling module xil_defaultlib.ltlib_v1_0_0_match__parameterize...
Compiling module xil_defaultlib.ltlib_v1_0_0_all_typeA_slice__pa...
Compiling module xil_defaultlib.ltlib_v1_0_0_all_typeA__paramete...
Compiling module xil_defaultlib.ltlib_v1_0_0_allx_typeA__paramet...
Compiling module xil_defaultlib.ltlib_v1_0_0_match__parameterize...
Compiling module xil_defaultlib.ltlib_v1_0_0_all_typeA_slice__pa...
Compiling module xil_defaultlib.ltlib_v1_0_0_all_typeA__paramete...
Compiling module xil_defaultlib.ltlib_v1_0_0_allx_typeA__paramet...
Compiling module xil_defaultlib.ltlib_v1_0_0_match__parameterize...
Compiling module xil_defaultlib.ltlib_v1_0_0_all_typeA_slice__pa...
Compiling module xil_defaultlib.ltlib_v1_0_0_all_typeA__paramete...
Compiling module xil_defaultlib.ltlib_v1_0_0_allx_typeA__paramet...
Compiling module xil_defaultlib.ltlib_v1_0_0_match__parameterize...
Compiling module xil_defaultlib.ltlib_v1_0_0_all_typeA_slice__pa...
Compiling module xil_defaultlib.ltlib_v1_0_0_all_typeA__paramete...
Compiling module xil_defaultlib.ltlib_v1_0_0_allx_typeA__paramet...
Compiling module xil_defaultlib.ltlib_v1_0_0_match__parameterize...
Compiling module xil_defaultlib.ltlib_v1_0_0_all_typeA_slice__pa...
Compiling module xil_defaultlib.ltlib_v1_0_0_all_typeA__paramete...
Compiling module xil_defaultlib.ltlib_v1_0_0_allx_typeA__paramet...
Compiling module xil_defaultlib.ltlib_v1_0_0_match__parameterize...
Compiling module xil_defaultlib.ltlib_v1_0_0_all_typeA_slice__pa...
Compiling module xil_defaultlib.ltlib_v1_0_0_all_typeA__paramete...
Compiling module xil_defaultlib.ltlib_v1_0_0_allx_typeA__paramet...
Compiling module xil_defaultlib.ltlib_v1_0_0_match__parameterize...
Compiling module xil_defaultlib.ltlib_v1_0_0_all_typeA_slice__pa...
Compiling module xil_defaultlib.ltlib_v1_0_0_all_typeA__paramete...
Compiling module xil_defaultlib.ltlib_v1_0_0_allx_typeA__paramet...
Compiling module xil_defaultlib.ltlib_v1_0_0_match__parameterize...
Compiling module xil_defaultlib.ltlib_v1_0_0_all_typeA_slice__pa...
Compiling module xil_defaultlib.ltlib_v1_0_0_all_typeA__paramete...
Compiling module xil_defaultlib.ltlib_v1_0_0_allx_typeA__paramet...
Compiling module xil_defaultlib.ltlib_v1_0_0_match__parameterize...
Compiling module xil_defaultlib.ltlib_v1_0_0_all_typeA_slice__pa...
Compiling module xil_defaultlib.ltlib_v1_0_0_all_typeA__paramete...
Compiling module xil_defaultlib.ltlib_v1_0_0_allx_typeA__paramet...
Compiling module xil_defaultlib.ltlib_v1_0_0_match__parameterize...
Compiling module xil_defaultlib.ltlib_v1_0_0_all_typeA_slice__pa...
Compiling module xil_defaultlib.ltlib_v1_0_0_all_typeA__paramete...
Compiling module xil_defaultlib.ltlib_v1_0_0_allx_typeA__paramet...
Compiling module xil_defaultlib.ltlib_v1_0_0_match__parameterize...
Compiling module xil_defaultlib.ltlib_v1_0_0_all_typeA_slice__pa...
Compiling module xil_defaultlib.ltlib_v1_0_0_all_typeA__paramete...
Compiling module xil_defaultlib.ltlib_v1_0_0_allx_typeA__paramet...
Compiling module xil_defaultlib.ltlib_v1_0_0_match__parameterize...
Compiling module xil_defaultlib.ltlib_v1_0_0_all_typeA_slice__pa...
Compiling module xil_defaultlib.ltlib_v1_0_0_all_typeA__paramete...
Compiling module xil_defaultlib.ltlib_v1_0_0_allx_typeA__paramet...
Compiling module xil_defaultlib.ltlib_v1_0_0_match__parameterize...
Compiling module xil_defaultlib.ltlib_v1_0_0_all_typeA_slice__pa...
Compiling module xil_defaultlib.ltlib_v1_0_0_all_typeA__paramete...
Compiling module xil_defaultlib.ltlib_v1_0_0_allx_typeA__paramet...
Compiling module xil_defaultlib.ltlib_v1_0_0_match__parameterize...
Compiling module xil_defaultlib.ltlib_v1_0_0_all_typeA_slice__pa...
Compiling module xil_defaultlib.ltlib_v1_0_0_all_typeA__paramete...
Compiling module xil_defaultlib.ltlib_v1_0_0_allx_typeA__paramet...
Compiling module xil_defaultlib.ltlib_v1_0_0_match__parameterize...
Compiling module xil_defaultlib.ltlib_v1_0_0_all_typeA_slice__pa...
Compiling module xil_defaultlib.ltlib_v1_0_0_all_typeA__paramete...
Compiling module xil_defaultlib.ltlib_v1_0_0_allx_typeA__paramet...
Compiling module xil_defaultlib.ltlib_v1_0_0_match__parameterize...
Compiling module xil_defaultlib.ltlib_v1_0_0_all_typeA_slice__pa...
Compiling module xil_defaultlib.ltlib_v1_0_0_all_typeA__paramete...
Compiling module xil_defaultlib.ltlib_v1_0_0_allx_typeA__paramet...
Compiling module xil_defaultlib.ltlib_v1_0_0_match__parameterize...
Compiling module xil_defaultlib.ila_v6_2_9_ila_trig_match
Compiling module xil_defaultlib.ila_v6_2_9_ila_trigger
Compiling module xil_defaultlib.ltlib_v1_0_0_generic_memrd
Compiling module xil_defaultlib.ila_v6_2_9_ila_core
Compiling module xil_defaultlib.ila_v6_2_9_ila
Compiling module xil_defaultlib.u_ila_0
Compiling module xil_defaultlib.TOP_file
Compiling module xil_defaultlib.TOP_file_tb
Compiling module xil_defaultlib.glbl
Built simulation snapshot TOP_file_tb_func_impl
